ERROR - 2022-10-05 01:40:18 --> Error connecting to the database: mysqli_sql_exception: No connection could be made because the target machine actively refused it in C:\laragon\www\sisiger\vendor\codeigniter4\framework\system\Database\MySQLi\Connection.php:171
Stack trace:
#0 C:\laragon\www\sisiger\vendor\codeigniter4\framework\system\Database\MySQLi\Connection.php(171): mysqli->real_connect('localhost', 'root', '', 'siger', 3306, '', 0)
#1 C:\laragon\www\sisiger\vendor\codeigniter4\framework\system\Database\BaseConnection.php(382): CodeIgniter\Database\MySQLi\Connection->connect(false)
#2 C:\laragon\www\sisiger\vendor\codeigniter4\framework\system\Database\BaseConnection.php(588): CodeIgniter\Database\BaseConnection->initialize()
#3 C:\laragon\www\sisiger\app\Helpers\general_helper.php(12): CodeIgniter\Database\BaseConnection->query('SHOW COLUMNS FR...')
#4 C:\laragon\www\sisiger\app\Models\StateModel.php(27): allfields('state')
#5 C:\laragon\www\sisiger\vendor\codeigniter4\framework\system\Config\Factories.php(126): App\Models\StateModel->__construct(NULL)
#6 C:\laragon\www\sisiger\vendor\codeigniter4\framework\system\Config\Factories.php(83): CodeIgniter\Config\Factories::__callStatic('models', Array)
#7 C:\laragon\www\sisiger\vendor\codeigniter4\framework\system\Common.php(817): CodeIgniter\Config\Factories::models('App\\Models\\Stat...', Array, NULL)
#8 C:\laragon\www\sisiger\vendor\codeigniter4\framework\system\RESTful\BaseResource.php(54): model('App\\Models\\Stat...')
#9 C:\laragon\www\sisiger\vendor\codeigniter4\framework\system\RESTful\BaseResource.php(37): CodeIgniter\RESTful\BaseResource->setModel('App\\Models\\Stat...')
#10 C:\laragon\www\sisiger\vendor\codeigniter4\framework\system\CodeIgniter.php(870): CodeIgniter\RESTful\BaseResource->initController(Object(CodeIgniter\HTTP\IncomingRequest), Object(CodeIgniter\HTTP\Response), Object(CodeIgniter\Log\Logger))
#11 C:\laragon\www\sisiger\vendor\codeigniter4\framework\system\CodeIgniter.php(448): CodeIgniter\CodeIgniter->createController()
#12 C:\laragon\www\sisiger\vendor\codeigniter4\framework\system\CodeIgniter.php(340): CodeIgniter\CodeIgniter->handleRequest(NULL, Object(Config\Cache), false)
#13 C:\laragon\www\sisiger\public\index.php(73): CodeIgniter\CodeIgniter->run()
#14 C:\laragon\www\sisiger\vendor\codeigniter4\framework\system\Commands\Server\rewrite.php(43): require_once('C:\\laragon\\www\\...')
#15 {main}

Next CodeIgniter\Database\Exceptions\DatabaseException: No connection could be made because the target machine actively refused it in C:\laragon\www\sisiger\vendor\codeigniter4\framework\system\Database\MySQLi\Connection.php:215
Stack trace:
#0 C:\laragon\www\sisiger\vendor\codeigniter4\framework\system\Database\BaseConnection.php(382): CodeIgniter\Database\MySQLi\Connection->connect(false)
#1 C:\laragon\www\sisiger\vendor\codeigniter4\framework\system\Database\BaseConnection.php(588): CodeIgniter\Database\BaseConnection->initialize()
#2 C:\laragon\www\sisiger\app\Helpers\general_helper.php(12): CodeIgniter\Database\BaseConnection->query('SHOW COLUMNS FR...')
#3 C:\laragon\www\sisiger\app\Models\StateModel.php(27): allfields('state')
#4 C:\laragon\www\sisiger\vendor\codeigniter4\framework\system\Config\Factories.php(126): App\Models\StateModel->__construct(NULL)
#5 C:\laragon\www\sisiger\vendor\codeigniter4\framework\system\Config\Factories.php(83): CodeIgniter\Config\Factories::__callStatic('models', Array)
#6 C:\laragon\www\sisiger\vendor\codeigniter4\framework\system\Common.php(817): CodeIgniter\Config\Factories::models('App\\Models\\Stat...', Array, NULL)
#7 C:\laragon\www\sisiger\vendor\codeigniter4\framework\system\RESTful\BaseResource.php(54): model('App\\Models\\Stat...')
#8 C:\laragon\www\sisiger\vendor\codeigniter4\framework\system\RESTful\BaseResource.php(37): CodeIgniter\RESTful\BaseResource->setModel('App\\Models\\Stat...')
#9 C:\laragon\www\sisiger\vendor\codeigniter4\framework\system\CodeIgniter.php(870): CodeIgniter\RESTful\BaseResource->initController(Object(CodeIgniter\HTTP\IncomingRequest), Object(CodeIgniter\HTTP\Response), Object(CodeIgniter\Log\Logger))
#10 C:\laragon\www\sisiger\vendor\codeigniter4\framework\system\CodeIgniter.php(448): CodeIgniter\CodeIgniter->createController()
#11 C:\laragon\www\sisiger\vendor\codeigniter4\framework\system\CodeIgniter.php(340): CodeIgniter\CodeIgniter->handleRequest(NULL, Object(Config\Cache), false)
#12 C:\laragon\www\sisiger\public\index.php(73): CodeIgniter\CodeIgniter->run()
#13 C:\laragon\www\sisiger\vendor\codeigniter4\framework\system\Commands\Server\rewrite.php(43): require_once('C:\\laragon\\www\\...')
#14 {main}
CRITICAL - 2022-10-05 01:40:18 --> Unable to connect to the database.
Main connection [MySQLi]: No connection could be made because the target machine actively refused it
in SYSTEMPATH\Database\BaseConnection.php on line 418.
 1 SYSTEMPATH\Database\BaseConnection.php(588): CodeIgniter\Database\BaseConnection->initialize()
 2 APPPATH\Helpers\general_helper.php(12): CodeIgniter\Database\BaseConnection->query('SHOW COLUMNS FROM state;')
 3 APPPATH\Models\StateModel.php(27): allfields('state')
 4 SYSTEMPATH\Config\Factories.php(126): App\Models\StateModel->__construct(null)
 5 SYSTEMPATH\Config\Factories.php(83): CodeIgniter\Config\Factories::__callStatic('models', [...])
 6 SYSTEMPATH\Common.php(817): CodeIgniter\Config\Factories::models('App\\Models\\StateModel', [...], null)
 7 SYSTEMPATH\RESTful\BaseResource.php(54): model('App\\Models\\StateModel')
 8 SYSTEMPATH\RESTful\BaseResource.php(37): CodeIgniter\RESTful\BaseResource->setModel('App\\Models\\StateModel')
 9 SYSTEMPATH\CodeIgniter.php(870): CodeIgniter\RESTful\BaseResource->initController(Object(CodeIgniter\HTTP\IncomingRequest), Object(CodeIgniter\HTTP\Response), Object(CodeIgniter\Log\Logger))
10 SYSTEMPATH\CodeIgniter.php(448): CodeIgniter\CodeIgniter->createController()
11 SYSTEMPATH\CodeIgniter.php(340): CodeIgniter\CodeIgniter->handleRequest(null, Object(Config\Cache), false)
12 FCPATH\index.php(73): CodeIgniter\CodeIgniter->run()
13 SYSTEMPATH\Commands\Server\rewrite.php(43): require_once('FCPATH\\index.php')
ERROR - 2022-10-05 01:40:49 --> Error connecting to the database: mysqli_sql_exception: No connection could be made because the target machine actively refused it in C:\laragon\www\sisiger\vendor\codeigniter4\framework\system\Database\MySQLi\Connection.php:171
Stack trace:
#0 C:\laragon\www\sisiger\vendor\codeigniter4\framework\system\Database\MySQLi\Connection.php(171): mysqli->real_connect('localhost', 'root', '', 'siger', 3306, '', 0)
#1 C:\laragon\www\sisiger\vendor\codeigniter4\framework\system\Database\BaseConnection.php(382): CodeIgniter\Database\MySQLi\Connection->connect(false)
#2 C:\laragon\www\sisiger\vendor\codeigniter4\framework\system\Database\BaseConnection.php(588): CodeIgniter\Database\BaseConnection->initialize()
#3 C:\laragon\www\sisiger\app\Helpers\general_helper.php(12): CodeIgniter\Database\BaseConnection->query('SHOW COLUMNS FR...')
#4 C:\laragon\www\sisiger\app\Models\StateModel.php(27): allfields('state')
#5 C:\laragon\www\sisiger\vendor\codeigniter4\framework\system\Config\Factories.php(126): App\Models\StateModel->__construct(NULL)
#6 C:\laragon\www\sisiger\vendor\codeigniter4\framework\system\Config\Factories.php(83): CodeIgniter\Config\Factories::__callStatic('models', Array)
#7 C:\laragon\www\sisiger\vendor\codeigniter4\framework\system\Common.php(817): CodeIgniter\Config\Factories::models('App\\Models\\Stat...', Array, NULL)
#8 C:\laragon\www\sisiger\vendor\codeigniter4\framework\system\RESTful\BaseResource.php(54): model('App\\Models\\Stat...')
#9 C:\laragon\www\sisiger\vendor\codeigniter4\framework\system\RESTful\BaseResource.php(37): CodeIgniter\RESTful\BaseResource->setModel('App\\Models\\Stat...')
#10 C:\laragon\www\sisiger\vendor\codeigniter4\framework\system\CodeIgniter.php(870): CodeIgniter\RESTful\BaseResource->initController(Object(CodeIgniter\HTTP\IncomingRequest), Object(CodeIgniter\HTTP\Response), Object(CodeIgniter\Log\Logger))
#11 C:\laragon\www\sisiger\vendor\codeigniter4\framework\system\CodeIgniter.php(448): CodeIgniter\CodeIgniter->createController()
#12 C:\laragon\www\sisiger\vendor\codeigniter4\framework\system\CodeIgniter.php(340): CodeIgniter\CodeIgniter->handleRequest(NULL, Object(Config\Cache), false)
#13 C:\laragon\www\sisiger\public\index.php(73): CodeIgniter\CodeIgniter->run()
#14 C:\laragon\www\sisiger\vendor\codeigniter4\framework\system\Commands\Server\rewrite.php(43): require_once('C:\\laragon\\www\\...')
#15 {main}

Next CodeIgniter\Database\Exceptions\DatabaseException: No connection could be made because the target machine actively refused it in C:\laragon\www\sisiger\vendor\codeigniter4\framework\system\Database\MySQLi\Connection.php:215
Stack trace:
#0 C:\laragon\www\sisiger\vendor\codeigniter4\framework\system\Database\BaseConnection.php(382): CodeIgniter\Database\MySQLi\Connection->connect(false)
#1 C:\laragon\www\sisiger\vendor\codeigniter4\framework\system\Database\BaseConnection.php(588): CodeIgniter\Database\BaseConnection->initialize()
#2 C:\laragon\www\sisiger\app\Helpers\general_helper.php(12): CodeIgniter\Database\BaseConnection->query('SHOW COLUMNS FR...')
#3 C:\laragon\www\sisiger\app\Models\StateModel.php(27): allfields('state')
#4 C:\laragon\www\sisiger\vendor\codeigniter4\framework\system\Config\Factories.php(126): App\Models\StateModel->__construct(NULL)
#5 C:\laragon\www\sisiger\vendor\codeigniter4\framework\system\Config\Factories.php(83): CodeIgniter\Config\Factories::__callStatic('models', Array)
#6 C:\laragon\www\sisiger\vendor\codeigniter4\framework\system\Common.php(817): CodeIgniter\Config\Factories::models('App\\Models\\Stat...', Array, NULL)
#7 C:\laragon\www\sisiger\vendor\codeigniter4\framework\system\RESTful\BaseResource.php(54): model('App\\Models\\Stat...')
#8 C:\laragon\www\sisiger\vendor\codeigniter4\framework\system\RESTful\BaseResource.php(37): CodeIgniter\RESTful\BaseResource->setModel('App\\Models\\Stat...')
#9 C:\laragon\www\sisiger\vendor\codeigniter4\framework\system\CodeIgniter.php(870): CodeIgniter\RESTful\BaseResource->initController(Object(CodeIgniter\HTTP\IncomingRequest), Object(CodeIgniter\HTTP\Response), Object(CodeIgniter\Log\Logger))
#10 C:\laragon\www\sisiger\vendor\codeigniter4\framework\system\CodeIgniter.php(448): CodeIgniter\CodeIgniter->createController()
#11 C:\laragon\www\sisiger\vendor\codeigniter4\framework\system\CodeIgniter.php(340): CodeIgniter\CodeIgniter->handleRequest(NULL, Object(Config\Cache), false)
#12 C:\laragon\www\sisiger\public\index.php(73): CodeIgniter\CodeIgniter->run()
#13 C:\laragon\www\sisiger\vendor\codeigniter4\framework\system\Commands\Server\rewrite.php(43): require_once('C:\\laragon\\www\\...')
#14 {main}
CRITICAL - 2022-10-05 01:40:49 --> Unable to connect to the database.
Main connection [MySQLi]: No connection could be made because the target machine actively refused it
in SYSTEMPATH\Database\BaseConnection.php on line 418.
 1 SYSTEMPATH\Database\BaseConnection.php(588): CodeIgniter\Database\BaseConnection->initialize()
 2 APPPATH\Helpers\general_helper.php(12): CodeIgniter\Database\BaseConnection->query('SHOW COLUMNS FROM state;')
 3 APPPATH\Models\StateModel.php(27): allfields('state')
 4 SYSTEMPATH\Config\Factories.php(126): App\Models\StateModel->__construct(null)
 5 SYSTEMPATH\Config\Factories.php(83): CodeIgniter\Config\Factories::__callStatic('models', [...])
 6 SYSTEMPATH\Common.php(817): CodeIgniter\Config\Factories::models('App\\Models\\StateModel', [...], null)
 7 SYSTEMPATH\RESTful\BaseResource.php(54): model('App\\Models\\StateModel')
 8 SYSTEMPATH\RESTful\BaseResource.php(37): CodeIgniter\RESTful\BaseResource->setModel('App\\Models\\StateModel')
 9 SYSTEMPATH\CodeIgniter.php(870): CodeIgniter\RESTful\BaseResource->initController(Object(CodeIgniter\HTTP\IncomingRequest), Object(CodeIgniter\HTTP\Response), Object(CodeIgniter\Log\Logger))
10 SYSTEMPATH\CodeIgniter.php(448): CodeIgniter\CodeIgniter->createController()
11 SYSTEMPATH\CodeIgniter.php(340): CodeIgniter\CodeIgniter->handleRequest(null, Object(Config\Cache), false)
12 FCPATH\index.php(73): CodeIgniter\CodeIgniter->run()
13 SYSTEMPATH\Commands\Server\rewrite.php(43): require_once('FCPATH\\index.php')
ERROR - 2022-10-05 08:23:36 --> Error connecting to the database: mysqli_sql_exception: No connection could be made because the target machine actively refused it in C:\laragon\www\sisiger\vendor\codeigniter4\framework\system\Database\MySQLi\Connection.php:171
Stack trace:
#0 C:\laragon\www\sisiger\vendor\codeigniter4\framework\system\Database\MySQLi\Connection.php(171): mysqli->real_connect('localhost', 'root', '', 'siger', 3306, '', 0)
#1 C:\laragon\www\sisiger\vendor\codeigniter4\framework\system\Database\BaseConnection.php(382): CodeIgniter\Database\MySQLi\Connection->connect(false)
#2 C:\laragon\www\sisiger\vendor\codeigniter4\framework\system\Database\BaseConnection.php(588): CodeIgniter\Database\BaseConnection->initialize()
#3 C:\laragon\www\sisiger\app\Helpers\general_helper.php(12): CodeIgniter\Database\BaseConnection->query('SHOW COLUMNS FR...')
#4 C:\laragon\www\sisiger\app\Models\LikeTourModel.php(27): allfields('like_tour')
#5 C:\laragon\www\sisiger\app\Controllers\TourController.php(21): App\Models\LikeTourModel->__construct()
#6 C:\laragon\www\sisiger\vendor\codeigniter4\framework\system\CodeIgniter.php(869): App\Controllers\TourController->__construct()
#7 C:\laragon\www\sisiger\vendor\codeigniter4\framework\system\CodeIgniter.php(448): CodeIgniter\CodeIgniter->createController()
#8 C:\laragon\www\sisiger\vendor\codeigniter4\framework\system\CodeIgniter.php(340): CodeIgniter\CodeIgniter->handleRequest(NULL, Object(Config\Cache), false)
#9 C:\laragon\www\sisiger\public\index.php(73): CodeIgniter\CodeIgniter->run()
#10 C:\laragon\www\sisiger\vendor\codeigniter4\framework\system\Commands\Server\rewrite.php(43): require_once('C:\\laragon\\www\\...')
#11 {main}

Next CodeIgniter\Database\Exceptions\DatabaseException: No connection could be made because the target machine actively refused it in C:\laragon\www\sisiger\vendor\codeigniter4\framework\system\Database\MySQLi\Connection.php:215
Stack trace:
#0 C:\laragon\www\sisiger\vendor\codeigniter4\framework\system\Database\BaseConnection.php(382): CodeIgniter\Database\MySQLi\Connection->connect(false)
#1 C:\laragon\www\sisiger\vendor\codeigniter4\framework\system\Database\BaseConnection.php(588): CodeIgniter\Database\BaseConnection->initialize()
#2 C:\laragon\www\sisiger\app\Helpers\general_helper.php(12): CodeIgniter\Database\BaseConnection->query('SHOW COLUMNS FR...')
#3 C:\laragon\www\sisiger\app\Models\LikeTourModel.php(27): allfields('like_tour')
#4 C:\laragon\www\sisiger\app\Controllers\TourController.php(21): App\Models\LikeTourModel->__construct()
#5 C:\laragon\www\sisiger\vendor\codeigniter4\framework\system\CodeIgniter.php(869): App\Controllers\TourController->__construct()
#6 C:\laragon\www\sisiger\vendor\codeigniter4\framework\system\CodeIgniter.php(448): CodeIgniter\CodeIgniter->createController()
#7 C:\laragon\www\sisiger\vendor\codeigniter4\framework\system\CodeIgniter.php(340): CodeIgniter\CodeIgniter->handleRequest(NULL, Object(Config\Cache), false)
#8 C:\laragon\www\sisiger\public\index.php(73): CodeIgniter\CodeIgniter->run()
#9 C:\laragon\www\sisiger\vendor\codeigniter4\framework\system\Commands\Server\rewrite.php(43): require_once('C:\\laragon\\www\\...')
#10 {main}
CRITICAL - 2022-10-05 08:23:36 --> Unable to connect to the database.
Main connection [MySQLi]: No connection could be made because the target machine actively refused it
in SYSTEMPATH\Database\BaseConnection.php on line 418.
 1 SYSTEMPATH\Database\BaseConnection.php(588): CodeIgniter\Database\BaseConnection->initialize()
 2 APPPATH\Helpers\general_helper.php(12): CodeIgniter\Database\BaseConnection->query('SHOW COLUMNS FROM like_tour;')
 3 APPPATH\Models\LikeTourModel.php(27): allfields('like_tour')
 4 APPPATH\Controllers\TourController.php(21): App\Models\LikeTourModel->__construct()
 5 SYSTEMPATH\CodeIgniter.php(869): App\Controllers\TourController->__construct()
 6 SYSTEMPATH\CodeIgniter.php(448): CodeIgniter\CodeIgniter->createController()
 7 SYSTEMPATH\CodeIgniter.php(340): CodeIgniter\CodeIgniter->handleRequest(null, Object(Config\Cache), false)
 8 FCPATH\index.php(73): CodeIgniter\CodeIgniter->run()
 9 SYSTEMPATH\Commands\Server\rewrite.php(43): require_once('FCPATH\\index.php')
CRITICAL - 2022-10-05 08:36:45 --> CodeIgniter\BaseModel::findAll(): Argument #1 ($limit) must be of type int, null given, called in C:\laragon\www\sisiger\app\Controllers\TourController.php on line 240
in SYSTEMPATH\BaseModel.php on line 567.
 1 APPPATH\Controllers\TourController.php(240): CodeIgniter\BaseModel->findAll(null)
 2 SYSTEMPATH\CodeIgniter.php(907): App\Controllers\TourController->populerTour()
 3 SYSTEMPATH\CodeIgniter.php(457): CodeIgniter\CodeIgniter->runController(Object(App\Controllers\TourController))
 4 SYSTEMPATH\CodeIgniter.php(340): CodeIgniter\CodeIgniter->handleRequest(null, Object(Config\Cache), false)
 5 FCPATH\index.php(73): CodeIgniter\CodeIgniter->run()
 6 SYSTEMPATH\Commands\Server\rewrite.php(43): require_once('FCPATH\\index.php')
CRITICAL - 2022-10-05 08:36:49 --> CodeIgniter\BaseModel::findAll(): Argument #1 ($limit) must be of type int, null given, called in C:\laragon\www\sisiger\app\Controllers\TourController.php on line 240
in SYSTEMPATH\BaseModel.php on line 567.
 1 APPPATH\Controllers\TourController.php(240): CodeIgniter\BaseModel->findAll(null)
 2 SYSTEMPATH\CodeIgniter.php(907): App\Controllers\TourController->populerTour()
 3 SYSTEMPATH\CodeIgniter.php(457): CodeIgniter\CodeIgniter->runController(Object(App\Controllers\TourController))
 4 SYSTEMPATH\CodeIgniter.php(340): CodeIgniter\CodeIgniter->handleRequest(null, Object(Config\Cache), false)
 5 FCPATH\index.php(73): CodeIgniter\CodeIgniter->run()
 6 SYSTEMPATH\Commands\Server\rewrite.php(43): require_once('FCPATH\\index.php')
CRITICAL - 2022-10-05 08:38:24 --> CodeIgniter\BaseModel::findAll(): Argument #1 ($limit) must be of type int, string given, called in C:\laragon\www\sisiger\app\Controllers\TourController.php on line 240
in SYSTEMPATH\BaseModel.php on line 567.
 1 APPPATH\Controllers\TourController.php(240): CodeIgniter\BaseModel->findAll('ROOTPATH\\public')
 2 SYSTEMPATH\CodeIgniter.php(907): App\Controllers\TourController->populerTour()
 3 SYSTEMPATH\CodeIgniter.php(457): CodeIgniter\CodeIgniter->runController(Object(App\Controllers\TourController))
 4 SYSTEMPATH\CodeIgniter.php(340): CodeIgniter\CodeIgniter->handleRequest(null, Object(Config\Cache), false)
 5 FCPATH\index.php(73): CodeIgniter\CodeIgniter->run()
 6 SYSTEMPATH\Commands\Server\rewrite.php(43): require_once('FCPATH\\index.php')
ERROR - 2022-10-05 11:47:57 --> mysqli_sql_exception: Unknown column 'hotel.stateCode' in 'where clause' in C:\laragon\www\sisiger\vendor\codeigniter4\framework\system\Database\MySQLi\Connection.php:292
Stack trace:
#0 C:\laragon\www\sisiger\vendor\codeigniter4\framework\system\Database\MySQLi\Connection.php(292): mysqli->query('SELECT `medical...', 0)
#1 C:\laragon\www\sisiger\vendor\codeigniter4\framework\system\Database\BaseConnection.php(693): CodeIgniter\Database\MySQLi\Connection->execute('SELECT `medical...')
#2 C:\laragon\www\sisiger\vendor\codeigniter4\framework\system\Database\BaseConnection.php(620): CodeIgniter\Database\BaseConnection->simpleQuery('SELECT `medical...')
#3 C:\laragon\www\sisiger\vendor\codeigniter4\framework\system\Database\BaseBuilder.php(1585): CodeIgniter\Database\BaseConnection->query('SELECT `medical...', Array, false)
#4 C:\laragon\www\sisiger\vendor\codeigniter4\framework\system\Model.php(223): CodeIgniter\Database\BaseBuilder->get()
#5 C:\laragon\www\sisiger\vendor\codeigniter4\framework\system\BaseModel.php(584): CodeIgniter\Model->doFindAll(0, 0)
#6 C:\laragon\www\sisiger\app\Controllers\MedicalFacilityController.php(35): CodeIgniter\BaseModel->findAll()
#7 C:\laragon\www\sisiger\vendor\codeigniter4\framework\system\CodeIgniter.php(907): App\Controllers\MedicalFacilityController->show('1')
#8 C:\laragon\www\sisiger\vendor\codeigniter4\framework\system\CodeIgniter.php(457): CodeIgniter\CodeIgniter->runController(Object(App\Controllers\MedicalFacilityController))
#9 C:\laragon\www\sisiger\vendor\codeigniter4\framework\system\CodeIgniter.php(340): CodeIgniter\CodeIgniter->handleRequest(NULL, Object(Config\Cache), false)
#10 C:\laragon\www\sisiger\public\index.php(73): CodeIgniter\CodeIgniter->run()
#11 C:\laragon\www\sisiger\vendor\codeigniter4\framework\system\Commands\Server\rewrite.php(43): require_once('C:\\laragon\\www\\...')
#12 {main}
CRITICAL - 2022-10-05 11:47:57 --> Unknown column 'hotel.stateCode' in 'where clause'
in SYSTEMPATH\Database\MySQLi\Connection.php on line 292.
 1 SYSTEMPATH\Database\MySQLi\Connection.php(292): mysqli->query('SELECT `medical_facility`.*, COUNT(like_medical_facility.`mfCode`) AS \'like\', COUNT(comment_medical_facility.`mfCode`) AS \'comment\'
FROM `medical_facility`
LEFT JOIN `like_medical_facility` ON like_medical_facility.`mfCode`=medical_facility.`mfCode`
LEFT JOIN `comment_medical_facility` ON like_medical_facility.`mfCode`= comment_medical_facility.`mfCode`
WHERE `hotel`.`stateCode` = \'1\'
AND `medical_facility`.`deleteAt` IS NULL
GROUP BY `medical_facility`.`mfCode`', 0)
 2 SYSTEMPATH\Database\BaseConnection.php(693): CodeIgniter\Database\MySQLi\Connection->execute('SELECT `medical_facility`.*, COUNT(like_medical_facility.`mfCode`) AS \'like\', COUNT(comment_medical_facility.`mfCode`) AS \'comment\'
FROM `medical_facility`
LEFT JOIN `like_medical_facility` ON like_medical_facility.`mfCode`=medical_facility.`mfCode`
LEFT JOIN `comment_medical_facility` ON like_medical_facility.`mfCode`= comment_medical_facility.`mfCode`
WHERE `hotel`.`stateCode` = \'1\'
AND `medical_facility`.`deleteAt` IS NULL
GROUP BY `medical_facility`.`mfCode`')
 3 SYSTEMPATH\Database\BaseConnection.php(620): CodeIgniter\Database\BaseConnection->simpleQuery('SELECT `medical_facility`.*, COUNT(like_medical_facility.`mfCode`) AS \'like\', COUNT(comment_medical_facility.`mfCode`) AS \'comment\'
FROM `medical_facility`
LEFT JOIN `like_medical_facility` ON like_medical_facility.`mfCode`=medical_facility.`mfCode`
LEFT JOIN `comment_medical_facility` ON like_medical_facility.`mfCode`= comment_medical_facility.`mfCode`
WHERE `hotel`.`stateCode` = \'1\'
AND `medical_facility`.`deleteAt` IS NULL
GROUP BY `medical_facility`.`mfCode`')
 4 SYSTEMPATH\Database\BaseBuilder.php(1585): CodeIgniter\Database\BaseConnection->query('SELECT `medical_facility`.*, COUNT(like_medical_facility.`mfCode`) AS \'like\', COUNT(comment_medical_facility.`mfCode`) AS \'comment\'
FROM `medical_facility`
LEFT JOIN `like_medical_facility` ON like_medical_facility.`mfCode`=medical_facility.`mfCode`
LEFT JOIN `comment_medical_facility` ON like_medical_facility.`mfCode`= comment_medical_facility.`mfCode`
WHERE `hotel`.`stateCode` = :hotel.stateCode:
AND `medical_facility`.`deleteAt` IS NULL
GROUP BY `medical_facility`.`mfCode`', [...], false)
 5 SYSTEMPATH\Model.php(223): CodeIgniter\Database\BaseBuilder->get()
 6 SYSTEMPATH\BaseModel.php(584): CodeIgniter\Model->doFindAll(0, 0)
 7 APPPATH\Controllers\MedicalFacilityController.php(35): CodeIgniter\BaseModel->findAll()
 8 SYSTEMPATH\CodeIgniter.php(907): App\Controllers\MedicalFacilityController->show('1')
 9 SYSTEMPATH\CodeIgniter.php(457): CodeIgniter\CodeIgniter->runController(Object(App\Controllers\MedicalFacilityController))
10 SYSTEMPATH\CodeIgniter.php(340): CodeIgniter\CodeIgniter->handleRequest(null, Object(Config\Cache), false)
11 FCPATH\index.php(73): CodeIgniter\CodeIgniter->run()
12 SYSTEMPATH\Commands\Server\rewrite.php(43): require_once('FCPATH\\index.php')
