ERROR - 2022-10-02 21:06:26 --> mysqli_sql_exception: Table 'siger.like_trou' doesn't exist in C:\laragon\www\sisiger\vendor\codeigniter4\framework\system\Database\MySQLi\Connection.php:292
Stack trace:
#0 C:\laragon\www\sisiger\vendor\codeigniter4\framework\system\Database\MySQLi\Connection.php(292): mysqli->query('SHOW COLUMNS FR...', 0)
#1 C:\laragon\www\sisiger\vendor\codeigniter4\framework\system\Database\BaseConnection.php(693): CodeIgniter\Database\MySQLi\Connection->execute('SHOW COLUMNS FR...')
#2 C:\laragon\www\sisiger\vendor\codeigniter4\framework\system\Database\BaseConnection.php(620): CodeIgniter\Database\BaseConnection->simpleQuery('SHOW COLUMNS FR...')
#3 C:\laragon\www\sisiger\app\Helpers\general_helper.php(12): CodeIgniter\Database\BaseConnection->query('SHOW COLUMNS FR...')
#4 C:\laragon\www\sisiger\app\Models\LikeTourModel.php(27): allfields('like_trou')
#5 C:\laragon\www\sisiger\app\Controllers\TourController.php(21): App\Models\LikeTourModel->__construct()
#6 C:\laragon\www\sisiger\vendor\codeigniter4\framework\system\CodeIgniter.php(869): App\Controllers\TourController->__construct()
#7 C:\laragon\www\sisiger\vendor\codeigniter4\framework\system\CodeIgniter.php(448): CodeIgniter\CodeIgniter->createController()
#8 C:\laragon\www\sisiger\vendor\codeigniter4\framework\system\CodeIgniter.php(340): CodeIgniter\CodeIgniter->handleRequest(NULL, Object(Config\Cache), false)
#9 C:\laragon\www\sisiger\public\index.php(73): CodeIgniter\CodeIgniter->run()
#10 C:\laragon\www\sisiger\vendor\codeigniter4\framework\system\Commands\Server\rewrite.php(43): require_once('C:\\laragon\\www\\...')
#11 {main}
CRITICAL - 2022-10-02 21:06:26 --> Table 'siger.like_trou' doesn't exist
in SYSTEMPATH\Database\MySQLi\Connection.php on line 292.
 1 SYSTEMPATH\Database\MySQLi\Connection.php(292): mysqli->query('SHOW COLUMNS FROM like_trou;', 0)
 2 SYSTEMPATH\Database\BaseConnection.php(693): CodeIgniter\Database\MySQLi\Connection->execute('SHOW COLUMNS FROM like_trou;')
 3 SYSTEMPATH\Database\BaseConnection.php(620): CodeIgniter\Database\BaseConnection->simpleQuery('SHOW COLUMNS FROM like_trou;')
 4 APPPATH\Helpers\general_helper.php(12): CodeIgniter\Database\BaseConnection->query('SHOW COLUMNS FROM like_trou;')
 5 APPPATH\Models\LikeTourModel.php(27): allfields('like_trou')
 6 APPPATH\Controllers\TourController.php(21): App\Models\LikeTourModel->__construct()
 7 SYSTEMPATH\CodeIgniter.php(869): App\Controllers\TourController->__construct()
 8 SYSTEMPATH\CodeIgniter.php(448): CodeIgniter\CodeIgniter->createController()
 9 SYSTEMPATH\CodeIgniter.php(340): CodeIgniter\CodeIgniter->handleRequest(null, Object(Config\Cache), false)
10 FCPATH\index.php(73): CodeIgniter\CodeIgniter->run()
11 SYSTEMPATH\Commands\Server\rewrite.php(43): require_once('FCPATH\\index.php')
ERROR - 2022-10-02 21:06:47 --> mysqli_sql_exception: Table 'siger.like_trou' doesn't exist in C:\laragon\www\sisiger\vendor\codeigniter4\framework\system\Database\MySQLi\Connection.php:292
Stack trace:
#0 C:\laragon\www\sisiger\vendor\codeigniter4\framework\system\Database\MySQLi\Connection.php(292): mysqli->query('SHOW COLUMNS FR...', 0)
#1 C:\laragon\www\sisiger\vendor\codeigniter4\framework\system\Database\BaseConnection.php(693): CodeIgniter\Database\MySQLi\Connection->execute('SHOW COLUMNS FR...')
#2 C:\laragon\www\sisiger\vendor\codeigniter4\framework\system\Database\BaseConnection.php(620): CodeIgniter\Database\BaseConnection->simpleQuery('SHOW COLUMNS FR...')
#3 C:\laragon\www\sisiger\app\Helpers\general_helper.php(12): CodeIgniter\Database\BaseConnection->query('SHOW COLUMNS FR...')
#4 C:\laragon\www\sisiger\app\Models\LikeTourModel.php(27): allfields('like_trou')
#5 C:\laragon\www\sisiger\app\Controllers\TourController.php(21): App\Models\LikeTourModel->__construct()
#6 C:\laragon\www\sisiger\vendor\codeigniter4\framework\system\CodeIgniter.php(869): App\Controllers\TourController->__construct()
#7 C:\laragon\www\sisiger\vendor\codeigniter4\framework\system\CodeIgniter.php(448): CodeIgniter\CodeIgniter->createController()
#8 C:\laragon\www\sisiger\vendor\codeigniter4\framework\system\CodeIgniter.php(340): CodeIgniter\CodeIgniter->handleRequest(NULL, Object(Config\Cache), false)
#9 C:\laragon\www\sisiger\public\index.php(73): CodeIgniter\CodeIgniter->run()
#10 C:\laragon\www\sisiger\vendor\codeigniter4\framework\system\Commands\Server\rewrite.php(43): require_once('C:\\laragon\\www\\...')
#11 {main}
CRITICAL - 2022-10-02 21:06:47 --> Table 'siger.like_trou' doesn't exist
in SYSTEMPATH\Database\MySQLi\Connection.php on line 292.
 1 SYSTEMPATH\Database\MySQLi\Connection.php(292): mysqli->query('SHOW COLUMNS FROM like_trou;', 0)
 2 SYSTEMPATH\Database\BaseConnection.php(693): CodeIgniter\Database\MySQLi\Connection->execute('SHOW COLUMNS FROM like_trou;')
 3 SYSTEMPATH\Database\BaseConnection.php(620): CodeIgniter\Database\BaseConnection->simpleQuery('SHOW COLUMNS FROM like_trou;')
 4 APPPATH\Helpers\general_helper.php(12): CodeIgniter\Database\BaseConnection->query('SHOW COLUMNS FROM like_trou;')
 5 APPPATH\Models\LikeTourModel.php(27): allfields('like_trou')
 6 APPPATH\Controllers\TourController.php(21): App\Models\LikeTourModel->__construct()
 7 SYSTEMPATH\CodeIgniter.php(869): App\Controllers\TourController->__construct()
 8 SYSTEMPATH\CodeIgniter.php(448): CodeIgniter\CodeIgniter->createController()
 9 SYSTEMPATH\CodeIgniter.php(340): CodeIgniter\CodeIgniter->handleRequest(null, Object(Config\Cache), false)
10 FCPATH\index.php(73): CodeIgniter\CodeIgniter->run()
11 SYSTEMPATH\Commands\Server\rewrite.php(43): require_once('FCPATH\\index.php')
ERROR - 2022-10-02 21:30:16 --> mysqli_sql_exception: Unknown column 'jumlah_like' in 'order clause' in C:\laragon\www\sisiger\vendor\codeigniter4\framework\system\Database\MySQLi\Connection.php:292
Stack trace:
#0 C:\laragon\www\sisiger\vendor\codeigniter4\framework\system\Database\MySQLi\Connection.php(292): mysqli->query('SELECT tourCode...', 0)
#1 C:\laragon\www\sisiger\vendor\codeigniter4\framework\system\Database\BaseConnection.php(693): CodeIgniter\Database\MySQLi\Connection->execute('SELECT tourCode...')
#2 C:\laragon\www\sisiger\vendor\codeigniter4\framework\system\Database\BaseConnection.php(620): CodeIgniter\Database\BaseConnection->simpleQuery('SELECT tourCode...')
#3 C:\laragon\www\sisiger\app\Controllers\TourController.php(238): CodeIgniter\Database\BaseConnection->query('SELECT tourCode...')
#4 C:\laragon\www\sisiger\vendor\codeigniter4\framework\system\CodeIgniter.php(907): App\Controllers\TourController->populerTour()
#5 C:\laragon\www\sisiger\vendor\codeigniter4\framework\system\CodeIgniter.php(457): CodeIgniter\CodeIgniter->runController(Object(App\Controllers\TourController))
#6 C:\laragon\www\sisiger\vendor\codeigniter4\framework\system\CodeIgniter.php(340): CodeIgniter\CodeIgniter->handleRequest(NULL, Object(Config\Cache), false)
#7 C:\laragon\www\sisiger\public\index.php(73): CodeIgniter\CodeIgniter->run()
#8 C:\laragon\www\sisiger\vendor\codeigniter4\framework\system\Commands\Server\rewrite.php(43): require_once('C:\\laragon\\www\\...')
#9 {main}
CRITICAL - 2022-10-02 21:30:16 --> Unknown column 'jumlah_like' in 'order clause'
in SYSTEMPATH\Database\MySQLi\Connection.php on line 292.
 1 SYSTEMPATH\Database\MySQLi\Connection.php(292): mysqli->query('SELECT tourCode, count(tourCode) AS jumlah FROM like_tour GROUP BY tourCode ORDER BY jumlah_like DESC LIMIT 10', 0)
 2 SYSTEMPATH\Database\BaseConnection.php(693): CodeIgniter\Database\MySQLi\Connection->execute('SELECT tourCode, count(tourCode) AS jumlah FROM like_tour GROUP BY tourCode ORDER BY jumlah_like DESC LIMIT 10')
 3 SYSTEMPATH\Database\BaseConnection.php(620): CodeIgniter\Database\BaseConnection->simpleQuery('SELECT tourCode, count(tourCode) AS jumlah FROM like_tour GROUP BY tourCode ORDER BY jumlah_like DESC LIMIT 10')
 4 APPPATH\Controllers\TourController.php(238): CodeIgniter\Database\BaseConnection->query('SELECT tourCode, count(tourCode) AS jumlah FROM like_tour GROUP BY tourCode ORDER BY jumlah_like DESC LIMIT 10')
 5 SYSTEMPATH\CodeIgniter.php(907): App\Controllers\TourController->populerTour()
 6 SYSTEMPATH\CodeIgniter.php(457): CodeIgniter\CodeIgniter->runController(Object(App\Controllers\TourController))
 7 SYSTEMPATH\CodeIgniter.php(340): CodeIgniter\CodeIgniter->handleRequest(null, Object(Config\Cache), false)
 8 FCPATH\index.php(73): CodeIgniter\CodeIgniter->run()
 9 SYSTEMPATH\Commands\Server\rewrite.php(43): require_once('FCPATH\\index.php')
CRITICAL - 2022-10-02 21:50:54 --> Object of class CodeIgniter\Database\MySQLi\Result could not be converted to int
in APPPATH\Controllers\TourController.php on line 239.
 1 APPPATH\Controllers\TourController.php(239): CodeIgniter\Debug\Exceptions->errorHandler(8, 'Object of class CodeIgniter\\Database\\MySQLi\\Result could not be converted to int', 'APPPATH\\Controllers\\TourController.php', 239)
 2 SYSTEMPATH\CodeIgniter.php(907): App\Controllers\TourController->populerTour()
 3 SYSTEMPATH\CodeIgniter.php(457): CodeIgniter\CodeIgniter->runController(Object(App\Controllers\TourController))
 4 SYSTEMPATH\CodeIgniter.php(340): CodeIgniter\CodeIgniter->handleRequest(null, Object(Config\Cache), false)
 5 FCPATH\index.php(73): CodeIgniter\CodeIgniter->run()
 6 SYSTEMPATH\Commands\Server\rewrite.php(43): require_once('FCPATH\\index.php')
CRITICAL - 2022-10-02 22:05:17 --> Call to undefined method App\Models\LikeTourModel::getNumRows
in SYSTEMPATH\Model.php on line 774.
 1 APPPATH\Controllers\TourController.php(248): CodeIgniter\Model->__call('getNumRows', [])
 2 SYSTEMPATH\CodeIgniter.php(907): App\Controllers\TourController->populerTour()
 3 SYSTEMPATH\CodeIgniter.php(457): CodeIgniter\CodeIgniter->runController(Object(App\Controllers\TourController))
 4 SYSTEMPATH\CodeIgniter.php(340): CodeIgniter\CodeIgniter->handleRequest(null, Object(Config\Cache), false)
 5 FCPATH\index.php(73): CodeIgniter\CodeIgniter->run()
 6 SYSTEMPATH\Commands\Server\rewrite.php(43): require_once('FCPATH\\index.php')
CRITICAL - 2022-10-02 22:05:21 --> Call to undefined method App\Models\LikeTourModel::getNumRows
in SYSTEMPATH\Model.php on line 774.
 1 APPPATH\Controllers\TourController.php(248): CodeIgniter\Model->__call('getNumRows', [])
 2 SYSTEMPATH\CodeIgniter.php(907): App\Controllers\TourController->populerTour()
 3 SYSTEMPATH\CodeIgniter.php(457): CodeIgniter\CodeIgniter->runController(Object(App\Controllers\TourController))
 4 SYSTEMPATH\CodeIgniter.php(340): CodeIgniter\CodeIgniter->handleRequest(null, Object(Config\Cache), false)
 5 FCPATH\index.php(73): CodeIgniter\CodeIgniter->run()
 6 SYSTEMPATH\Commands\Server\rewrite.php(43): require_once('FCPATH\\index.php')
