ERROR - 2022-10-06 00:02:49 --> mysqli_sql_exception: You have an error in your SQL syntax; check the manual that corresponds to your MySQL server version for the right syntax to use near '.`path`, COUNT(like_tour.`tourCode`) AS 'like', COUNT(comment_tour.`tourCode`) A' at line 1 in C:\laragon\www\sisiger\vendor\codeigniter4\framework\system\Database\MySQLi\Connection.php:292
Stack trace:
#0 C:\laragon\www\sisiger\vendor\codeigniter4\framework\system\Database\MySQLi\Connection.php(292): mysqli->query('SELECT `tour`.*...', 0)
#1 C:\laragon\www\sisiger\vendor\codeigniter4\framework\system\Database\BaseConnection.php(693): CodeIgniter\Database\MySQLi\Connection->execute('SELECT `tour`.*...')
#2 C:\laragon\www\sisiger\vendor\codeigniter4\framework\system\Database\BaseConnection.php(620): CodeIgniter\Database\BaseConnection->simpleQuery('SELECT `tour`.*...')
#3 C:\laragon\www\sisiger\vendor\codeigniter4\framework\system\Database\BaseBuilder.php(1585): CodeIgniter\Database\BaseConnection->query('SELECT `tour`.*...', Array, false)
#4 C:\laragon\www\sisiger\vendor\codeigniter4\framework\system\Model.php(223): CodeIgniter\Database\BaseBuilder->get()
#5 C:\laragon\www\sisiger\vendor\codeigniter4\framework\system\BaseModel.php(584): CodeIgniter\Model->doFindAll(0, 0)
#6 C:\laragon\www\sisiger\app\Controllers\TourController.php(31): CodeIgniter\BaseModel->findAll()
#7 C:\laragon\www\sisiger\vendor\codeigniter4\framework\system\CodeIgniter.php(907): App\Controllers\TourController->index()
#8 C:\laragon\www\sisiger\vendor\codeigniter4\framework\system\CodeIgniter.php(457): CodeIgniter\CodeIgniter->runController(Object(App\Controllers\TourController))
#9 C:\laragon\www\sisiger\vendor\codeigniter4\framework\system\CodeIgniter.php(340): CodeIgniter\CodeIgniter->handleRequest(NULL, Object(Config\Cache), false)
#10 C:\laragon\www\sisiger\public\index.php(73): CodeIgniter\CodeIgniter->run()
#11 C:\laragon\www\sisiger\vendor\codeigniter4\framework\system\Commands\Server\rewrite.php(43): require_once('C:\\laragon\\www\\...')
#12 {main}
CRITICAL - 2022-10-06 00:02:49 --> You have an error in your SQL syntax; check the manual that corresponds to your MySQL server version for the right syntax to use near '.`path`, COUNT(like_tour.`tourCode`) AS 'like', COUNT(comment_tour.`tourCode`) A' at line 1
in SYSTEMPATH\Database\MySQLi\Connection.php on line 292.
 1 SYSTEMPATH\Database\MySQLi\Connection.php(292): mysqli->query('SELECT `tour`.*, \'tour_image\'.`path`, COUNT(like_tour.`tourCode`) AS \'like\', COUNT(comment_tour.`tourCode`) AS \'comment\'
FROM `tour`
LEFT JOIN `like_tour` ON like_tour.`tourCode`=tour.`tourCode`
LEFT JOIN `comment_tour` ON like_tour.`tourCode`= comment_tour.`tourCode`
RIGHT JOIN `tour_image` ON `tour_image`.`tourCode`= `comment_tour`.`tourCode`
WHERE `tour_image`.`type` = \'thumb\'
AND `tour`.`deleteAt` IS NULL
GROUP BY `tour`.`tourCode`', 0)
 2 SYSTEMPATH\Database\BaseConnection.php(693): CodeIgniter\Database\MySQLi\Connection->execute('SELECT `tour`.*, \'tour_image\'.`path`, COUNT(like_tour.`tourCode`) AS \'like\', COUNT(comment_tour.`tourCode`) AS \'comment\'
FROM `tour`
LEFT JOIN `like_tour` ON like_tour.`tourCode`=tour.`tourCode`
LEFT JOIN `comment_tour` ON like_tour.`tourCode`= comment_tour.`tourCode`
RIGHT JOIN `tour_image` ON `tour_image`.`tourCode`= `comment_tour`.`tourCode`
WHERE `tour_image`.`type` = \'thumb\'
AND `tour`.`deleteAt` IS NULL
GROUP BY `tour`.`tourCode`')
 3 SYSTEMPATH\Database\BaseConnection.php(620): CodeIgniter\Database\BaseConnection->simpleQuery('SELECT `tour`.*, \'tour_image\'.`path`, COUNT(like_tour.`tourCode`) AS \'like\', COUNT(comment_tour.`tourCode`) AS \'comment\'
FROM `tour`
LEFT JOIN `like_tour` ON like_tour.`tourCode`=tour.`tourCode`
LEFT JOIN `comment_tour` ON like_tour.`tourCode`= comment_tour.`tourCode`
RIGHT JOIN `tour_image` ON `tour_image`.`tourCode`= `comment_tour`.`tourCode`
WHERE `tour_image`.`type` = \'thumb\'
AND `tour`.`deleteAt` IS NULL
GROUP BY `tour`.`tourCode`')
 4 SYSTEMPATH\Database\BaseBuilder.php(1585): CodeIgniter\Database\BaseConnection->query('SELECT `tour`.*, \'tour_image\'.`path`, COUNT(like_tour.`tourCode`) AS \'like\', COUNT(comment_tour.`tourCode`) AS \'comment\'
FROM `tour`
LEFT JOIN `like_tour` ON like_tour.`tourCode`=tour.`tourCode`
LEFT JOIN `comment_tour` ON like_tour.`tourCode`= comment_tour.`tourCode`
RIGHT JOIN `tour_image` ON `tour_image`.`tourCode`= `comment_tour`.`tourCode`
WHERE `tour_image`.`type` = :tour_image.type:
AND `tour`.`deleteAt` IS NULL
GROUP BY `tour`.`tourCode`', [...], false)
 5 SYSTEMPATH\Model.php(223): CodeIgniter\Database\BaseBuilder->get()
 6 SYSTEMPATH\BaseModel.php(584): CodeIgniter\Model->doFindAll(0, 0)
 7 APPPATH\Controllers\TourController.php(31): CodeIgniter\BaseModel->findAll()
 8 SYSTEMPATH\CodeIgniter.php(907): App\Controllers\TourController->index()
 9 SYSTEMPATH\CodeIgniter.php(457): CodeIgniter\CodeIgniter->runController(Object(App\Controllers\TourController))
10 SYSTEMPATH\CodeIgniter.php(340): CodeIgniter\CodeIgniter->handleRequest(null, Object(Config\Cache), false)
11 FCPATH\index.php(73): CodeIgniter\CodeIgniter->run()
12 SYSTEMPATH\Commands\Server\rewrite.php(43): require_once('FCPATH\\index.php')
ERROR - 2022-10-06 00:03:16 --> mysqli_sql_exception: You have an error in your SQL syntax; check the manual that corresponds to your MySQL server version for the right syntax to use near '.`path`, COUNT(like_tour.`tourCode`) AS 'like', COUNT(comment_tour.`tourCode`) A' at line 1 in C:\laragon\www\sisiger\vendor\codeigniter4\framework\system\Database\MySQLi\Connection.php:292
Stack trace:
#0 C:\laragon\www\sisiger\vendor\codeigniter4\framework\system\Database\MySQLi\Connection.php(292): mysqli->query('SELECT `tour`.*...', 0)
#1 C:\laragon\www\sisiger\vendor\codeigniter4\framework\system\Database\BaseConnection.php(693): CodeIgniter\Database\MySQLi\Connection->execute('SELECT `tour`.*...')
#2 C:\laragon\www\sisiger\vendor\codeigniter4\framework\system\Database\BaseConnection.php(620): CodeIgniter\Database\BaseConnection->simpleQuery('SELECT `tour`.*...')
#3 C:\laragon\www\sisiger\vendor\codeigniter4\framework\system\Database\BaseBuilder.php(1585): CodeIgniter\Database\BaseConnection->query('SELECT `tour`.*...', Array, false)
#4 C:\laragon\www\sisiger\vendor\codeigniter4\framework\system\Model.php(223): CodeIgniter\Database\BaseBuilder->get()
#5 C:\laragon\www\sisiger\vendor\codeigniter4\framework\system\BaseModel.php(584): CodeIgniter\Model->doFindAll(0, 0)
#6 C:\laragon\www\sisiger\app\Controllers\TourController.php(31): CodeIgniter\BaseModel->findAll()
#7 C:\laragon\www\sisiger\vendor\codeigniter4\framework\system\CodeIgniter.php(907): App\Controllers\TourController->index()
#8 C:\laragon\www\sisiger\vendor\codeigniter4\framework\system\CodeIgniter.php(457): CodeIgniter\CodeIgniter->runController(Object(App\Controllers\TourController))
#9 C:\laragon\www\sisiger\vendor\codeigniter4\framework\system\CodeIgniter.php(340): CodeIgniter\CodeIgniter->handleRequest(NULL, Object(Config\Cache), false)
#10 C:\laragon\www\sisiger\public\index.php(73): CodeIgniter\CodeIgniter->run()
#11 C:\laragon\www\sisiger\vendor\codeigniter4\framework\system\Commands\Server\rewrite.php(43): require_once('C:\\laragon\\www\\...')
#12 {main}
CRITICAL - 2022-10-06 00:03:16 --> You have an error in your SQL syntax; check the manual that corresponds to your MySQL server version for the right syntax to use near '.`path`, COUNT(like_tour.`tourCode`) AS 'like', COUNT(comment_tour.`tourCode`) A' at line 1
in SYSTEMPATH\Database\MySQLi\Connection.php on line 292.
 1 SYSTEMPATH\Database\MySQLi\Connection.php(292): mysqli->query('SELECT `tour`.*, \'tour_image\'.`path`, COUNT(like_tour.`tourCode`) AS \'like\', COUNT(comment_tour.`tourCode`) AS \'comment\'
FROM `tour`
LEFT JOIN `tour_image` ON `tour_image`.`tourCode`= `comment_tour`.`tourCode`
LEFT JOIN `like_tour` ON like_tour.`tourCode`=tour.`tourCode`
LEFT JOIN `comment_tour` ON like_tour.`tourCode`= comment_tour.`tourCode`
WHERE `tour_image`.`type` = \'thumb\'
AND `tour`.`deleteAt` IS NULL
GROUP BY `tour`.`tourCode`', 0)
 2 SYSTEMPATH\Database\BaseConnection.php(693): CodeIgniter\Database\MySQLi\Connection->execute('SELECT `tour`.*, \'tour_image\'.`path`, COUNT(like_tour.`tourCode`) AS \'like\', COUNT(comment_tour.`tourCode`) AS \'comment\'
FROM `tour`
LEFT JOIN `tour_image` ON `tour_image`.`tourCode`= `comment_tour`.`tourCode`
LEFT JOIN `like_tour` ON like_tour.`tourCode`=tour.`tourCode`
LEFT JOIN `comment_tour` ON like_tour.`tourCode`= comment_tour.`tourCode`
WHERE `tour_image`.`type` = \'thumb\'
AND `tour`.`deleteAt` IS NULL
GROUP BY `tour`.`tourCode`')
 3 SYSTEMPATH\Database\BaseConnection.php(620): CodeIgniter\Database\BaseConnection->simpleQuery('SELECT `tour`.*, \'tour_image\'.`path`, COUNT(like_tour.`tourCode`) AS \'like\', COUNT(comment_tour.`tourCode`) AS \'comment\'
FROM `tour`
LEFT JOIN `tour_image` ON `tour_image`.`tourCode`= `comment_tour`.`tourCode`
LEFT JOIN `like_tour` ON like_tour.`tourCode`=tour.`tourCode`
LEFT JOIN `comment_tour` ON like_tour.`tourCode`= comment_tour.`tourCode`
WHERE `tour_image`.`type` = \'thumb\'
AND `tour`.`deleteAt` IS NULL
GROUP BY `tour`.`tourCode`')
 4 SYSTEMPATH\Database\BaseBuilder.php(1585): CodeIgniter\Database\BaseConnection->query('SELECT `tour`.*, \'tour_image\'.`path`, COUNT(like_tour.`tourCode`) AS \'like\', COUNT(comment_tour.`tourCode`) AS \'comment\'
FROM `tour`
LEFT JOIN `tour_image` ON `tour_image`.`tourCode`= `comment_tour`.`tourCode`
LEFT JOIN `like_tour` ON like_tour.`tourCode`=tour.`tourCode`
LEFT JOIN `comment_tour` ON like_tour.`tourCode`= comment_tour.`tourCode`
WHERE `tour_image`.`type` = :tour_image.type:
AND `tour`.`deleteAt` IS NULL
GROUP BY `tour`.`tourCode`', [...], false)
 5 SYSTEMPATH\Model.php(223): CodeIgniter\Database\BaseBuilder->get()
 6 SYSTEMPATH\BaseModel.php(584): CodeIgniter\Model->doFindAll(0, 0)
 7 APPPATH\Controllers\TourController.php(31): CodeIgniter\BaseModel->findAll()
 8 SYSTEMPATH\CodeIgniter.php(907): App\Controllers\TourController->index()
 9 SYSTEMPATH\CodeIgniter.php(457): CodeIgniter\CodeIgniter->runController(Object(App\Controllers\TourController))
10 SYSTEMPATH\CodeIgniter.php(340): CodeIgniter\CodeIgniter->handleRequest(null, Object(Config\Cache), false)
11 FCPATH\index.php(73): CodeIgniter\CodeIgniter->run()
12 SYSTEMPATH\Commands\Server\rewrite.php(43): require_once('FCPATH\\index.php')
