ERROR - 2022-10-14 21:25:50 --> mysqli_sql_exception: Unknown column 'comment_tour.stateCode' in 'where clause' in C:\laragon\www\sisiger\vendor\codeigniter4\framework\system\Database\MySQLi\Connection.php:292
Stack trace:
#0 C:\laragon\www\sisiger\vendor\codeigniter4\framework\system\Database\MySQLi\Connection.php(292): mysqli->query('SELECT `comment...', 0)
#1 C:\laragon\www\sisiger\vendor\codeigniter4\framework\system\Database\BaseConnection.php(693): CodeIgniter\Database\MySQLi\Connection->execute('SELECT `comment...')
#2 C:\laragon\www\sisiger\vendor\codeigniter4\framework\system\Database\BaseConnection.php(620): CodeIgniter\Database\BaseConnection->simpleQuery('SELECT `comment...')
#3 C:\laragon\www\sisiger\vendor\codeigniter4\framework\system\Database\BaseBuilder.php(1585): CodeIgniter\Database\BaseConnection->query('SELECT `comment...', Array, false)
#4 C:\laragon\www\sisiger\vendor\codeigniter4\framework\system\Model.php(223): CodeIgniter\Database\BaseBuilder->get()
#5 C:\laragon\www\sisiger\vendor\codeigniter4\framework\system\BaseModel.php(584): CodeIgniter\Model->doFindAll(0, 0)
#6 C:\laragon\www\sisiger\app\Controllers\CommentTourController.php(28): CodeIgniter\BaseModel->findAll()
#7 C:\laragon\www\sisiger\vendor\codeigniter4\framework\system\CodeIgniter.php(907): App\Controllers\CommentTourController->show('1')
#8 C:\laragon\www\sisiger\vendor\codeigniter4\framework\system\CodeIgniter.php(457): CodeIgniter\CodeIgniter->runController(Object(App\Controllers\CommentTourController))
#9 C:\laragon\www\sisiger\vendor\codeigniter4\framework\system\CodeIgniter.php(340): CodeIgniter\CodeIgniter->handleRequest(NULL, Object(Config\Cache), false)
#10 C:\laragon\www\sisiger\public\index.php(73): CodeIgniter\CodeIgniter->run()
#11 C:\laragon\www\sisiger\vendor\codeigniter4\framework\system\Commands\Server\rewrite.php(43): require_once('C:\\laragon\\www\\...')
#12 {main}
CRITICAL - 2022-10-14 21:25:50 --> Unknown column 'comment_tour.stateCode' in 'where clause'
in SYSTEMPATH\Database\MySQLi\Connection.php on line 292.
 1 SYSTEMPATH\Database\MySQLi\Connection.php(292): mysqli->query('SELECT `comment_tour`.*, `user`.`name`, `user`.`image`
FROM `comment_tour`
JOIN `user` ON `user`.`userCode`=`comment_tour`.`userCode`
WHERE `comment_tour`.`stateCode` = \'1\'
AND `comment_tour`.`deleteAt` IS NULL', 0)
 2 SYSTEMPATH\Database\BaseConnection.php(693): CodeIgniter\Database\MySQLi\Connection->execute('SELECT `comment_tour`.*, `user`.`name`, `user`.`image`
FROM `comment_tour`
JOIN `user` ON `user`.`userCode`=`comment_tour`.`userCode`
WHERE `comment_tour`.`stateCode` = \'1\'
AND `comment_tour`.`deleteAt` IS NULL')
 3 SYSTEMPATH\Database\BaseConnection.php(620): CodeIgniter\Database\BaseConnection->simpleQuery('SELECT `comment_tour`.*, `user`.`name`, `user`.`image`
FROM `comment_tour`
JOIN `user` ON `user`.`userCode`=`comment_tour`.`userCode`
WHERE `comment_tour`.`stateCode` = \'1\'
AND `comment_tour`.`deleteAt` IS NULL')
 4 SYSTEMPATH\Database\BaseBuilder.php(1585): CodeIgniter\Database\BaseConnection->query('SELECT `comment_tour`.*, `user`.`name`, `user`.`image`
FROM `comment_tour`
JOIN `user` ON `user`.`userCode`=`comment_tour`.`userCode`
WHERE `comment_tour`.`stateCode` = :comment_tour.stateCode:
AND `comment_tour`.`deleteAt` IS NULL', [...], false)
 5 SYSTEMPATH\Model.php(223): CodeIgniter\Database\BaseBuilder->get()
 6 SYSTEMPATH\BaseModel.php(584): CodeIgniter\Model->doFindAll(0, 0)
 7 APPPATH\Controllers\CommentTourController.php(28): CodeIgniter\BaseModel->findAll()
 8 SYSTEMPATH\CodeIgniter.php(907): App\Controllers\CommentTourController->show('1')
 9 SYSTEMPATH\CodeIgniter.php(457): CodeIgniter\CodeIgniter->runController(Object(App\Controllers\CommentTourController))
10 SYSTEMPATH\CodeIgniter.php(340): CodeIgniter\CodeIgniter->handleRequest(null, Object(Config\Cache), false)
11 FCPATH\index.php(73): CodeIgniter\CodeIgniter->run()
12 SYSTEMPATH\Commands\Server\rewrite.php(43): require_once('FCPATH\\index.php')
ERROR - 2022-10-14 21:35:15 --> mysqli_sql_exception: Cannot add or update a child row: a foreign key constraint fails (`siger`.`comment_tour`, CONSTRAINT `comment_tour_ibfk_2` FOREIGN KEY (`tourCode`) REFERENCES `tour` (`tourCode`)) in C:\laragon\www\sisiger\vendor\codeigniter4\framework\system\Database\MySQLi\Connection.php:292
Stack trace:
#0 C:\laragon\www\sisiger\vendor\codeigniter4\framework\system\Database\MySQLi\Connection.php(292): mysqli->query('INSERT INTO `co...', 0)
#1 C:\laragon\www\sisiger\vendor\codeigniter4\framework\system\Database\BaseConnection.php(693): CodeIgniter\Database\MySQLi\Connection->execute('INSERT INTO `co...')
#2 C:\laragon\www\sisiger\vendor\codeigniter4\framework\system\Database\BaseConnection.php(620): CodeIgniter\Database\BaseConnection->simpleQuery('INSERT INTO `co...')
#3 C:\laragon\www\sisiger\vendor\codeigniter4\framework\system\Database\BaseBuilder.php(1916): CodeIgniter\Database\BaseConnection->query('INSERT INTO `co...', Array, false)
#4 C:\laragon\www\sisiger\vendor\codeigniter4\framework\system\Model.php(279): CodeIgniter\Database\BaseBuilder->insert()
#5 C:\laragon\www\sisiger\vendor\codeigniter4\framework\system\BaseModel.php(738): CodeIgniter\Model->doInsert(Array)
#6 C:\laragon\www\sisiger\vendor\codeigniter4\framework\system\Model.php(667): CodeIgniter\BaseModel->insert(Array, false)
#7 C:\laragon\www\sisiger\vendor\codeigniter4\framework\system\BaseModel.php(658): CodeIgniter\Model->insert(Array, false)
#8 C:\laragon\www\sisiger\app\Controllers\CommentTourController.php(76): CodeIgniter\BaseModel->save(Array)
#9 C:\laragon\www\sisiger\vendor\codeigniter4\framework\system\CodeIgniter.php(907): App\Controllers\CommentTourController->create()
#10 C:\laragon\www\sisiger\vendor\codeigniter4\framework\system\CodeIgniter.php(457): CodeIgniter\CodeIgniter->runController(Object(App\Controllers\CommentTourController))
#11 C:\laragon\www\sisiger\vendor\codeigniter4\framework\system\CodeIgniter.php(340): CodeIgniter\CodeIgniter->handleRequest(NULL, Object(Config\Cache), false)
#12 C:\laragon\www\sisiger\public\index.php(73): CodeIgniter\CodeIgniter->run()
#13 C:\laragon\www\sisiger\vendor\codeigniter4\framework\system\Commands\Server\rewrite.php(43): require_once('C:\\laragon\\www\\...')
#14 {main}
CRITICAL - 2022-10-14 21:35:15 --> Cannot add or update a child row: a foreign key constraint fails (`siger`.`comment_tour`, CONSTRAINT `comment_tour_ibfk_2` FOREIGN KEY (`tourCode`) REFERENCES `tour` (`tourCode`))
in SYSTEMPATH\Database\MySQLi\Connection.php on line 292.
 1 SYSTEMPATH\Database\MySQLi\Connection.php(292): mysqli->query('INSERT INTO `comment_tour` (`comment`, `userCode`, `tourCode`, `createAt`, `updateAt`) VALUES (\'Wah bagus sekali\', \'5\', \'5\', \'2022-10-14 21:35:15\', \'2022-10-14 21:35:15\')', 0)
 2 SYSTEMPATH\Database\BaseConnection.php(693): CodeIgniter\Database\MySQLi\Connection->execute('INSERT INTO `comment_tour` (`comment`, `userCode`, `tourCode`, `createAt`, `updateAt`) VALUES (\'Wah bagus sekali\', \'5\', \'5\', \'2022-10-14 21:35:15\', \'2022-10-14 21:35:15\')')
 3 SYSTEMPATH\Database\BaseConnection.php(620): CodeIgniter\Database\BaseConnection->simpleQuery('INSERT INTO `comment_tour` (`comment`, `userCode`, `tourCode`, `createAt`, `updateAt`) VALUES (\'Wah bagus sekali\', \'5\', \'5\', \'2022-10-14 21:35:15\', \'2022-10-14 21:35:15\')')
 4 SYSTEMPATH\Database\BaseBuilder.php(1916): CodeIgniter\Database\BaseConnection->query('INSERT INTO `comment_tour` (`comment`, `userCode`, `tourCode`, `createAt`, `updateAt`) VALUES (:comment:, :userCode:, :tourCode:, :createAt:, :updateAt:)', [...], false)
 5 SYSTEMPATH\Model.php(279): CodeIgniter\Database\BaseBuilder->insert()
 6 SYSTEMPATH\BaseModel.php(738): CodeIgniter\Model->doInsert([...])
 7 SYSTEMPATH\Model.php(667): CodeIgniter\BaseModel->insert([...], false)
 8 SYSTEMPATH\BaseModel.php(658): CodeIgniter\Model->insert([...], false)
 9 APPPATH\Controllers\CommentTourController.php(76): CodeIgniter\BaseModel->save([...])
10 SYSTEMPATH\CodeIgniter.php(907): App\Controllers\CommentTourController->create()
11 SYSTEMPATH\CodeIgniter.php(457): CodeIgniter\CodeIgniter->runController(Object(App\Controllers\CommentTourController))
12 SYSTEMPATH\CodeIgniter.php(340): CodeIgniter\CodeIgniter->handleRequest(null, Object(Config\Cache), false)
13 FCPATH\index.php(73): CodeIgniter\CodeIgniter->run()
14 SYSTEMPATH\Commands\Server\rewrite.php(43): require_once('FCPATH\\index.php')
CRITICAL - 2022-10-14 21:50:54 --> Call to a member function save() on null
in APPPATH\Controllers\ArchiveTourController.php on line 61.
 1 SYSTEMPATH\CodeIgniter.php(907): App\Controllers\ArchiveTourController->create()
 2 SYSTEMPATH\CodeIgniter.php(457): CodeIgniter\CodeIgniter->runController(Object(App\Controllers\ArchiveTourController))
 3 SYSTEMPATH\CodeIgniter.php(340): CodeIgniter\CodeIgniter->handleRequest(null, Object(Config\Cache), false)
 4 FCPATH\index.php(73): CodeIgniter\CodeIgniter->run()
 5 SYSTEMPATH\Commands\Server\rewrite.php(43): require_once('FCPATH\\index.php')
CRITICAL - 2022-10-14 21:51:38 --> Call to a member function save() on null
in APPPATH\Controllers\ArchiveTourController.php on line 61.
 1 SYSTEMPATH\CodeIgniter.php(907): App\Controllers\ArchiveTourController->create()
 2 SYSTEMPATH\CodeIgniter.php(457): CodeIgniter\CodeIgniter->runController(Object(App\Controllers\ArchiveTourController))
 3 SYSTEMPATH\CodeIgniter.php(340): CodeIgniter\CodeIgniter->handleRequest(null, Object(Config\Cache), false)
 4 FCPATH\index.php(73): CodeIgniter\CodeIgniter->run()
 5 SYSTEMPATH\Commands\Server\rewrite.php(43): require_once('FCPATH\\index.php')
ERROR - 2022-10-14 22:12:18 --> mysqli_sql_exception: Unknown column 'archive_tour.cereateAt' in 'field list' in C:\laragon\www\sisiger\vendor\codeigniter4\framework\system\Database\MySQLi\Connection.php:292
Stack trace:
#0 C:\laragon\www\sisiger\vendor\codeigniter4\framework\system\Database\MySQLi\Connection.php(292): mysqli->query('SELECT `archive...', 0)
#1 C:\laragon\www\sisiger\vendor\codeigniter4\framework\system\Database\BaseConnection.php(693): CodeIgniter\Database\MySQLi\Connection->execute('SELECT `archive...')
#2 C:\laragon\www\sisiger\vendor\codeigniter4\framework\system\Database\BaseConnection.php(620): CodeIgniter\Database\BaseConnection->simpleQuery('SELECT `archive...')
#3 C:\laragon\www\sisiger\vendor\codeigniter4\framework\system\Database\BaseBuilder.php(1585): CodeIgniter\Database\BaseConnection->query('SELECT `archive...', Array, false)
#4 C:\laragon\www\sisiger\vendor\codeigniter4\framework\system\Model.php(223): CodeIgniter\Database\BaseBuilder->get()
#5 C:\laragon\www\sisiger\vendor\codeigniter4\framework\system\BaseModel.php(584): CodeIgniter\Model->doFindAll(0, 0)
#6 C:\laragon\www\sisiger\app\Controllers\ArchiveTourController.php(128): CodeIgniter\BaseModel->findAll()
#7 C:\laragon\www\sisiger\vendor\codeigniter4\framework\system\CodeIgniter.php(907): App\Controllers\ArchiveTourController->allArchiveTourByUser('5')
#8 C:\laragon\www\sisiger\vendor\codeigniter4\framework\system\CodeIgniter.php(457): CodeIgniter\CodeIgniter->runController(Object(App\Controllers\ArchiveTourController))
#9 C:\laragon\www\sisiger\vendor\codeigniter4\framework\system\CodeIgniter.php(340): CodeIgniter\CodeIgniter->handleRequest(NULL, Object(Config\Cache), false)
#10 C:\laragon\www\sisiger\public\index.php(73): CodeIgniter\CodeIgniter->run()
#11 C:\laragon\www\sisiger\vendor\codeigniter4\framework\system\Commands\Server\rewrite.php(43): require_once('C:\\laragon\\www\\...')
#12 {main}
CRITICAL - 2022-10-14 22:12:18 --> Unknown column 'archive_tour.cereateAt' in 'field list'
in SYSTEMPATH\Database\MySQLi\Connection.php on line 292.
 1 SYSTEMPATH\Database\MySQLi\Connection.php(292): mysqli->query('SELECT `archive_tour`.`atCode`, `archive_tour`.`cereateAt`, `tour`.*, COUNT(like_tour.`tourCode`) AS \'like\', COUNT(comment_tour.`tourCode`) AS \'comment\'
FROM `archive_tour`
LEFT JOIN `tour` ON `tour`.`tourCode`=`archive_tour`.`tourCode`
LEFT JOIN `like_tour` ON like_tour.`tourCode`=tour.`tourCode`
LEFT JOIN `comment_tour` ON like_tour.`tourCode`= comment_tour.`tourCode`
WHERE `archive_tour`.`userCode` = \'5\'
GROUP BY `archive_tour`.`tourCode`', 0)
 2 SYSTEMPATH\Database\BaseConnection.php(693): CodeIgniter\Database\MySQLi\Connection->execute('SELECT `archive_tour`.`atCode`, `archive_tour`.`cereateAt`, `tour`.*, COUNT(like_tour.`tourCode`) AS \'like\', COUNT(comment_tour.`tourCode`) AS \'comment\'
FROM `archive_tour`
LEFT JOIN `tour` ON `tour`.`tourCode`=`archive_tour`.`tourCode`
LEFT JOIN `like_tour` ON like_tour.`tourCode`=tour.`tourCode`
LEFT JOIN `comment_tour` ON like_tour.`tourCode`= comment_tour.`tourCode`
WHERE `archive_tour`.`userCode` = \'5\'
GROUP BY `archive_tour`.`tourCode`')
 3 SYSTEMPATH\Database\BaseConnection.php(620): CodeIgniter\Database\BaseConnection->simpleQuery('SELECT `archive_tour`.`atCode`, `archive_tour`.`cereateAt`, `tour`.*, COUNT(like_tour.`tourCode`) AS \'like\', COUNT(comment_tour.`tourCode`) AS \'comment\'
FROM `archive_tour`
LEFT JOIN `tour` ON `tour`.`tourCode`=`archive_tour`.`tourCode`
LEFT JOIN `like_tour` ON like_tour.`tourCode`=tour.`tourCode`
LEFT JOIN `comment_tour` ON like_tour.`tourCode`= comment_tour.`tourCode`
WHERE `archive_tour`.`userCode` = \'5\'
GROUP BY `archive_tour`.`tourCode`')
 4 SYSTEMPATH\Database\BaseBuilder.php(1585): CodeIgniter\Database\BaseConnection->query('SELECT `archive_tour`.`atCode`, `archive_tour`.`cereateAt`, `tour`.*, COUNT(like_tour.`tourCode`) AS \'like\', COUNT(comment_tour.`tourCode`) AS \'comment\'
FROM `archive_tour`
LEFT JOIN `tour` ON `tour`.`tourCode`=`archive_tour`.`tourCode`
LEFT JOIN `like_tour` ON like_tour.`tourCode`=tour.`tourCode`
LEFT JOIN `comment_tour` ON like_tour.`tourCode`= comment_tour.`tourCode`
WHERE `archive_tour`.`userCode` = :archive_tour.userCode:
GROUP BY `archive_tour`.`tourCode`', [...], false)
 5 SYSTEMPATH\Model.php(223): CodeIgniter\Database\BaseBuilder->get()
 6 SYSTEMPATH\BaseModel.php(584): CodeIgniter\Model->doFindAll(0, 0)
 7 APPPATH\Controllers\ArchiveTourController.php(128): CodeIgniter\BaseModel->findAll()
 8 SYSTEMPATH\CodeIgniter.php(907): App\Controllers\ArchiveTourController->allArchiveTourByUser('5')
 9 SYSTEMPATH\CodeIgniter.php(457): CodeIgniter\CodeIgniter->runController(Object(App\Controllers\ArchiveTourController))
10 SYSTEMPATH\CodeIgniter.php(340): CodeIgniter\CodeIgniter->handleRequest(null, Object(Config\Cache), false)
11 FCPATH\index.php(73): CodeIgniter\CodeIgniter->run()
12 SYSTEMPATH\Commands\Server\rewrite.php(43): require_once('FCPATH\\index.php')
ERROR - 2022-10-14 22:12:39 --> mysqli_sql_exception: Expression #1 of SELECT list is not in GROUP BY clause and contains nonaggregated column 'siger.archive_tour.atCode' which is not functionally dependent on columns in GROUP BY clause; this is incompatible with sql_mode=only_full_group_by in C:\laragon\www\sisiger\vendor\codeigniter4\framework\system\Database\MySQLi\Connection.php:292
Stack trace:
#0 C:\laragon\www\sisiger\vendor\codeigniter4\framework\system\Database\MySQLi\Connection.php(292): mysqli->query('SELECT `archive...', 0)
#1 C:\laragon\www\sisiger\vendor\codeigniter4\framework\system\Database\BaseConnection.php(693): CodeIgniter\Database\MySQLi\Connection->execute('SELECT `archive...')
#2 C:\laragon\www\sisiger\vendor\codeigniter4\framework\system\Database\BaseConnection.php(620): CodeIgniter\Database\BaseConnection->simpleQuery('SELECT `archive...')
#3 C:\laragon\www\sisiger\vendor\codeigniter4\framework\system\Database\BaseBuilder.php(1585): CodeIgniter\Database\BaseConnection->query('SELECT `archive...', Array, false)
#4 C:\laragon\www\sisiger\vendor\codeigniter4\framework\system\Model.php(223): CodeIgniter\Database\BaseBuilder->get()
#5 C:\laragon\www\sisiger\vendor\codeigniter4\framework\system\BaseModel.php(584): CodeIgniter\Model->doFindAll(0, 0)
#6 C:\laragon\www\sisiger\app\Controllers\ArchiveTourController.php(128): CodeIgniter\BaseModel->findAll()
#7 C:\laragon\www\sisiger\vendor\codeigniter4\framework\system\CodeIgniter.php(907): App\Controllers\ArchiveTourController->allArchiveTourByUser('5')
#8 C:\laragon\www\sisiger\vendor\codeigniter4\framework\system\CodeIgniter.php(457): CodeIgniter\CodeIgniter->runController(Object(App\Controllers\ArchiveTourController))
#9 C:\laragon\www\sisiger\vendor\codeigniter4\framework\system\CodeIgniter.php(340): CodeIgniter\CodeIgniter->handleRequest(NULL, Object(Config\Cache), false)
#10 C:\laragon\www\sisiger\public\index.php(73): CodeIgniter\CodeIgniter->run()
#11 C:\laragon\www\sisiger\vendor\codeigniter4\framework\system\Commands\Server\rewrite.php(43): require_once('C:\\laragon\\www\\...')
#12 {main}
CRITICAL - 2022-10-14 22:12:39 --> Expression #1 of SELECT list is not in GROUP BY clause and contains nonaggregated column 'siger.archive_tour.atCode' which is not functionally dependent on columns in GROUP BY clause; this is incompatible with sql_mode=only_full_group_by
in SYSTEMPATH\Database\MySQLi\Connection.php on line 292.
 1 SYSTEMPATH\Database\MySQLi\Connection.php(292): mysqli->query('SELECT `archive_tour`.`atCode`, `archive_tour`.`createAt`, `tour`.*, COUNT(like_tour.`tourCode`) AS \'like\', COUNT(comment_tour.`tourCode`) AS \'comment\'
FROM `archive_tour`
LEFT JOIN `tour` ON `tour`.`tourCode`=`archive_tour`.`tourCode`
LEFT JOIN `like_tour` ON like_tour.`tourCode`=tour.`tourCode`
LEFT JOIN `comment_tour` ON like_tour.`tourCode`= comment_tour.`tourCode`
WHERE `archive_tour`.`userCode` = \'5\'
GROUP BY `archive_tour`.`tourCode`', 0)
 2 SYSTEMPATH\Database\BaseConnection.php(693): CodeIgniter\Database\MySQLi\Connection->execute('SELECT `archive_tour`.`atCode`, `archive_tour`.`createAt`, `tour`.*, COUNT(like_tour.`tourCode`) AS \'like\', COUNT(comment_tour.`tourCode`) AS \'comment\'
FROM `archive_tour`
LEFT JOIN `tour` ON `tour`.`tourCode`=`archive_tour`.`tourCode`
LEFT JOIN `like_tour` ON like_tour.`tourCode`=tour.`tourCode`
LEFT JOIN `comment_tour` ON like_tour.`tourCode`= comment_tour.`tourCode`
WHERE `archive_tour`.`userCode` = \'5\'
GROUP BY `archive_tour`.`tourCode`')
 3 SYSTEMPATH\Database\BaseConnection.php(620): CodeIgniter\Database\BaseConnection->simpleQuery('SELECT `archive_tour`.`atCode`, `archive_tour`.`createAt`, `tour`.*, COUNT(like_tour.`tourCode`) AS \'like\', COUNT(comment_tour.`tourCode`) AS \'comment\'
FROM `archive_tour`
LEFT JOIN `tour` ON `tour`.`tourCode`=`archive_tour`.`tourCode`
LEFT JOIN `like_tour` ON like_tour.`tourCode`=tour.`tourCode`
LEFT JOIN `comment_tour` ON like_tour.`tourCode`= comment_tour.`tourCode`
WHERE `archive_tour`.`userCode` = \'5\'
GROUP BY `archive_tour`.`tourCode`')
 4 SYSTEMPATH\Database\BaseBuilder.php(1585): CodeIgniter\Database\BaseConnection->query('SELECT `archive_tour`.`atCode`, `archive_tour`.`createAt`, `tour`.*, COUNT(like_tour.`tourCode`) AS \'like\', COUNT(comment_tour.`tourCode`) AS \'comment\'
FROM `archive_tour`
LEFT JOIN `tour` ON `tour`.`tourCode`=`archive_tour`.`tourCode`
LEFT JOIN `like_tour` ON like_tour.`tourCode`=tour.`tourCode`
LEFT JOIN `comment_tour` ON like_tour.`tourCode`= comment_tour.`tourCode`
WHERE `archive_tour`.`userCode` = :archive_tour.userCode:
GROUP BY `archive_tour`.`tourCode`', [...], false)
 5 SYSTEMPATH\Model.php(223): CodeIgniter\Database\BaseBuilder->get()
 6 SYSTEMPATH\BaseModel.php(584): CodeIgniter\Model->doFindAll(0, 0)
 7 APPPATH\Controllers\ArchiveTourController.php(128): CodeIgniter\BaseModel->findAll()
 8 SYSTEMPATH\CodeIgniter.php(907): App\Controllers\ArchiveTourController->allArchiveTourByUser('5')
 9 SYSTEMPATH\CodeIgniter.php(457): CodeIgniter\CodeIgniter->runController(Object(App\Controllers\ArchiveTourController))
10 SYSTEMPATH\CodeIgniter.php(340): CodeIgniter\CodeIgniter->handleRequest(null, Object(Config\Cache), false)
11 FCPATH\index.php(73): CodeIgniter\CodeIgniter->run()
12 SYSTEMPATH\Commands\Server\rewrite.php(43): require_once('FCPATH\\index.php')
ERROR - 2022-10-14 22:13:32 --> mysqli_sql_exception: Expression #1 of SELECT list is not in GROUP BY clause and contains nonaggregated column 'siger.archive_tour.atCode' which is not functionally dependent on columns in GROUP BY clause; this is incompatible with sql_mode=only_full_group_by in C:\laragon\www\sisiger\vendor\codeigniter4\framework\system\Database\MySQLi\Connection.php:292
Stack trace:
#0 C:\laragon\www\sisiger\vendor\codeigniter4\framework\system\Database\MySQLi\Connection.php(292): mysqli->query('SELECT `archive...', 0)
#1 C:\laragon\www\sisiger\vendor\codeigniter4\framework\system\Database\BaseConnection.php(693): CodeIgniter\Database\MySQLi\Connection->execute('SELECT `archive...')
#2 C:\laragon\www\sisiger\vendor\codeigniter4\framework\system\Database\BaseConnection.php(620): CodeIgniter\Database\BaseConnection->simpleQuery('SELECT `archive...')
#3 C:\laragon\www\sisiger\vendor\codeigniter4\framework\system\Database\BaseBuilder.php(1585): CodeIgniter\Database\BaseConnection->query('SELECT `archive...', Array, false)
#4 C:\laragon\www\sisiger\vendor\codeigniter4\framework\system\Model.php(223): CodeIgniter\Database\BaseBuilder->get()
#5 C:\laragon\www\sisiger\vendor\codeigniter4\framework\system\BaseModel.php(584): CodeIgniter\Model->doFindAll(0, 0)
#6 C:\laragon\www\sisiger\app\Controllers\ArchiveTourController.php(128): CodeIgniter\BaseModel->findAll()
#7 C:\laragon\www\sisiger\vendor\codeigniter4\framework\system\CodeIgniter.php(907): App\Controllers\ArchiveTourController->allArchiveTourByUser('5')
#8 C:\laragon\www\sisiger\vendor\codeigniter4\framework\system\CodeIgniter.php(457): CodeIgniter\CodeIgniter->runController(Object(App\Controllers\ArchiveTourController))
#9 C:\laragon\www\sisiger\vendor\codeigniter4\framework\system\CodeIgniter.php(340): CodeIgniter\CodeIgniter->handleRequest(NULL, Object(Config\Cache), false)
#10 C:\laragon\www\sisiger\public\index.php(73): CodeIgniter\CodeIgniter->run()
#11 C:\laragon\www\sisiger\vendor\codeigniter4\framework\system\Commands\Server\rewrite.php(43): require_once('C:\\laragon\\www\\...')
#12 {main}
CRITICAL - 2022-10-14 22:13:32 --> Expression #1 of SELECT list is not in GROUP BY clause and contains nonaggregated column 'siger.archive_tour.atCode' which is not functionally dependent on columns in GROUP BY clause; this is incompatible with sql_mode=only_full_group_by
in SYSTEMPATH\Database\MySQLi\Connection.php on line 292.
 1 SYSTEMPATH\Database\MySQLi\Connection.php(292): mysqli->query('SELECT `archive_tour`.`atCode`, `archive_tour`.`createAt`, `tour`.*, COUNT(like_tour.`tourCode`) AS \'like\', COUNT(comment_tour.`tourCode`) AS \'comment\'
FROM `archive_tour`
LEFT JOIN `tour` ON `tour`.`tourCode`=`archive_tour`.`tourCode`
LEFT JOIN `like_tour` ON like_tour.`tourCode`=tour.`tourCode`
LEFT JOIN `comment_tour` ON like_tour.`tourCode`= comment_tour.`tourCode`
WHERE `archive_tour`.`userCode` = \'5\'
GROUP BY `tour`.`tourCode`', 0)
 2 SYSTEMPATH\Database\BaseConnection.php(693): CodeIgniter\Database\MySQLi\Connection->execute('SELECT `archive_tour`.`atCode`, `archive_tour`.`createAt`, `tour`.*, COUNT(like_tour.`tourCode`) AS \'like\', COUNT(comment_tour.`tourCode`) AS \'comment\'
FROM `archive_tour`
LEFT JOIN `tour` ON `tour`.`tourCode`=`archive_tour`.`tourCode`
LEFT JOIN `like_tour` ON like_tour.`tourCode`=tour.`tourCode`
LEFT JOIN `comment_tour` ON like_tour.`tourCode`= comment_tour.`tourCode`
WHERE `archive_tour`.`userCode` = \'5\'
GROUP BY `tour`.`tourCode`')
 3 SYSTEMPATH\Database\BaseConnection.php(620): CodeIgniter\Database\BaseConnection->simpleQuery('SELECT `archive_tour`.`atCode`, `archive_tour`.`createAt`, `tour`.*, COUNT(like_tour.`tourCode`) AS \'like\', COUNT(comment_tour.`tourCode`) AS \'comment\'
FROM `archive_tour`
LEFT JOIN `tour` ON `tour`.`tourCode`=`archive_tour`.`tourCode`
LEFT JOIN `like_tour` ON like_tour.`tourCode`=tour.`tourCode`
LEFT JOIN `comment_tour` ON like_tour.`tourCode`= comment_tour.`tourCode`
WHERE `archive_tour`.`userCode` = \'5\'
GROUP BY `tour`.`tourCode`')
 4 SYSTEMPATH\Database\BaseBuilder.php(1585): CodeIgniter\Database\BaseConnection->query('SELECT `archive_tour`.`atCode`, `archive_tour`.`createAt`, `tour`.*, COUNT(like_tour.`tourCode`) AS \'like\', COUNT(comment_tour.`tourCode`) AS \'comment\'
FROM `archive_tour`
LEFT JOIN `tour` ON `tour`.`tourCode`=`archive_tour`.`tourCode`
LEFT JOIN `like_tour` ON like_tour.`tourCode`=tour.`tourCode`
LEFT JOIN `comment_tour` ON like_tour.`tourCode`= comment_tour.`tourCode`
WHERE `archive_tour`.`userCode` = :archive_tour.userCode:
GROUP BY `tour`.`tourCode`', [...], false)
 5 SYSTEMPATH\Model.php(223): CodeIgniter\Database\BaseBuilder->get()
 6 SYSTEMPATH\BaseModel.php(584): CodeIgniter\Model->doFindAll(0, 0)
 7 APPPATH\Controllers\ArchiveTourController.php(128): CodeIgniter\BaseModel->findAll()
 8 SYSTEMPATH\CodeIgniter.php(907): App\Controllers\ArchiveTourController->allArchiveTourByUser('5')
 9 SYSTEMPATH\CodeIgniter.php(457): CodeIgniter\CodeIgniter->runController(Object(App\Controllers\ArchiveTourController))
10 SYSTEMPATH\CodeIgniter.php(340): CodeIgniter\CodeIgniter->handleRequest(null, Object(Config\Cache), false)
11 FCPATH\index.php(73): CodeIgniter\CodeIgniter->run()
12 SYSTEMPATH\Commands\Server\rewrite.php(43): require_once('FCPATH\\index.php')
ERROR - 2022-10-14 22:15:57 --> mysqli_sql_exception: Unknown table 'tour' in C:\laragon\www\sisiger\vendor\codeigniter4\framework\system\Database\MySQLi\Connection.php:292
Stack trace:
#0 C:\laragon\www\sisiger\vendor\codeigniter4\framework\system\Database\MySQLi\Connection.php(292): mysqli->query('SELECT `tour`.*...', 0)
#1 C:\laragon\www\sisiger\vendor\codeigniter4\framework\system\Database\BaseConnection.php(693): CodeIgniter\Database\MySQLi\Connection->execute('SELECT `tour`.*...')
#2 C:\laragon\www\sisiger\vendor\codeigniter4\framework\system\Database\BaseConnection.php(620): CodeIgniter\Database\BaseConnection->simpleQuery('SELECT `tour`.*...')
#3 C:\laragon\www\sisiger\vendor\codeigniter4\framework\system\Database\BaseBuilder.php(1585): CodeIgniter\Database\BaseConnection->query('SELECT `tour`.*...', Array, false)
#4 C:\laragon\www\sisiger\vendor\codeigniter4\framework\system\Model.php(223): CodeIgniter\Database\BaseBuilder->get()
#5 C:\laragon\www\sisiger\vendor\codeigniter4\framework\system\BaseModel.php(584): CodeIgniter\Model->doFindAll(0, 0)
#6 C:\laragon\www\sisiger\app\Controllers\ArchiveTourController.php(129): CodeIgniter\BaseModel->findAll()
#7 C:\laragon\www\sisiger\vendor\codeigniter4\framework\system\CodeIgniter.php(907): App\Controllers\ArchiveTourController->allArchiveTourByUser('5')
#8 C:\laragon\www\sisiger\vendor\codeigniter4\framework\system\CodeIgniter.php(457): CodeIgniter\CodeIgniter->runController(Object(App\Controllers\ArchiveTourController))
#9 C:\laragon\www\sisiger\vendor\codeigniter4\framework\system\CodeIgniter.php(340): CodeIgniter\CodeIgniter->handleRequest(NULL, Object(Config\Cache), false)
#10 C:\laragon\www\sisiger\public\index.php(73): CodeIgniter\CodeIgniter->run()
#11 C:\laragon\www\sisiger\vendor\codeigniter4\framework\system\Commands\Server\rewrite.php(43): require_once('C:\\laragon\\www\\...')
#12 {main}
CRITICAL - 2022-10-14 22:15:57 --> Unknown table 'tour'
in SYSTEMPATH\Database\MySQLi\Connection.php on line 292.
 1 SYSTEMPATH\Database\MySQLi\Connection.php(292): mysqli->query('SELECT `tour`.*, COUNT(like_tour.`tourCode`) AS \'like\', COUNT(comment_tour.`tourCode`) AS \'comment\'
FROM `archive_tour`
LEFT JOIN `like_tour` ON like_tour.`tourCode`=tour.`tourCode`
LEFT JOIN `comment_tour` ON like_tour.`tourCode`= comment_tour.`tourCode`
GROUP BY `tour`.`tourCode`', 0)
 2 SYSTEMPATH\Database\BaseConnection.php(693): CodeIgniter\Database\MySQLi\Connection->execute('SELECT `tour`.*, COUNT(like_tour.`tourCode`) AS \'like\', COUNT(comment_tour.`tourCode`) AS \'comment\'
FROM `archive_tour`
LEFT JOIN `like_tour` ON like_tour.`tourCode`=tour.`tourCode`
LEFT JOIN `comment_tour` ON like_tour.`tourCode`= comment_tour.`tourCode`
GROUP BY `tour`.`tourCode`')
 3 SYSTEMPATH\Database\BaseConnection.php(620): CodeIgniter\Database\BaseConnection->simpleQuery('SELECT `tour`.*, COUNT(like_tour.`tourCode`) AS \'like\', COUNT(comment_tour.`tourCode`) AS \'comment\'
FROM `archive_tour`
LEFT JOIN `like_tour` ON like_tour.`tourCode`=tour.`tourCode`
LEFT JOIN `comment_tour` ON like_tour.`tourCode`= comment_tour.`tourCode`
GROUP BY `tour`.`tourCode`')
 4 SYSTEMPATH\Database\BaseBuilder.php(1585): CodeIgniter\Database\BaseConnection->query('SELECT `tour`.*, COUNT(like_tour.`tourCode`) AS \'like\', COUNT(comment_tour.`tourCode`) AS \'comment\'
FROM `archive_tour`
LEFT JOIN `like_tour` ON like_tour.`tourCode`=tour.`tourCode`
LEFT JOIN `comment_tour` ON like_tour.`tourCode`= comment_tour.`tourCode`
GROUP BY `tour`.`tourCode`', [], false)
 5 SYSTEMPATH\Model.php(223): CodeIgniter\Database\BaseBuilder->get()
 6 SYSTEMPATH\BaseModel.php(584): CodeIgniter\Model->doFindAll(0, 0)
 7 APPPATH\Controllers\ArchiveTourController.php(129): CodeIgniter\BaseModel->findAll()
 8 SYSTEMPATH\CodeIgniter.php(907): App\Controllers\ArchiveTourController->allArchiveTourByUser('5')
 9 SYSTEMPATH\CodeIgniter.php(457): CodeIgniter\CodeIgniter->runController(Object(App\Controllers\ArchiveTourController))
10 SYSTEMPATH\CodeIgniter.php(340): CodeIgniter\CodeIgniter->handleRequest(null, Object(Config\Cache), false)
11 FCPATH\index.php(73): CodeIgniter\CodeIgniter->run()
12 SYSTEMPATH\Commands\Server\rewrite.php(43): require_once('FCPATH\\index.php')
ERROR - 2022-10-14 22:18:59 --> mysqli_sql_exception: Expression #1 of SELECT list is not in GROUP BY clause and contains nonaggregated column 'siger.archive_tour.atCode' which is not functionally dependent on columns in GROUP BY clause; this is incompatible with sql_mode=only_full_group_by in C:\laragon\www\sisiger\vendor\codeigniter4\framework\system\Database\MySQLi\Connection.php:292
Stack trace:
#0 C:\laragon\www\sisiger\vendor\codeigniter4\framework\system\Database\MySQLi\Connection.php(292): mysqli->query('SELECT `archive...', 0)
#1 C:\laragon\www\sisiger\vendor\codeigniter4\framework\system\Database\BaseConnection.php(693): CodeIgniter\Database\MySQLi\Connection->execute('SELECT `archive...')
#2 C:\laragon\www\sisiger\vendor\codeigniter4\framework\system\Database\BaseConnection.php(620): CodeIgniter\Database\BaseConnection->simpleQuery('SELECT `archive...')
#3 C:\laragon\www\sisiger\vendor\codeigniter4\framework\system\Database\BaseBuilder.php(1585): CodeIgniter\Database\BaseConnection->query('SELECT `archive...', Array, false)
#4 C:\laragon\www\sisiger\vendor\codeigniter4\framework\system\Model.php(223): CodeIgniter\Database\BaseBuilder->get()
#5 C:\laragon\www\sisiger\vendor\codeigniter4\framework\system\BaseModel.php(584): CodeIgniter\Model->doFindAll(0, 0)
#6 C:\laragon\www\sisiger\app\Controllers\ArchiveTourController.php(128): CodeIgniter\BaseModel->findAll()
#7 C:\laragon\www\sisiger\vendor\codeigniter4\framework\system\CodeIgniter.php(907): App\Controllers\ArchiveTourController->allArchiveTourByUser('5')
#8 C:\laragon\www\sisiger\vendor\codeigniter4\framework\system\CodeIgniter.php(457): CodeIgniter\CodeIgniter->runController(Object(App\Controllers\ArchiveTourController))
#9 C:\laragon\www\sisiger\vendor\codeigniter4\framework\system\CodeIgniter.php(340): CodeIgniter\CodeIgniter->handleRequest(NULL, Object(Config\Cache), false)
#10 C:\laragon\www\sisiger\public\index.php(73): CodeIgniter\CodeIgniter->run()
#11 C:\laragon\www\sisiger\vendor\codeigniter4\framework\system\Commands\Server\rewrite.php(43): require_once('C:\\laragon\\www\\...')
#12 {main}
CRITICAL - 2022-10-14 22:18:59 --> Expression #1 of SELECT list is not in GROUP BY clause and contains nonaggregated column 'siger.archive_tour.atCode' which is not functionally dependent on columns in GROUP BY clause; this is incompatible with sql_mode=only_full_group_by
in SYSTEMPATH\Database\MySQLi\Connection.php on line 292.
 1 SYSTEMPATH\Database\MySQLi\Connection.php(292): mysqli->query('SELECT `archive_tour`.`atCode`, `archive_tour`.`createAt`, `tour`.*, COUNT(like_tour.`tourCode`) AS \'like\', COUNT(comment_tour.`tourCode`) AS \'comment\'
FROM `archive_tour`
LEFT JOIN `tour` ON `tour`.`tourCode`=`archive_tour`.`tourCode`
LEFT JOIN `like_tour` ON like_tour.`tourCode`=tour.`tourCode`
LEFT JOIN `comment_tour` ON like_tour.`tourCode`= comment_tour.`tourCode`
WHERE `archive_tour`.`userCode` = \'5\'
GROUP BY `tour`.`tourCode`', 0)
 2 SYSTEMPATH\Database\BaseConnection.php(693): CodeIgniter\Database\MySQLi\Connection->execute('SELECT `archive_tour`.`atCode`, `archive_tour`.`createAt`, `tour`.*, COUNT(like_tour.`tourCode`) AS \'like\', COUNT(comment_tour.`tourCode`) AS \'comment\'
FROM `archive_tour`
LEFT JOIN `tour` ON `tour`.`tourCode`=`archive_tour`.`tourCode`
LEFT JOIN `like_tour` ON like_tour.`tourCode`=tour.`tourCode`
LEFT JOIN `comment_tour` ON like_tour.`tourCode`= comment_tour.`tourCode`
WHERE `archive_tour`.`userCode` = \'5\'
GROUP BY `tour`.`tourCode`')
 3 SYSTEMPATH\Database\BaseConnection.php(620): CodeIgniter\Database\BaseConnection->simpleQuery('SELECT `archive_tour`.`atCode`, `archive_tour`.`createAt`, `tour`.*, COUNT(like_tour.`tourCode`) AS \'like\', COUNT(comment_tour.`tourCode`) AS \'comment\'
FROM `archive_tour`
LEFT JOIN `tour` ON `tour`.`tourCode`=`archive_tour`.`tourCode`
LEFT JOIN `like_tour` ON like_tour.`tourCode`=tour.`tourCode`
LEFT JOIN `comment_tour` ON like_tour.`tourCode`= comment_tour.`tourCode`
WHERE `archive_tour`.`userCode` = \'5\'
GROUP BY `tour`.`tourCode`')
 4 SYSTEMPATH\Database\BaseBuilder.php(1585): CodeIgniter\Database\BaseConnection->query('SELECT `archive_tour`.`atCode`, `archive_tour`.`createAt`, `tour`.*, COUNT(like_tour.`tourCode`) AS \'like\', COUNT(comment_tour.`tourCode`) AS \'comment\'
FROM `archive_tour`
LEFT JOIN `tour` ON `tour`.`tourCode`=`archive_tour`.`tourCode`
LEFT JOIN `like_tour` ON like_tour.`tourCode`=tour.`tourCode`
LEFT JOIN `comment_tour` ON like_tour.`tourCode`= comment_tour.`tourCode`
WHERE `archive_tour`.`userCode` = :archive_tour.userCode:
GROUP BY `tour`.`tourCode`', [...], false)
 5 SYSTEMPATH\Model.php(223): CodeIgniter\Database\BaseBuilder->get()
 6 SYSTEMPATH\BaseModel.php(584): CodeIgniter\Model->doFindAll(0, 0)
 7 APPPATH\Controllers\ArchiveTourController.php(128): CodeIgniter\BaseModel->findAll()
 8 SYSTEMPATH\CodeIgniter.php(907): App\Controllers\ArchiveTourController->allArchiveTourByUser('5')
 9 SYSTEMPATH\CodeIgniter.php(457): CodeIgniter\CodeIgniter->runController(Object(App\Controllers\ArchiveTourController))
10 SYSTEMPATH\CodeIgniter.php(340): CodeIgniter\CodeIgniter->handleRequest(null, Object(Config\Cache), false)
11 FCPATH\index.php(73): CodeIgniter\CodeIgniter->run()
12 SYSTEMPATH\Commands\Server\rewrite.php(43): require_once('FCPATH\\index.php')
ERROR - 2022-10-14 22:19:30 --> mysqli_sql_exception: Expression #1 of SELECT list is not in GROUP BY clause and contains nonaggregated column 'siger.archive_tour.tourCode' which is not functionally dependent on columns in GROUP BY clause; this is incompatible with sql_mode=only_full_group_by in C:\laragon\www\sisiger\vendor\codeigniter4\framework\system\Database\MySQLi\Connection.php:292
Stack trace:
#0 C:\laragon\www\sisiger\vendor\codeigniter4\framework\system\Database\MySQLi\Connection.php(292): mysqli->query('SELECT `archive...', 0)
#1 C:\laragon\www\sisiger\vendor\codeigniter4\framework\system\Database\BaseConnection.php(693): CodeIgniter\Database\MySQLi\Connection->execute('SELECT `archive...')
#2 C:\laragon\www\sisiger\vendor\codeigniter4\framework\system\Database\BaseConnection.php(620): CodeIgniter\Database\BaseConnection->simpleQuery('SELECT `archive...')
#3 C:\laragon\www\sisiger\vendor\codeigniter4\framework\system\Database\BaseBuilder.php(1585): CodeIgniter\Database\BaseConnection->query('SELECT `archive...', Array, false)
#4 C:\laragon\www\sisiger\vendor\codeigniter4\framework\system\Model.php(223): CodeIgniter\Database\BaseBuilder->get()
#5 C:\laragon\www\sisiger\vendor\codeigniter4\framework\system\BaseModel.php(584): CodeIgniter\Model->doFindAll(0, 0)
#6 C:\laragon\www\sisiger\app\Controllers\ArchiveTourController.php(128): CodeIgniter\BaseModel->findAll()
#7 C:\laragon\www\sisiger\vendor\codeigniter4\framework\system\CodeIgniter.php(907): App\Controllers\ArchiveTourController->allArchiveTourByUser('5')
#8 C:\laragon\www\sisiger\vendor\codeigniter4\framework\system\CodeIgniter.php(457): CodeIgniter\CodeIgniter->runController(Object(App\Controllers\ArchiveTourController))
#9 C:\laragon\www\sisiger\vendor\codeigniter4\framework\system\CodeIgniter.php(340): CodeIgniter\CodeIgniter->handleRequest(NULL, Object(Config\Cache), false)
#10 C:\laragon\www\sisiger\public\index.php(73): CodeIgniter\CodeIgniter->run()
#11 C:\laragon\www\sisiger\vendor\codeigniter4\framework\system\Commands\Server\rewrite.php(43): require_once('C:\\laragon\\www\\...')
#12 {main}
CRITICAL - 2022-10-14 22:19:30 --> Expression #1 of SELECT list is not in GROUP BY clause and contains nonaggregated column 'siger.archive_tour.tourCode' which is not functionally dependent on columns in GROUP BY clause; this is incompatible with sql_mode=only_full_group_by
in SYSTEMPATH\Database\MySQLi\Connection.php on line 292.
 1 SYSTEMPATH\Database\MySQLi\Connection.php(292): mysqli->query('SELECT `archive_tour`.`tourCode`, `archive_tour`.`createAt`, `tour`.*, COUNT(like_tour.`tourCode`) AS \'like\', COUNT(comment_tour.`tourCode`) AS \'comment\'
FROM `archive_tour`
LEFT JOIN `tour` ON `tour`.`tourCode`=`archive_tour`.`tourCode`
LEFT JOIN `like_tour` ON like_tour.`tourCode`=tour.`tourCode`
LEFT JOIN `comment_tour` ON like_tour.`tourCode`= comment_tour.`tourCode`
WHERE `archive_tour`.`userCode` = \'5\'
GROUP BY `tour`.`tourCode`', 0)
 2 SYSTEMPATH\Database\BaseConnection.php(693): CodeIgniter\Database\MySQLi\Connection->execute('SELECT `archive_tour`.`tourCode`, `archive_tour`.`createAt`, `tour`.*, COUNT(like_tour.`tourCode`) AS \'like\', COUNT(comment_tour.`tourCode`) AS \'comment\'
FROM `archive_tour`
LEFT JOIN `tour` ON `tour`.`tourCode`=`archive_tour`.`tourCode`
LEFT JOIN `like_tour` ON like_tour.`tourCode`=tour.`tourCode`
LEFT JOIN `comment_tour` ON like_tour.`tourCode`= comment_tour.`tourCode`
WHERE `archive_tour`.`userCode` = \'5\'
GROUP BY `tour`.`tourCode`')
 3 SYSTEMPATH\Database\BaseConnection.php(620): CodeIgniter\Database\BaseConnection->simpleQuery('SELECT `archive_tour`.`tourCode`, `archive_tour`.`createAt`, `tour`.*, COUNT(like_tour.`tourCode`) AS \'like\', COUNT(comment_tour.`tourCode`) AS \'comment\'
FROM `archive_tour`
LEFT JOIN `tour` ON `tour`.`tourCode`=`archive_tour`.`tourCode`
LEFT JOIN `like_tour` ON like_tour.`tourCode`=tour.`tourCode`
LEFT JOIN `comment_tour` ON like_tour.`tourCode`= comment_tour.`tourCode`
WHERE `archive_tour`.`userCode` = \'5\'
GROUP BY `tour`.`tourCode`')
 4 SYSTEMPATH\Database\BaseBuilder.php(1585): CodeIgniter\Database\BaseConnection->query('SELECT `archive_tour`.`tourCode`, `archive_tour`.`createAt`, `tour`.*, COUNT(like_tour.`tourCode`) AS \'like\', COUNT(comment_tour.`tourCode`) AS \'comment\'
FROM `archive_tour`
LEFT JOIN `tour` ON `tour`.`tourCode`=`archive_tour`.`tourCode`
LEFT JOIN `like_tour` ON like_tour.`tourCode`=tour.`tourCode`
LEFT JOIN `comment_tour` ON like_tour.`tourCode`= comment_tour.`tourCode`
WHERE `archive_tour`.`userCode` = :archive_tour.userCode:
GROUP BY `tour`.`tourCode`', [...], false)
 5 SYSTEMPATH\Model.php(223): CodeIgniter\Database\BaseBuilder->get()
 6 SYSTEMPATH\BaseModel.php(584): CodeIgniter\Model->doFindAll(0, 0)
 7 APPPATH\Controllers\ArchiveTourController.php(128): CodeIgniter\BaseModel->findAll()
 8 SYSTEMPATH\CodeIgniter.php(907): App\Controllers\ArchiveTourController->allArchiveTourByUser('5')
 9 SYSTEMPATH\CodeIgniter.php(457): CodeIgniter\CodeIgniter->runController(Object(App\Controllers\ArchiveTourController))
10 SYSTEMPATH\CodeIgniter.php(340): CodeIgniter\CodeIgniter->handleRequest(null, Object(Config\Cache), false)
11 FCPATH\index.php(73): CodeIgniter\CodeIgniter->run()
12 SYSTEMPATH\Commands\Server\rewrite.php(43): require_once('FCPATH\\index.php')
ERROR - 2022-10-14 22:19:50 --> mysqli_sql_exception: Expression #1 of SELECT list is not in GROUP BY clause and contains nonaggregated column 'siger.archive_tour.createAt' which is not functionally dependent on columns in GROUP BY clause; this is incompatible with sql_mode=only_full_group_by in C:\laragon\www\sisiger\vendor\codeigniter4\framework\system\Database\MySQLi\Connection.php:292
Stack trace:
#0 C:\laragon\www\sisiger\vendor\codeigniter4\framework\system\Database\MySQLi\Connection.php(292): mysqli->query('SELECT `archive...', 0)
#1 C:\laragon\www\sisiger\vendor\codeigniter4\framework\system\Database\BaseConnection.php(693): CodeIgniter\Database\MySQLi\Connection->execute('SELECT `archive...')
#2 C:\laragon\www\sisiger\vendor\codeigniter4\framework\system\Database\BaseConnection.php(620): CodeIgniter\Database\BaseConnection->simpleQuery('SELECT `archive...')
#3 C:\laragon\www\sisiger\vendor\codeigniter4\framework\system\Database\BaseBuilder.php(1585): CodeIgniter\Database\BaseConnection->query('SELECT `archive...', Array, false)
#4 C:\laragon\www\sisiger\vendor\codeigniter4\framework\system\Model.php(223): CodeIgniter\Database\BaseBuilder->get()
#5 C:\laragon\www\sisiger\vendor\codeigniter4\framework\system\BaseModel.php(584): CodeIgniter\Model->doFindAll(0, 0)
#6 C:\laragon\www\sisiger\app\Controllers\ArchiveTourController.php(128): CodeIgniter\BaseModel->findAll()
#7 C:\laragon\www\sisiger\vendor\codeigniter4\framework\system\CodeIgniter.php(907): App\Controllers\ArchiveTourController->allArchiveTourByUser('5')
#8 C:\laragon\www\sisiger\vendor\codeigniter4\framework\system\CodeIgniter.php(457): CodeIgniter\CodeIgniter->runController(Object(App\Controllers\ArchiveTourController))
#9 C:\laragon\www\sisiger\vendor\codeigniter4\framework\system\CodeIgniter.php(340): CodeIgniter\CodeIgniter->handleRequest(NULL, Object(Config\Cache), false)
#10 C:\laragon\www\sisiger\public\index.php(73): CodeIgniter\CodeIgniter->run()
#11 C:\laragon\www\sisiger\vendor\codeigniter4\framework\system\Commands\Server\rewrite.php(43): require_once('C:\\laragon\\www\\...')
#12 {main}
CRITICAL - 2022-10-14 22:19:50 --> Expression #1 of SELECT list is not in GROUP BY clause and contains nonaggregated column 'siger.archive_tour.createAt' which is not functionally dependent on columns in GROUP BY clause; this is incompatible with sql_mode=only_full_group_by
in SYSTEMPATH\Database\MySQLi\Connection.php on line 292.
 1 SYSTEMPATH\Database\MySQLi\Connection.php(292): mysqli->query('SELECT `archive_tour`.`createAt`, `tour`.*, COUNT(like_tour.`tourCode`) AS \'like\', COUNT(comment_tour.`tourCode`) AS \'comment\'
FROM `archive_tour`
LEFT JOIN `tour` ON `tour`.`tourCode`=`archive_tour`.`tourCode`
LEFT JOIN `like_tour` ON like_tour.`tourCode`=tour.`tourCode`
LEFT JOIN `comment_tour` ON like_tour.`tourCode`= comment_tour.`tourCode`
WHERE `archive_tour`.`userCode` = \'5\'
GROUP BY `tour`.`tourCode`', 0)
 2 SYSTEMPATH\Database\BaseConnection.php(693): CodeIgniter\Database\MySQLi\Connection->execute('SELECT `archive_tour`.`createAt`, `tour`.*, COUNT(like_tour.`tourCode`) AS \'like\', COUNT(comment_tour.`tourCode`) AS \'comment\'
FROM `archive_tour`
LEFT JOIN `tour` ON `tour`.`tourCode`=`archive_tour`.`tourCode`
LEFT JOIN `like_tour` ON like_tour.`tourCode`=tour.`tourCode`
LEFT JOIN `comment_tour` ON like_tour.`tourCode`= comment_tour.`tourCode`
WHERE `archive_tour`.`userCode` = \'5\'
GROUP BY `tour`.`tourCode`')
 3 SYSTEMPATH\Database\BaseConnection.php(620): CodeIgniter\Database\BaseConnection->simpleQuery('SELECT `archive_tour`.`createAt`, `tour`.*, COUNT(like_tour.`tourCode`) AS \'like\', COUNT(comment_tour.`tourCode`) AS \'comment\'
FROM `archive_tour`
LEFT JOIN `tour` ON `tour`.`tourCode`=`archive_tour`.`tourCode`
LEFT JOIN `like_tour` ON like_tour.`tourCode`=tour.`tourCode`
LEFT JOIN `comment_tour` ON like_tour.`tourCode`= comment_tour.`tourCode`
WHERE `archive_tour`.`userCode` = \'5\'
GROUP BY `tour`.`tourCode`')
 4 SYSTEMPATH\Database\BaseBuilder.php(1585): CodeIgniter\Database\BaseConnection->query('SELECT `archive_tour`.`createAt`, `tour`.*, COUNT(like_tour.`tourCode`) AS \'like\', COUNT(comment_tour.`tourCode`) AS \'comment\'
FROM `archive_tour`
LEFT JOIN `tour` ON `tour`.`tourCode`=`archive_tour`.`tourCode`
LEFT JOIN `like_tour` ON like_tour.`tourCode`=tour.`tourCode`
LEFT JOIN `comment_tour` ON like_tour.`tourCode`= comment_tour.`tourCode`
WHERE `archive_tour`.`userCode` = :archive_tour.userCode:
GROUP BY `tour`.`tourCode`', [...], false)
 5 SYSTEMPATH\Model.php(223): CodeIgniter\Database\BaseBuilder->get()
 6 SYSTEMPATH\BaseModel.php(584): CodeIgniter\Model->doFindAll(0, 0)
 7 APPPATH\Controllers\ArchiveTourController.php(128): CodeIgniter\BaseModel->findAll()
 8 SYSTEMPATH\CodeIgniter.php(907): App\Controllers\ArchiveTourController->allArchiveTourByUser('5')
 9 SYSTEMPATH\CodeIgniter.php(457): CodeIgniter\CodeIgniter->runController(Object(App\Controllers\ArchiveTourController))
10 SYSTEMPATH\CodeIgniter.php(340): CodeIgniter\CodeIgniter->handleRequest(null, Object(Config\Cache), false)
11 FCPATH\index.php(73): CodeIgniter\CodeIgniter->run()
12 SYSTEMPATH\Commands\Server\rewrite.php(43): require_once('FCPATH\\index.php')
ERROR - 2022-10-14 22:20:02 --> mysqli_sql_exception: Expression #1 of SELECT list is not in GROUP BY clause and contains nonaggregated column 'siger.archive_tour.atCode' which is not functionally dependent on columns in GROUP BY clause; this is incompatible with sql_mode=only_full_group_by in C:\laragon\www\sisiger\vendor\codeigniter4\framework\system\Database\MySQLi\Connection.php:292
Stack trace:
#0 C:\laragon\www\sisiger\vendor\codeigniter4\framework\system\Database\MySQLi\Connection.php(292): mysqli->query('SELECT `archive...', 0)
#1 C:\laragon\www\sisiger\vendor\codeigniter4\framework\system\Database\BaseConnection.php(693): CodeIgniter\Database\MySQLi\Connection->execute('SELECT `archive...')
#2 C:\laragon\www\sisiger\vendor\codeigniter4\framework\system\Database\BaseConnection.php(620): CodeIgniter\Database\BaseConnection->simpleQuery('SELECT `archive...')
#3 C:\laragon\www\sisiger\vendor\codeigniter4\framework\system\Database\BaseBuilder.php(1585): CodeIgniter\Database\BaseConnection->query('SELECT `archive...', Array, false)
#4 C:\laragon\www\sisiger\vendor\codeigniter4\framework\system\Model.php(223): CodeIgniter\Database\BaseBuilder->get()
#5 C:\laragon\www\sisiger\vendor\codeigniter4\framework\system\BaseModel.php(584): CodeIgniter\Model->doFindAll(0, 0)
#6 C:\laragon\www\sisiger\app\Controllers\ArchiveTourController.php(128): CodeIgniter\BaseModel->findAll()
#7 C:\laragon\www\sisiger\vendor\codeigniter4\framework\system\CodeIgniter.php(907): App\Controllers\ArchiveTourController->allArchiveTourByUser('5')
#8 C:\laragon\www\sisiger\vendor\codeigniter4\framework\system\CodeIgniter.php(457): CodeIgniter\CodeIgniter->runController(Object(App\Controllers\ArchiveTourController))
#9 C:\laragon\www\sisiger\vendor\codeigniter4\framework\system\CodeIgniter.php(340): CodeIgniter\CodeIgniter->handleRequest(NULL, Object(Config\Cache), false)
#10 C:\laragon\www\sisiger\public\index.php(73): CodeIgniter\CodeIgniter->run()
#11 C:\laragon\www\sisiger\vendor\codeigniter4\framework\system\Commands\Server\rewrite.php(43): require_once('C:\\laragon\\www\\...')
#12 {main}
CRITICAL - 2022-10-14 22:20:02 --> Expression #1 of SELECT list is not in GROUP BY clause and contains nonaggregated column 'siger.archive_tour.atCode' which is not functionally dependent on columns in GROUP BY clause; this is incompatible with sql_mode=only_full_group_by
in SYSTEMPATH\Database\MySQLi\Connection.php on line 292.
 1 SYSTEMPATH\Database\MySQLi\Connection.php(292): mysqli->query('SELECT `archive_tour`.*, `tour`.*, COUNT(like_tour.`tourCode`) AS \'like\', COUNT(comment_tour.`tourCode`) AS \'comment\'
FROM `archive_tour`
LEFT JOIN `tour` ON `tour`.`tourCode`=`archive_tour`.`tourCode`
LEFT JOIN `like_tour` ON like_tour.`tourCode`=tour.`tourCode`
LEFT JOIN `comment_tour` ON like_tour.`tourCode`= comment_tour.`tourCode`
WHERE `archive_tour`.`userCode` = \'5\'
GROUP BY `tour`.`tourCode`', 0)
 2 SYSTEMPATH\Database\BaseConnection.php(693): CodeIgniter\Database\MySQLi\Connection->execute('SELECT `archive_tour`.*, `tour`.*, COUNT(like_tour.`tourCode`) AS \'like\', COUNT(comment_tour.`tourCode`) AS \'comment\'
FROM `archive_tour`
LEFT JOIN `tour` ON `tour`.`tourCode`=`archive_tour`.`tourCode`
LEFT JOIN `like_tour` ON like_tour.`tourCode`=tour.`tourCode`
LEFT JOIN `comment_tour` ON like_tour.`tourCode`= comment_tour.`tourCode`
WHERE `archive_tour`.`userCode` = \'5\'
GROUP BY `tour`.`tourCode`')
 3 SYSTEMPATH\Database\BaseConnection.php(620): CodeIgniter\Database\BaseConnection->simpleQuery('SELECT `archive_tour`.*, `tour`.*, COUNT(like_tour.`tourCode`) AS \'like\', COUNT(comment_tour.`tourCode`) AS \'comment\'
FROM `archive_tour`
LEFT JOIN `tour` ON `tour`.`tourCode`=`archive_tour`.`tourCode`
LEFT JOIN `like_tour` ON like_tour.`tourCode`=tour.`tourCode`
LEFT JOIN `comment_tour` ON like_tour.`tourCode`= comment_tour.`tourCode`
WHERE `archive_tour`.`userCode` = \'5\'
GROUP BY `tour`.`tourCode`')
 4 SYSTEMPATH\Database\BaseBuilder.php(1585): CodeIgniter\Database\BaseConnection->query('SELECT `archive_tour`.*, `tour`.*, COUNT(like_tour.`tourCode`) AS \'like\', COUNT(comment_tour.`tourCode`) AS \'comment\'
FROM `archive_tour`
LEFT JOIN `tour` ON `tour`.`tourCode`=`archive_tour`.`tourCode`
LEFT JOIN `like_tour` ON like_tour.`tourCode`=tour.`tourCode`
LEFT JOIN `comment_tour` ON like_tour.`tourCode`= comment_tour.`tourCode`
WHERE `archive_tour`.`userCode` = :archive_tour.userCode:
GROUP BY `tour`.`tourCode`', [...], false)
 5 SYSTEMPATH\Model.php(223): CodeIgniter\Database\BaseBuilder->get()
 6 SYSTEMPATH\BaseModel.php(584): CodeIgniter\Model->doFindAll(0, 0)
 7 APPPATH\Controllers\ArchiveTourController.php(128): CodeIgniter\BaseModel->findAll()
 8 SYSTEMPATH\CodeIgniter.php(907): App\Controllers\ArchiveTourController->allArchiveTourByUser('5')
 9 SYSTEMPATH\CodeIgniter.php(457): CodeIgniter\CodeIgniter->runController(Object(App\Controllers\ArchiveTourController))
10 SYSTEMPATH\CodeIgniter.php(340): CodeIgniter\CodeIgniter->handleRequest(null, Object(Config\Cache), false)
11 FCPATH\index.php(73): CodeIgniter\CodeIgniter->run()
12 SYSTEMPATH\Commands\Server\rewrite.php(43): require_once('FCPATH\\index.php')
ERROR - 2022-10-14 22:21:54 --> mysqli_sql_exception: Expression #2 of SELECT list is not in GROUP BY clause and contains nonaggregated column 'siger.archive_tour.createAt' which is not functionally dependent on columns in GROUP BY clause; this is incompatible with sql_mode=only_full_group_by in C:\laragon\www\sisiger\vendor\codeigniter4\framework\system\Database\MySQLi\Connection.php:292
Stack trace:
#0 C:\laragon\www\sisiger\vendor\codeigniter4\framework\system\Database\MySQLi\Connection.php(292): mysqli->query('SELECT `archive...', 0)
#1 C:\laragon\www\sisiger\vendor\codeigniter4\framework\system\Database\BaseConnection.php(693): CodeIgniter\Database\MySQLi\Connection->execute('SELECT `archive...')
#2 C:\laragon\www\sisiger\vendor\codeigniter4\framework\system\Database\BaseConnection.php(620): CodeIgniter\Database\BaseConnection->simpleQuery('SELECT `archive...')
#3 C:\laragon\www\sisiger\vendor\codeigniter4\framework\system\Database\BaseBuilder.php(1585): CodeIgniter\Database\BaseConnection->query('SELECT `archive...', Array, false)
#4 C:\laragon\www\sisiger\vendor\codeigniter4\framework\system\Model.php(223): CodeIgniter\Database\BaseBuilder->get()
#5 C:\laragon\www\sisiger\vendor\codeigniter4\framework\system\BaseModel.php(584): CodeIgniter\Model->doFindAll(0, 0)
#6 C:\laragon\www\sisiger\app\Controllers\ArchiveTourController.php(128): CodeIgniter\BaseModel->findAll()
#7 C:\laragon\www\sisiger\vendor\codeigniter4\framework\system\CodeIgniter.php(907): App\Controllers\ArchiveTourController->allArchiveTourByUser('5')
#8 C:\laragon\www\sisiger\vendor\codeigniter4\framework\system\CodeIgniter.php(457): CodeIgniter\CodeIgniter->runController(Object(App\Controllers\ArchiveTourController))
#9 C:\laragon\www\sisiger\vendor\codeigniter4\framework\system\CodeIgniter.php(340): CodeIgniter\CodeIgniter->handleRequest(NULL, Object(Config\Cache), false)
#10 C:\laragon\www\sisiger\public\index.php(73): CodeIgniter\CodeIgniter->run()
#11 C:\laragon\www\sisiger\vendor\codeigniter4\framework\system\Commands\Server\rewrite.php(43): require_once('C:\\laragon\\www\\...')
#12 {main}
CRITICAL - 2022-10-14 22:21:54 --> Expression #2 of SELECT list is not in GROUP BY clause and contains nonaggregated column 'siger.archive_tour.createAt' which is not functionally dependent on columns in GROUP BY clause; this is incompatible with sql_mode=only_full_group_by
in SYSTEMPATH\Database\MySQLi\Connection.php on line 292.
 1 SYSTEMPATH\Database\MySQLi\Connection.php(292): mysqli->query('SELECT `archive_tour`.`tourCode`, `archive_tour`.`createAt`, `tour`.*, COUNT(like_tour.`tourCode`) AS \'like\', COUNT(comment_tour.`tourCode`) AS \'comment\'
FROM `archive_tour`
LEFT JOIN `tour` ON `tour`.`tourCode`=`archive_tour`.`tourCode`
LEFT JOIN `like_tour` ON like_tour.`tourCode`=tour.`tourCode`
LEFT JOIN `comment_tour` ON like_tour.`tourCode`= comment_tour.`tourCode`
WHERE `archive_tour`.`userCode` = \'5\'
GROUP BY `archive_tour`.`tourCode`', 0)
 2 SYSTEMPATH\Database\BaseConnection.php(693): CodeIgniter\Database\MySQLi\Connection->execute('SELECT `archive_tour`.`tourCode`, `archive_tour`.`createAt`, `tour`.*, COUNT(like_tour.`tourCode`) AS \'like\', COUNT(comment_tour.`tourCode`) AS \'comment\'
FROM `archive_tour`
LEFT JOIN `tour` ON `tour`.`tourCode`=`archive_tour`.`tourCode`
LEFT JOIN `like_tour` ON like_tour.`tourCode`=tour.`tourCode`
LEFT JOIN `comment_tour` ON like_tour.`tourCode`= comment_tour.`tourCode`
WHERE `archive_tour`.`userCode` = \'5\'
GROUP BY `archive_tour`.`tourCode`')
 3 SYSTEMPATH\Database\BaseConnection.php(620): CodeIgniter\Database\BaseConnection->simpleQuery('SELECT `archive_tour`.`tourCode`, `archive_tour`.`createAt`, `tour`.*, COUNT(like_tour.`tourCode`) AS \'like\', COUNT(comment_tour.`tourCode`) AS \'comment\'
FROM `archive_tour`
LEFT JOIN `tour` ON `tour`.`tourCode`=`archive_tour`.`tourCode`
LEFT JOIN `like_tour` ON like_tour.`tourCode`=tour.`tourCode`
LEFT JOIN `comment_tour` ON like_tour.`tourCode`= comment_tour.`tourCode`
WHERE `archive_tour`.`userCode` = \'5\'
GROUP BY `archive_tour`.`tourCode`')
 4 SYSTEMPATH\Database\BaseBuilder.php(1585): CodeIgniter\Database\BaseConnection->query('SELECT `archive_tour`.`tourCode`, `archive_tour`.`createAt`, `tour`.*, COUNT(like_tour.`tourCode`) AS \'like\', COUNT(comment_tour.`tourCode`) AS \'comment\'
FROM `archive_tour`
LEFT JOIN `tour` ON `tour`.`tourCode`=`archive_tour`.`tourCode`
LEFT JOIN `like_tour` ON like_tour.`tourCode`=tour.`tourCode`
LEFT JOIN `comment_tour` ON like_tour.`tourCode`= comment_tour.`tourCode`
WHERE `archive_tour`.`userCode` = :archive_tour.userCode:
GROUP BY `archive_tour`.`tourCode`', [...], false)
 5 SYSTEMPATH\Model.php(223): CodeIgniter\Database\BaseBuilder->get()
 6 SYSTEMPATH\BaseModel.php(584): CodeIgniter\Model->doFindAll(0, 0)
 7 APPPATH\Controllers\ArchiveTourController.php(128): CodeIgniter\BaseModel->findAll()
 8 SYSTEMPATH\CodeIgniter.php(907): App\Controllers\ArchiveTourController->allArchiveTourByUser('5')
 9 SYSTEMPATH\CodeIgniter.php(457): CodeIgniter\CodeIgniter->runController(Object(App\Controllers\ArchiveTourController))
10 SYSTEMPATH\CodeIgniter.php(340): CodeIgniter\CodeIgniter->handleRequest(null, Object(Config\Cache), false)
11 FCPATH\index.php(73): CodeIgniter\CodeIgniter->run()
12 SYSTEMPATH\Commands\Server\rewrite.php(43): require_once('FCPATH\\index.php')
CRITICAL - 2022-10-14 22:22:21 --> Undefined property: App\Controllers\ArchiveTourController::$tourImageModel
in APPPATH\Controllers\ArchiveTourController.php on line 143.
 1 APPPATH\Controllers\ArchiveTourController.php(143): CodeIgniter\Debug\Exceptions->errorHandler(2, 'Undefined property: App\\Controllers\\ArchiveTourController::$tourImageModel', 'APPPATH\\Controllers\\ArchiveTourController.php', 143)
 2 APPPATH\Controllers\ArchiveTourController.php(153): App\Controllers\ArchiveTourController->getThumbImageTour('2')
 3 APPPATH\Controllers\ArchiveTourController.php(131): App\Controllers\ArchiveTourController->setThumbTour([...])
 4 SYSTEMPATH\CodeIgniter.php(907): App\Controllers\ArchiveTourController->allArchiveTourByUser('5')
 5 SYSTEMPATH\CodeIgniter.php(457): CodeIgniter\CodeIgniter->runController(Object(App\Controllers\ArchiveTourController))
 6 SYSTEMPATH\CodeIgniter.php(340): CodeIgniter\CodeIgniter->handleRequest(null, Object(Config\Cache), false)
 7 FCPATH\index.php(73): CodeIgniter\CodeIgniter->run()
 8 SYSTEMPATH\Commands\Server\rewrite.php(43): require_once('FCPATH\\index.php')
CRITICAL - 2022-10-14 22:23:02 --> Class "App\Controllers\TourImageModel" not found
in APPPATH\Controllers\ArchiveTourController.php on line 15.
 1 SYSTEMPATH\CodeIgniter.php(869): App\Controllers\ArchiveTourController->__construct()
 2 SYSTEMPATH\CodeIgniter.php(448): CodeIgniter\CodeIgniter->createController()
 3 SYSTEMPATH\CodeIgniter.php(340): CodeIgniter\CodeIgniter->handleRequest(null, Object(Config\Cache), false)
 4 FCPATH\index.php(73): CodeIgniter\CodeIgniter->run()
 5 SYSTEMPATH\Commands\Server\rewrite.php(43): require_once('FCPATH\\index.php')
CRITICAL - 2022-10-14 23:18:44 --> Undefined property: App\Controllers\ArchiveTourController::$Model
in APPPATH\Controllers\ArchiveTourController.php on line 177.
 1 APPPATH\Controllers\ArchiveTourController.php(177): CodeIgniter\Debug\Exceptions->errorHandler(2, 'Undefined property: App\\Controllers\\ArchiveTourController::$Model', 'APPPATH\\Controllers\\ArchiveTourController.php', 177)
 2 APPPATH\Controllers\ArchiveTourController.php(157): App\Controllers\ArchiveTourController->countTourLike('2')
 3 APPPATH\Controllers\ArchiveTourController.php(134): App\Controllers\ArchiveTourController->setThumbTour([...])
 4 SYSTEMPATH\CodeIgniter.php(907): App\Controllers\ArchiveTourController->allArchiveTourByUser('5')
 5 SYSTEMPATH\CodeIgniter.php(457): CodeIgniter\CodeIgniter->runController(Object(App\Controllers\ArchiveTourController))
 6 SYSTEMPATH\CodeIgniter.php(340): CodeIgniter\CodeIgniter->handleRequest(null, Object(Config\Cache), false)
 7 FCPATH\index.php(73): CodeIgniter\CodeIgniter->run()
 8 SYSTEMPATH\Commands\Server\rewrite.php(43): require_once('FCPATH\\index.php')
