ERROR - 2022-09-17 08:15:49 --> mysqli_sql_exception: Duplicate entry '0' for key 'PRIMARY' in C:\laragon\www\erp\vendor\codeigniter4\framework\system\Database\MySQLi\Connection.php:292
Stack trace:
#0 C:\laragon\www\erp\vendor\codeigniter4\framework\system\Database\MySQLi\Connection.php(292): mysqli->query('INSERT INTO `em...', 0)
#1 C:\laragon\www\erp\vendor\codeigniter4\framework\system\Database\BaseConnection.php(693): CodeIgniter\Database\MySQLi\Connection->execute('INSERT INTO `em...')
#2 C:\laragon\www\erp\vendor\codeigniter4\framework\system\Database\BaseConnection.php(620): CodeIgniter\Database\BaseConnection->simpleQuery('INSERT INTO `em...')
#3 C:\laragon\www\erp\vendor\codeigniter4\framework\system\Database\BaseBuilder.php(1916): CodeIgniter\Database\BaseConnection->query('INSERT INTO `em...', Array, false)
#4 C:\laragon\www\erp\vendor\codeigniter4\framework\system\Model.php(279): CodeIgniter\Database\BaseBuilder->insert()
#5 C:\laragon\www\erp\vendor\codeigniter4\framework\system\BaseModel.php(738): CodeIgniter\Model->doInsert(Array)
#6 C:\laragon\www\erp\vendor\codeigniter4\framework\system\Model.php(667): CodeIgniter\BaseModel->insert(Array, false)
#7 C:\laragon\www\erp\vendor\codeigniter4\framework\system\BaseModel.php(658): CodeIgniter\Model->insert(Array, false)
#8 C:\laragon\www\erp\app\Controllers\EmployeeLevelController.php(90): CodeIgniter\BaseModel->save(Array)
#9 C:\laragon\www\erp\vendor\codeigniter4\framework\system\CodeIgniter.php(907): App\Controllers\EmployeeLevelController->create()
#10 C:\laragon\www\erp\vendor\codeigniter4\framework\system\CodeIgniter.php(457): CodeIgniter\CodeIgniter->runController(Object(App\Controllers\EmployeeLevelController))
#11 C:\laragon\www\erp\vendor\codeigniter4\framework\system\CodeIgniter.php(340): CodeIgniter\CodeIgniter->handleRequest(NULL, Object(Config\Cache), false)
#12 C:\laragon\www\erp\public\index.php(73): CodeIgniter\CodeIgniter->run()
#13 C:\laragon\www\erp\vendor\codeigniter4\framework\system\Commands\Server\rewrite.php(43): require_once('C:\\laragon\\www\\...')
#14 {main}
CRITICAL - 2022-09-17 08:15:49 --> Duplicate entry '0' for key 'PRIMARY'
in SYSTEMPATH\Database\MySQLi\Connection.php on line 292.
 1 SYSTEMPATH\Database\MySQLi\Connection.php(292): mysqli->query('INSERT INTO `employeelevel` (`description`, `id`, `created_at`, `updated_at`) VALUES (\'Level 2\', \'EL-00000000003\', \'2022-09-17 08:15:49\', \'2022-09-17 08:15:49\')', 0)
 2 SYSTEMPATH\Database\BaseConnection.php(693): CodeIgniter\Database\MySQLi\Connection->execute('INSERT INTO `employeelevel` (`description`, `id`, `created_at`, `updated_at`) VALUES (\'Level 2\', \'EL-00000000003\', \'2022-09-17 08:15:49\', \'2022-09-17 08:15:49\')')
 3 SYSTEMPATH\Database\BaseConnection.php(620): CodeIgniter\Database\BaseConnection->simpleQuery('INSERT INTO `employeelevel` (`description`, `id`, `created_at`, `updated_at`) VALUES (\'Level 2\', \'EL-00000000003\', \'2022-09-17 08:15:49\', \'2022-09-17 08:15:49\')')
 4 SYSTEMPATH\Database\BaseBuilder.php(1916): CodeIgniter\Database\BaseConnection->query('INSERT INTO `employeelevel` (`description`, `id`, `created_at`, `updated_at`) VALUES (:description:, :id.1:, :created_at:, :updated_at:)', [...], false)
 5 SYSTEMPATH\Model.php(279): CodeIgniter\Database\BaseBuilder->insert()
 6 SYSTEMPATH\BaseModel.php(738): CodeIgniter\Model->doInsert([...])
 7 SYSTEMPATH\Model.php(667): CodeIgniter\BaseModel->insert([...], false)
 8 SYSTEMPATH\BaseModel.php(658): CodeIgniter\Model->insert([...], false)
 9 APPPATH\Controllers\EmployeeLevelController.php(90): CodeIgniter\BaseModel->save([...])
10 SYSTEMPATH\CodeIgniter.php(907): App\Controllers\EmployeeLevelController->create()
11 SYSTEMPATH\CodeIgniter.php(457): CodeIgniter\CodeIgniter->runController(Object(App\Controllers\EmployeeLevelController))
12 SYSTEMPATH\CodeIgniter.php(340): CodeIgniter\CodeIgniter->handleRequest(null, Object(Config\Cache), false)
13 FCPATH\index.php(73): CodeIgniter\CodeIgniter->run()
14 SYSTEMPATH\Commands\Server\rewrite.php(43): require_once('FCPATH\\index.php')
