CRITICAL - 2022-09-16 11:06:31 --> Call to undefined function App\Controllers\get_kode()
in APPPATH\Controllers\SalesController.php on line 113.
 1 SYSTEMPATH\CodeIgniter.php(907): App\Controllers\SalesController->create()
 2 SYSTEMPATH\CodeIgniter.php(457): CodeIgniter\CodeIgniter->runController(Object(App\Controllers\SalesController))
 3 SYSTEMPATH\CodeIgniter.php(340): CodeIgniter\CodeIgniter->handleRequest(null, Object(Config\Cache), false)
 4 FCPATH\index.php(73): CodeIgniter\CodeIgniter->run()
 5 SYSTEMPATH\Commands\Server\rewrite.php(43): require_once('FCPATH\\index.php')
CRITICAL - 2022-09-16 11:06:58 --> Call to undefined function App\Controllers\get_kode()
in APPPATH\Controllers\SalesController.php on line 113.
 1 SYSTEMPATH\CodeIgniter.php(907): App\Controllers\SalesController->create()
 2 SYSTEMPATH\CodeIgniter.php(457): CodeIgniter\CodeIgniter->runController(Object(App\Controllers\SalesController))
 3 SYSTEMPATH\CodeIgniter.php(340): CodeIgniter\CodeIgniter->handleRequest(null, Object(Config\Cache), false)
 4 FCPATH\index.php(73): CodeIgniter\CodeIgniter->run()
 5 SYSTEMPATH\Commands\Server\rewrite.php(43): require_once('FCPATH\\index.php')
CRITICAL - 2022-09-16 11:09:05 --> Call to undefined function App\Controllers\get_kode()
in APPPATH\Controllers\SalesController.php on line 113.
 1 SYSTEMPATH\CodeIgniter.php(907): App\Controllers\SalesController->create()
 2 SYSTEMPATH\CodeIgniter.php(457): CodeIgniter\CodeIgniter->runController(Object(App\Controllers\SalesController))
 3 SYSTEMPATH\CodeIgniter.php(340): CodeIgniter\CodeIgniter->handleRequest(null, Object(Config\Cache), false)
 4 FCPATH\index.php(73): CodeIgniter\CodeIgniter->run()
 5 SYSTEMPATH\Commands\Server\rewrite.php(43): require_once('FCPATH\\index.php')
ERROR - 2022-09-16 11:10:00 --> mysqli_sql_exception: Unknown column 'sales.deleted_at' in 'where clause' in C:\laragon\www\erp\vendor\codeigniter4\framework\system\Database\MySQLi\Connection.php:292
Stack trace:
#0 C:\laragon\www\erp\vendor\codeigniter4\framework\system\Database\MySQLi\Connection.php(292): mysqli->query('SELECT COUNT(*)...', 0)
#1 C:\laragon\www\erp\vendor\codeigniter4\framework\system\Database\BaseConnection.php(693): CodeIgniter\Database\MySQLi\Connection->execute('SELECT COUNT(*)...')
#2 C:\laragon\www\erp\vendor\codeigniter4\framework\system\Database\BaseConnection.php(620): CodeIgniter\Database\BaseConnection->simpleQuery('SELECT COUNT(*)...')
#3 C:\laragon\www\erp\vendor\codeigniter4\framework\system\Database\BaseBuilder.php(1669): CodeIgniter\Database\BaseConnection->query('SELECT COUNT(*)...', Array, false)
#4 C:\laragon\www\erp\vendor\codeigniter4\framework\system\Model.php(551): CodeIgniter\Database\BaseBuilder->countAllResults(true)
#5 C:\laragon\www\erp\vendor\codeigniter4\framework\system\Model.php(639): CodeIgniter\Model->countAllResults()
#6 C:\laragon\www\erp\vendor\codeigniter4\framework\system\BaseModel.php(655): CodeIgniter\Model->shouldUpdate(Array)
#7 C:\laragon\www\erp\app\Controllers\SalesController.php(114): CodeIgniter\BaseModel->save(Array)
#8 C:\laragon\www\erp\vendor\codeigniter4\framework\system\CodeIgniter.php(907): App\Controllers\SalesController->create()
#9 C:\laragon\www\erp\vendor\codeigniter4\framework\system\CodeIgniter.php(457): CodeIgniter\CodeIgniter->runController(Object(App\Controllers\SalesController))
#10 C:\laragon\www\erp\vendor\codeigniter4\framework\system\CodeIgniter.php(340): CodeIgniter\CodeIgniter->handleRequest(NULL, Object(Config\Cache), false)
#11 C:\laragon\www\erp\public\index.php(73): CodeIgniter\CodeIgniter->run()
#12 C:\laragon\www\erp\vendor\codeigniter4\framework\system\Commands\Server\rewrite.php(43): require_once('C:\\laragon\\www\\...')
#13 {main}
CRITICAL - 2022-09-16 11:10:00 --> Unknown column 'sales.deleted_at' in 'where clause'
in SYSTEMPATH\Database\MySQLi\Connection.php on line 292.
 1 SYSTEMPATH\Database\MySQLi\Connection.php(292): mysqli->query('SELECT COUNT(*) AS `numrows`
FROM `sales`
WHERE `id` = \'S-00000000001\'
AND `sales`.`deleted_at` IS NULL', 0)
 2 SYSTEMPATH\Database\BaseConnection.php(693): CodeIgniter\Database\MySQLi\Connection->execute('SELECT COUNT(*) AS `numrows`
FROM `sales`
WHERE `id` = \'S-00000000001\'
AND `sales`.`deleted_at` IS NULL')
 3 SYSTEMPATH\Database\BaseConnection.php(620): CodeIgniter\Database\BaseConnection->simpleQuery('SELECT COUNT(*) AS `numrows`
FROM `sales`
WHERE `id` = \'S-00000000001\'
AND `sales`.`deleted_at` IS NULL')
 4 SYSTEMPATH\Database\BaseBuilder.php(1669): CodeIgniter\Database\BaseConnection->query('SELECT COUNT(*) AS `numrows`
FROM `sales`
WHERE `id` = :id:
AND `sales`.`deleted_at` IS NULL', [...], false)
 5 SYSTEMPATH\Model.php(551): CodeIgniter\Database\BaseBuilder->countAllResults(true)
 6 SYSTEMPATH\Model.php(639): CodeIgniter\Model->countAllResults()
 7 SYSTEMPATH\BaseModel.php(655): CodeIgniter\Model->shouldUpdate([...])
 8 APPPATH\Controllers\SalesController.php(114): CodeIgniter\BaseModel->save([...])
 9 SYSTEMPATH\CodeIgniter.php(907): App\Controllers\SalesController->create()
10 SYSTEMPATH\CodeIgniter.php(457): CodeIgniter\CodeIgniter->runController(Object(App\Controllers\SalesController))
11 SYSTEMPATH\CodeIgniter.php(340): CodeIgniter\CodeIgniter->handleRequest(null, Object(Config\Cache), false)
12 FCPATH\index.php(73): CodeIgniter\CodeIgniter->run()
13 SYSTEMPATH\Commands\Server\rewrite.php(43): require_once('FCPATH\\index.php')
ERROR - 2022-09-16 11:11:07 --> mysqli_sql_exception: Cannot add or update a child row: a foreign key constraint fails (`erp`.`sales`, CONSTRAINT `sales_ibfk_1` FOREIGN KEY (`division`) REFERENCES `division` (`id`) ON UPDATE CASCADE) in C:\laragon\www\erp\vendor\codeigniter4\framework\system\Database\MySQLi\Connection.php:292
Stack trace:
#0 C:\laragon\www\erp\vendor\codeigniter4\framework\system\Database\MySQLi\Connection.php(292): mysqli->query('INSERT INTO `sa...', 0)
#1 C:\laragon\www\erp\vendor\codeigniter4\framework\system\Database\BaseConnection.php(693): CodeIgniter\Database\MySQLi\Connection->execute('INSERT INTO `sa...')
#2 C:\laragon\www\erp\vendor\codeigniter4\framework\system\Database\BaseConnection.php(620): CodeIgniter\Database\BaseConnection->simpleQuery('INSERT INTO `sa...')
#3 C:\laragon\www\erp\vendor\codeigniter4\framework\system\Database\BaseBuilder.php(1916): CodeIgniter\Database\BaseConnection->query('INSERT INTO `sa...', Array, false)
#4 C:\laragon\www\erp\vendor\codeigniter4\framework\system\Model.php(279): CodeIgniter\Database\BaseBuilder->insert()
#5 C:\laragon\www\erp\vendor\codeigniter4\framework\system\BaseModel.php(738): CodeIgniter\Model->doInsert(Array)
#6 C:\laragon\www\erp\vendor\codeigniter4\framework\system\Model.php(667): CodeIgniter\BaseModel->insert(Array, false)
#7 C:\laragon\www\erp\vendor\codeigniter4\framework\system\BaseModel.php(658): CodeIgniter\Model->insert(Array, false)
#8 C:\laragon\www\erp\app\Controllers\SalesController.php(114): CodeIgniter\BaseModel->save(Array)
#9 C:\laragon\www\erp\vendor\codeigniter4\framework\system\CodeIgniter.php(907): App\Controllers\SalesController->create()
#10 C:\laragon\www\erp\vendor\codeigniter4\framework\system\CodeIgniter.php(457): CodeIgniter\CodeIgniter->runController(Object(App\Controllers\SalesController))
#11 C:\laragon\www\erp\vendor\codeigniter4\framework\system\CodeIgniter.php(340): CodeIgniter\CodeIgniter->handleRequest(NULL, Object(Config\Cache), false)
#12 C:\laragon\www\erp\public\index.php(73): CodeIgniter\CodeIgniter->run()
#13 C:\laragon\www\erp\vendor\codeigniter4\framework\system\Commands\Server\rewrite.php(43): require_once('C:\\laragon\\www\\...')
#14 {main}
CRITICAL - 2022-09-16 11:11:07 --> Cannot add or update a child row: a foreign key constraint fails (`erp`.`sales`, CONSTRAINT `sales_ibfk_1` FOREIGN KEY (`division`) REFERENCES `division` (`id`) ON UPDATE CASCADE)
in SYSTEMPATH\Database\MySQLi\Connection.php on line 292.
 1 SYSTEMPATH\Database\MySQLi\Connection.php(292): mysqli->query('INSERT INTO `sales` (`division`, `salesmanid`, `customerid`, `billto`, `shipment`, `id`, `created_at`, `updated_at`) VALUES (\'D-00000000002\', \'SLM-00000000001\', \'CST-00000000001\', \'CST-00000000001\', \'SHP-00000000001\', \'S-00000000001\', \'2022-09-16 11:11:07\', \'2022-09-16 11:11:07\')', 0)
 2 SYSTEMPATH\Database\BaseConnection.php(693): CodeIgniter\Database\MySQLi\Connection->execute('INSERT INTO `sales` (`division`, `salesmanid`, `customerid`, `billto`, `shipment`, `id`, `created_at`, `updated_at`) VALUES (\'D-00000000002\', \'SLM-00000000001\', \'CST-00000000001\', \'CST-00000000001\', \'SHP-00000000001\', \'S-00000000001\', \'2022-09-16 11:11:07\', \'2022-09-16 11:11:07\')')
 3 SYSTEMPATH\Database\BaseConnection.php(620): CodeIgniter\Database\BaseConnection->simpleQuery('INSERT INTO `sales` (`division`, `salesmanid`, `customerid`, `billto`, `shipment`, `id`, `created_at`, `updated_at`) VALUES (\'D-00000000002\', \'SLM-00000000001\', \'CST-00000000001\', \'CST-00000000001\', \'SHP-00000000001\', \'S-00000000001\', \'2022-09-16 11:11:07\', \'2022-09-16 11:11:07\')')
 4 SYSTEMPATH\Database\BaseBuilder.php(1916): CodeIgniter\Database\BaseConnection->query('INSERT INTO `sales` (`division`, `salesmanid`, `customerid`, `billto`, `shipment`, `id`, `created_at`, `updated_at`) VALUES (:division:, :salesmanid:, :customerid:, :billto:, :shipment:, :id.1:, :created_at:, :updated_at:)', [...], false)
 5 SYSTEMPATH\Model.php(279): CodeIgniter\Database\BaseBuilder->insert()
 6 SYSTEMPATH\BaseModel.php(738): CodeIgniter\Model->doInsert([...])
 7 SYSTEMPATH\Model.php(667): CodeIgniter\BaseModel->insert([...], false)
 8 SYSTEMPATH\BaseModel.php(658): CodeIgniter\Model->insert([...], false)
 9 APPPATH\Controllers\SalesController.php(114): CodeIgniter\BaseModel->save([...])
10 SYSTEMPATH\CodeIgniter.php(907): App\Controllers\SalesController->create()
11 SYSTEMPATH\CodeIgniter.php(457): CodeIgniter\CodeIgniter->runController(Object(App\Controllers\SalesController))
12 SYSTEMPATH\CodeIgniter.php(340): CodeIgniter\CodeIgniter->handleRequest(null, Object(Config\Cache), false)
13 FCPATH\index.php(73): CodeIgniter\CodeIgniter->run()
14 SYSTEMPATH\Commands\Server\rewrite.php(43): require_once('FCPATH\\index.php')
ERROR - 2022-09-16 11:17:04 --> mysqli_sql_exception: Cannot add or update a child row: a foreign key constraint fails (`erp`.`sales`, CONSTRAINT `sales_ibfk_1` FOREIGN KEY (`division`) REFERENCES `division` (`id`) ON UPDATE CASCADE) in C:\laragon\www\erp\vendor\codeigniter4\framework\system\Database\MySQLi\Connection.php:292
Stack trace:
#0 C:\laragon\www\erp\vendor\codeigniter4\framework\system\Database\MySQLi\Connection.php(292): mysqli->query('INSERT INTO `sa...', 0)
#1 C:\laragon\www\erp\vendor\codeigniter4\framework\system\Database\BaseConnection.php(693): CodeIgniter\Database\MySQLi\Connection->execute('INSERT INTO `sa...')
#2 C:\laragon\www\erp\vendor\codeigniter4\framework\system\Database\BaseConnection.php(620): CodeIgniter\Database\BaseConnection->simpleQuery('INSERT INTO `sa...')
#3 C:\laragon\www\erp\vendor\codeigniter4\framework\system\Database\BaseBuilder.php(1916): CodeIgniter\Database\BaseConnection->query('INSERT INTO `sa...', Array, false)
#4 C:\laragon\www\erp\vendor\codeigniter4\framework\system\Model.php(279): CodeIgniter\Database\BaseBuilder->insert()
#5 C:\laragon\www\erp\vendor\codeigniter4\framework\system\BaseModel.php(738): CodeIgniter\Model->doInsert(Array)
#6 C:\laragon\www\erp\vendor\codeigniter4\framework\system\Model.php(667): CodeIgniter\BaseModel->insert(Array, false)
#7 C:\laragon\www\erp\vendor\codeigniter4\framework\system\BaseModel.php(658): CodeIgniter\Model->insert(Array, false)
#8 C:\laragon\www\erp\app\Controllers\SalesController.php(114): CodeIgniter\BaseModel->save(Array)
#9 C:\laragon\www\erp\vendor\codeigniter4\framework\system\CodeIgniter.php(907): App\Controllers\SalesController->create()
#10 C:\laragon\www\erp\vendor\codeigniter4\framework\system\CodeIgniter.php(457): CodeIgniter\CodeIgniter->runController(Object(App\Controllers\SalesController))
#11 C:\laragon\www\erp\vendor\codeigniter4\framework\system\CodeIgniter.php(340): CodeIgniter\CodeIgniter->handleRequest(NULL, Object(Config\Cache), false)
#12 C:\laragon\www\erp\public\index.php(73): CodeIgniter\CodeIgniter->run()
#13 C:\laragon\www\erp\vendor\codeigniter4\framework\system\Commands\Server\rewrite.php(43): require_once('C:\\laragon\\www\\...')
#14 {main}
CRITICAL - 2022-09-16 11:17:04 --> Cannot add or update a child row: a foreign key constraint fails (`erp`.`sales`, CONSTRAINT `sales_ibfk_1` FOREIGN KEY (`division`) REFERENCES `division` (`id`) ON UPDATE CASCADE)
in SYSTEMPATH\Database\MySQLi\Connection.php on line 292.
 1 SYSTEMPATH\Database\MySQLi\Connection.php(292): mysqli->query('INSERT INTO `sales` (`division`, `salesmanid`, `customerid`, `billto`, `shipment`, `id`, `created_at`, `updated_at`) VALUES (\'D-00000000002\', \'SLM-00000000001\', \'CST-00000000001\', \'CST-00000000001\', \'SHP-00000000001\', \'S-00000000001\', \'2022-09-16 11:17:04\', \'2022-09-16 11:17:04\')', 0)
 2 SYSTEMPATH\Database\BaseConnection.php(693): CodeIgniter\Database\MySQLi\Connection->execute('INSERT INTO `sales` (`division`, `salesmanid`, `customerid`, `billto`, `shipment`, `id`, `created_at`, `updated_at`) VALUES (\'D-00000000002\', \'SLM-00000000001\', \'CST-00000000001\', \'CST-00000000001\', \'SHP-00000000001\', \'S-00000000001\', \'2022-09-16 11:17:04\', \'2022-09-16 11:17:04\')')
 3 SYSTEMPATH\Database\BaseConnection.php(620): CodeIgniter\Database\BaseConnection->simpleQuery('INSERT INTO `sales` (`division`, `salesmanid`, `customerid`, `billto`, `shipment`, `id`, `created_at`, `updated_at`) VALUES (\'D-00000000002\', \'SLM-00000000001\', \'CST-00000000001\', \'CST-00000000001\', \'SHP-00000000001\', \'S-00000000001\', \'2022-09-16 11:17:04\', \'2022-09-16 11:17:04\')')
 4 SYSTEMPATH\Database\BaseBuilder.php(1916): CodeIgniter\Database\BaseConnection->query('INSERT INTO `sales` (`division`, `salesmanid`, `customerid`, `billto`, `shipment`, `id`, `created_at`, `updated_at`) VALUES (:division:, :salesmanid:, :customerid:, :billto:, :shipment:, :id.1:, :created_at:, :updated_at:)', [...], false)
 5 SYSTEMPATH\Model.php(279): CodeIgniter\Database\BaseBuilder->insert()
 6 SYSTEMPATH\BaseModel.php(738): CodeIgniter\Model->doInsert([...])
 7 SYSTEMPATH\Model.php(667): CodeIgniter\BaseModel->insert([...], false)
 8 SYSTEMPATH\BaseModel.php(658): CodeIgniter\Model->insert([...], false)
 9 APPPATH\Controllers\SalesController.php(114): CodeIgniter\BaseModel->save([...])
10 SYSTEMPATH\CodeIgniter.php(907): App\Controllers\SalesController->create()
11 SYSTEMPATH\CodeIgniter.php(457): CodeIgniter\CodeIgniter->runController(Object(App\Controllers\SalesController))
12 SYSTEMPATH\CodeIgniter.php(340): CodeIgniter\CodeIgniter->handleRequest(null, Object(Config\Cache), false)
13 FCPATH\index.php(73): CodeIgniter\CodeIgniter->run()
14 SYSTEMPATH\Commands\Server\rewrite.php(43): require_once('FCPATH\\index.php')
ERROR - 2022-09-16 11:25:07 --> mysqli_sql_exception: Cannot add or update a child row: a foreign key constraint fails (`erp`.`sales`, CONSTRAINT `sales_ibfk_1` FOREIGN KEY (`division`) REFERENCES `division` (`id`) ON UPDATE CASCADE) in C:\laragon\www\erp\vendor\codeigniter4\framework\system\Database\MySQLi\Connection.php:292
Stack trace:
#0 C:\laragon\www\erp\vendor\codeigniter4\framework\system\Database\MySQLi\Connection.php(292): mysqli->query('INSERT INTO `sa...', 0)
#1 C:\laragon\www\erp\vendor\codeigniter4\framework\system\Database\BaseConnection.php(693): CodeIgniter\Database\MySQLi\Connection->execute('INSERT INTO `sa...')
#2 C:\laragon\www\erp\vendor\codeigniter4\framework\system\Database\BaseConnection.php(620): CodeIgniter\Database\BaseConnection->simpleQuery('INSERT INTO `sa...')
#3 C:\laragon\www\erp\vendor\codeigniter4\framework\system\Database\BaseBuilder.php(1916): CodeIgniter\Database\BaseConnection->query('INSERT INTO `sa...', Array, false)
#4 C:\laragon\www\erp\vendor\codeigniter4\framework\system\Model.php(279): CodeIgniter\Database\BaseBuilder->insert()
#5 C:\laragon\www\erp\vendor\codeigniter4\framework\system\BaseModel.php(738): CodeIgniter\Model->doInsert(Array)
#6 C:\laragon\www\erp\vendor\codeigniter4\framework\system\Model.php(667): CodeIgniter\BaseModel->insert(Array, false)
#7 C:\laragon\www\erp\vendor\codeigniter4\framework\system\BaseModel.php(658): CodeIgniter\Model->insert(Array, false)
#8 C:\laragon\www\erp\app\Controllers\SalesController.php(114): CodeIgniter\BaseModel->save(Array)
#9 C:\laragon\www\erp\vendor\codeigniter4\framework\system\CodeIgniter.php(907): App\Controllers\SalesController->create()
#10 C:\laragon\www\erp\vendor\codeigniter4\framework\system\CodeIgniter.php(457): CodeIgniter\CodeIgniter->runController(Object(App\Controllers\SalesController))
#11 C:\laragon\www\erp\vendor\codeigniter4\framework\system\CodeIgniter.php(340): CodeIgniter\CodeIgniter->handleRequest(NULL, Object(Config\Cache), false)
#12 C:\laragon\www\erp\public\index.php(73): CodeIgniter\CodeIgniter->run()
#13 C:\laragon\www\erp\vendor\codeigniter4\framework\system\Commands\Server\rewrite.php(43): require_once('C:\\laragon\\www\\...')
#14 {main}
CRITICAL - 2022-09-16 11:25:07 --> Cannot add or update a child row: a foreign key constraint fails (`erp`.`sales`, CONSTRAINT `sales_ibfk_1` FOREIGN KEY (`division`) REFERENCES `division` (`id`) ON UPDATE CASCADE)
in SYSTEMPATH\Database\MySQLi\Connection.php on line 292.
 1 SYSTEMPATH\Database\MySQLi\Connection.php(292): mysqli->query('INSERT INTO `sales` (`division`, `salesmanid`, `customerid`, `billto`, `shipment`, `id`, `created_at`, `updated_at`) VALUES (\'D-00000000002\', \'SLM-00000000001\', \'CST-00000000001\', \'CST-00000000001\', \'SHP-00000000001\', \'S-00000000001\', \'2022-09-16 11:25:07\', \'2022-09-16 11:25:07\')', 0)
 2 SYSTEMPATH\Database\BaseConnection.php(693): CodeIgniter\Database\MySQLi\Connection->execute('INSERT INTO `sales` (`division`, `salesmanid`, `customerid`, `billto`, `shipment`, `id`, `created_at`, `updated_at`) VALUES (\'D-00000000002\', \'SLM-00000000001\', \'CST-00000000001\', \'CST-00000000001\', \'SHP-00000000001\', \'S-00000000001\', \'2022-09-16 11:25:07\', \'2022-09-16 11:25:07\')')
 3 SYSTEMPATH\Database\BaseConnection.php(620): CodeIgniter\Database\BaseConnection->simpleQuery('INSERT INTO `sales` (`division`, `salesmanid`, `customerid`, `billto`, `shipment`, `id`, `created_at`, `updated_at`) VALUES (\'D-00000000002\', \'SLM-00000000001\', \'CST-00000000001\', \'CST-00000000001\', \'SHP-00000000001\', \'S-00000000001\', \'2022-09-16 11:25:07\', \'2022-09-16 11:25:07\')')
 4 SYSTEMPATH\Database\BaseBuilder.php(1916): CodeIgniter\Database\BaseConnection->query('INSERT INTO `sales` (`division`, `salesmanid`, `customerid`, `billto`, `shipment`, `id`, `created_at`, `updated_at`) VALUES (:division:, :salesmanid:, :customerid:, :billto:, :shipment:, :id.1:, :created_at:, :updated_at:)', [...], false)
 5 SYSTEMPATH\Model.php(279): CodeIgniter\Database\BaseBuilder->insert()
 6 SYSTEMPATH\BaseModel.php(738): CodeIgniter\Model->doInsert([...])
 7 SYSTEMPATH\Model.php(667): CodeIgniter\BaseModel->insert([...], false)
 8 SYSTEMPATH\BaseModel.php(658): CodeIgniter\Model->insert([...], false)
 9 APPPATH\Controllers\SalesController.php(114): CodeIgniter\BaseModel->save([...])
10 SYSTEMPATH\CodeIgniter.php(907): App\Controllers\SalesController->create()
11 SYSTEMPATH\CodeIgniter.php(457): CodeIgniter\CodeIgniter->runController(Object(App\Controllers\SalesController))
12 SYSTEMPATH\CodeIgniter.php(340): CodeIgniter\CodeIgniter->handleRequest(null, Object(Config\Cache), false)
13 FCPATH\index.php(73): CodeIgniter\CodeIgniter->run()
14 SYSTEMPATH\Commands\Server\rewrite.php(43): require_once('FCPATH\\index.php')
ERROR - 2022-09-16 11:25:27 --> mysqli_sql_exception: Cannot add or update a child row: a foreign key constraint fails (`erp`.`sales`, CONSTRAINT `sales_ibfk_1` FOREIGN KEY (`division`) REFERENCES `division` (`id`) ON UPDATE CASCADE) in C:\laragon\www\erp\vendor\codeigniter4\framework\system\Database\MySQLi\Connection.php:292
Stack trace:
#0 C:\laragon\www\erp\vendor\codeigniter4\framework\system\Database\MySQLi\Connection.php(292): mysqli->query('INSERT INTO `sa...', 0)
#1 C:\laragon\www\erp\vendor\codeigniter4\framework\system\Database\BaseConnection.php(693): CodeIgniter\Database\MySQLi\Connection->execute('INSERT INTO `sa...')
#2 C:\laragon\www\erp\vendor\codeigniter4\framework\system\Database\BaseConnection.php(620): CodeIgniter\Database\BaseConnection->simpleQuery('INSERT INTO `sa...')
#3 C:\laragon\www\erp\vendor\codeigniter4\framework\system\Database\BaseBuilder.php(1916): CodeIgniter\Database\BaseConnection->query('INSERT INTO `sa...', Array, false)
#4 C:\laragon\www\erp\vendor\codeigniter4\framework\system\Model.php(279): CodeIgniter\Database\BaseBuilder->insert()
#5 C:\laragon\www\erp\vendor\codeigniter4\framework\system\BaseModel.php(738): CodeIgniter\Model->doInsert(Array)
#6 C:\laragon\www\erp\vendor\codeigniter4\framework\system\Model.php(667): CodeIgniter\BaseModel->insert(Array, false)
#7 C:\laragon\www\erp\vendor\codeigniter4\framework\system\BaseModel.php(658): CodeIgniter\Model->insert(Array, false)
#8 C:\laragon\www\erp\app\Controllers\SalesController.php(114): CodeIgniter\BaseModel->save(Array)
#9 C:\laragon\www\erp\vendor\codeigniter4\framework\system\CodeIgniter.php(907): App\Controllers\SalesController->create()
#10 C:\laragon\www\erp\vendor\codeigniter4\framework\system\CodeIgniter.php(457): CodeIgniter\CodeIgniter->runController(Object(App\Controllers\SalesController))
#11 C:\laragon\www\erp\vendor\codeigniter4\framework\system\CodeIgniter.php(340): CodeIgniter\CodeIgniter->handleRequest(NULL, Object(Config\Cache), false)
#12 C:\laragon\www\erp\public\index.php(73): CodeIgniter\CodeIgniter->run()
#13 C:\laragon\www\erp\vendor\codeigniter4\framework\system\Commands\Server\rewrite.php(43): require_once('C:\\laragon\\www\\...')
#14 {main}
CRITICAL - 2022-09-16 11:25:27 --> Cannot add or update a child row: a foreign key constraint fails (`erp`.`sales`, CONSTRAINT `sales_ibfk_1` FOREIGN KEY (`division`) REFERENCES `division` (`id`) ON UPDATE CASCADE)
in SYSTEMPATH\Database\MySQLi\Connection.php on line 292.
 1 SYSTEMPATH\Database\MySQLi\Connection.php(292): mysqli->query('INSERT INTO `sales` (`salesmanid`, `division`, `customerid`, `billto`, `shipment`, `id`, `created_at`, `updated_at`) VALUES (\'SLM-00000000001\', \'D-00000000002\', \'CST-00000000001\', \'CST-00000000001\', \'SHP-00000000001\', \'S-00000000001\', \'2022-09-16 11:25:27\', \'2022-09-16 11:25:27\')', 0)
 2 SYSTEMPATH\Database\BaseConnection.php(693): CodeIgniter\Database\MySQLi\Connection->execute('INSERT INTO `sales` (`salesmanid`, `division`, `customerid`, `billto`, `shipment`, `id`, `created_at`, `updated_at`) VALUES (\'SLM-00000000001\', \'D-00000000002\', \'CST-00000000001\', \'CST-00000000001\', \'SHP-00000000001\', \'S-00000000001\', \'2022-09-16 11:25:27\', \'2022-09-16 11:25:27\')')
 3 SYSTEMPATH\Database\BaseConnection.php(620): CodeIgniter\Database\BaseConnection->simpleQuery('INSERT INTO `sales` (`salesmanid`, `division`, `customerid`, `billto`, `shipment`, `id`, `created_at`, `updated_at`) VALUES (\'SLM-00000000001\', \'D-00000000002\', \'CST-00000000001\', \'CST-00000000001\', \'SHP-00000000001\', \'S-00000000001\', \'2022-09-16 11:25:27\', \'2022-09-16 11:25:27\')')
 4 SYSTEMPATH\Database\BaseBuilder.php(1916): CodeIgniter\Database\BaseConnection->query('INSERT INTO `sales` (`salesmanid`, `division`, `customerid`, `billto`, `shipment`, `id`, `created_at`, `updated_at`) VALUES (:salesmanid:, :division:, :customerid:, :billto:, :shipment:, :id.1:, :created_at:, :updated_at:)', [...], false)
 5 SYSTEMPATH\Model.php(279): CodeIgniter\Database\BaseBuilder->insert()
 6 SYSTEMPATH\BaseModel.php(738): CodeIgniter\Model->doInsert([...])
 7 SYSTEMPATH\Model.php(667): CodeIgniter\BaseModel->insert([...], false)
 8 SYSTEMPATH\BaseModel.php(658): CodeIgniter\Model->insert([...], false)
 9 APPPATH\Controllers\SalesController.php(114): CodeIgniter\BaseModel->save([...])
10 SYSTEMPATH\CodeIgniter.php(907): App\Controllers\SalesController->create()
11 SYSTEMPATH\CodeIgniter.php(457): CodeIgniter\CodeIgniter->runController(Object(App\Controllers\SalesController))
12 SYSTEMPATH\CodeIgniter.php(340): CodeIgniter\CodeIgniter->handleRequest(null, Object(Config\Cache), false)
13 FCPATH\index.php(73): CodeIgniter\CodeIgniter->run()
14 SYSTEMPATH\Commands\Server\rewrite.php(43): require_once('FCPATH\\index.php')
ERROR - 2022-09-16 11:26:57 --> mysqli_sql_exception: Cannot add or update a child row: a foreign key constraint fails (`erp`.`sales`, CONSTRAINT `sales_ibfk_1` FOREIGN KEY (`division`) REFERENCES `division` (`id`) ON UPDATE CASCADE) in C:\laragon\www\erp\vendor\codeigniter4\framework\system\Database\MySQLi\Connection.php:292
Stack trace:
#0 C:\laragon\www\erp\vendor\codeigniter4\framework\system\Database\MySQLi\Connection.php(292): mysqli->query('INSERT INTO `sa...', 0)
#1 C:\laragon\www\erp\vendor\codeigniter4\framework\system\Database\BaseConnection.php(693): CodeIgniter\Database\MySQLi\Connection->execute('INSERT INTO `sa...')
#2 C:\laragon\www\erp\vendor\codeigniter4\framework\system\Database\BaseConnection.php(620): CodeIgniter\Database\BaseConnection->simpleQuery('INSERT INTO `sa...')
#3 C:\laragon\www\erp\vendor\codeigniter4\framework\system\Database\BaseBuilder.php(1916): CodeIgniter\Database\BaseConnection->query('INSERT INTO `sa...', Array, false)
#4 C:\laragon\www\erp\vendor\codeigniter4\framework\system\Model.php(279): CodeIgniter\Database\BaseBuilder->insert()
#5 C:\laragon\www\erp\vendor\codeigniter4\framework\system\BaseModel.php(738): CodeIgniter\Model->doInsert(Array)
#6 C:\laragon\www\erp\vendor\codeigniter4\framework\system\Model.php(667): CodeIgniter\BaseModel->insert(Array, false)
#7 C:\laragon\www\erp\vendor\codeigniter4\framework\system\BaseModel.php(658): CodeIgniter\Model->insert(Array, false)
#8 C:\laragon\www\erp\app\Controllers\SalesController.php(114): CodeIgniter\BaseModel->save(Array)
#9 C:\laragon\www\erp\vendor\codeigniter4\framework\system\CodeIgniter.php(907): App\Controllers\SalesController->create()
#10 C:\laragon\www\erp\vendor\codeigniter4\framework\system\CodeIgniter.php(457): CodeIgniter\CodeIgniter->runController(Object(App\Controllers\SalesController))
#11 C:\laragon\www\erp\vendor\codeigniter4\framework\system\CodeIgniter.php(340): CodeIgniter\CodeIgniter->handleRequest(NULL, Object(Config\Cache), false)
#12 C:\laragon\www\erp\public\index.php(73): CodeIgniter\CodeIgniter->run()
#13 C:\laragon\www\erp\vendor\codeigniter4\framework\system\Commands\Server\rewrite.php(43): require_once('C:\\laragon\\www\\...')
#14 {main}
CRITICAL - 2022-09-16 11:26:57 --> Cannot add or update a child row: a foreign key constraint fails (`erp`.`sales`, CONSTRAINT `sales_ibfk_1` FOREIGN KEY (`division`) REFERENCES `division` (`id`) ON UPDATE CASCADE)
in SYSTEMPATH\Database\MySQLi\Connection.php on line 292.
 1 SYSTEMPATH\Database\MySQLi\Connection.php(292): mysqli->query('INSERT INTO `sales` (`salesmanid`, `division`, `customerid`, `billto`, `shipment`, `id`, `created_at`, `updated_at`) VALUES (\'SLM-00000000001\', \'D-00000000002\', \'CST-00000000001\', \'CST-00000000001\', \'SHP-00000000001\', \'S-00000000001\', \'2022-09-16 11:26:57\', \'2022-09-16 11:26:57\')', 0)
 2 SYSTEMPATH\Database\BaseConnection.php(693): CodeIgniter\Database\MySQLi\Connection->execute('INSERT INTO `sales` (`salesmanid`, `division`, `customerid`, `billto`, `shipment`, `id`, `created_at`, `updated_at`) VALUES (\'SLM-00000000001\', \'D-00000000002\', \'CST-00000000001\', \'CST-00000000001\', \'SHP-00000000001\', \'S-00000000001\', \'2022-09-16 11:26:57\', \'2022-09-16 11:26:57\')')
 3 SYSTEMPATH\Database\BaseConnection.php(620): CodeIgniter\Database\BaseConnection->simpleQuery('INSERT INTO `sales` (`salesmanid`, `division`, `customerid`, `billto`, `shipment`, `id`, `created_at`, `updated_at`) VALUES (\'SLM-00000000001\', \'D-00000000002\', \'CST-00000000001\', \'CST-00000000001\', \'SHP-00000000001\', \'S-00000000001\', \'2022-09-16 11:26:57\', \'2022-09-16 11:26:57\')')
 4 SYSTEMPATH\Database\BaseBuilder.php(1916): CodeIgniter\Database\BaseConnection->query('INSERT INTO `sales` (`salesmanid`, `division`, `customerid`, `billto`, `shipment`, `id`, `created_at`, `updated_at`) VALUES (:salesmanid:, :division:, :customerid:, :billto:, :shipment:, :id.1:, :created_at:, :updated_at:)', [...], false)
 5 SYSTEMPATH\Model.php(279): CodeIgniter\Database\BaseBuilder->insert()
 6 SYSTEMPATH\BaseModel.php(738): CodeIgniter\Model->doInsert([...])
 7 SYSTEMPATH\Model.php(667): CodeIgniter\BaseModel->insert([...], false)
 8 SYSTEMPATH\BaseModel.php(658): CodeIgniter\Model->insert([...], false)
 9 APPPATH\Controllers\SalesController.php(114): CodeIgniter\BaseModel->save([...])
10 SYSTEMPATH\CodeIgniter.php(907): App\Controllers\SalesController->create()
11 SYSTEMPATH\CodeIgniter.php(457): CodeIgniter\CodeIgniter->runController(Object(App\Controllers\SalesController))
12 SYSTEMPATH\CodeIgniter.php(340): CodeIgniter\CodeIgniter->handleRequest(null, Object(Config\Cache), false)
13 FCPATH\index.php(73): CodeIgniter\CodeIgniter->run()
14 SYSTEMPATH\Commands\Server\rewrite.php(43): require_once('FCPATH\\index.php')
ERROR - 2022-09-16 11:27:51 --> mysqli_sql_exception: Cannot add or update a child row: a foreign key constraint fails (`erp`.`sales`, CONSTRAINT `sales_ibfk_1` FOREIGN KEY (`division`) REFERENCES `division` (`id`) ON UPDATE CASCADE) in C:\laragon\www\erp\vendor\codeigniter4\framework\system\Database\MySQLi\Connection.php:292
Stack trace:
#0 C:\laragon\www\erp\vendor\codeigniter4\framework\system\Database\MySQLi\Connection.php(292): mysqli->query('INSERT INTO `sa...', 0)
#1 C:\laragon\www\erp\vendor\codeigniter4\framework\system\Database\BaseConnection.php(693): CodeIgniter\Database\MySQLi\Connection->execute('INSERT INTO `sa...')
#2 C:\laragon\www\erp\vendor\codeigniter4\framework\system\Database\BaseConnection.php(620): CodeIgniter\Database\BaseConnection->simpleQuery('INSERT INTO `sa...')
#3 C:\laragon\www\erp\vendor\codeigniter4\framework\system\Database\BaseBuilder.php(1916): CodeIgniter\Database\BaseConnection->query('INSERT INTO `sa...', Array, false)
#4 C:\laragon\www\erp\vendor\codeigniter4\framework\system\Model.php(279): CodeIgniter\Database\BaseBuilder->insert()
#5 C:\laragon\www\erp\vendor\codeigniter4\framework\system\BaseModel.php(738): CodeIgniter\Model->doInsert(Array)
#6 C:\laragon\www\erp\vendor\codeigniter4\framework\system\Model.php(667): CodeIgniter\BaseModel->insert(Array, false)
#7 C:\laragon\www\erp\vendor\codeigniter4\framework\system\BaseModel.php(658): CodeIgniter\Model->insert(Array, false)
#8 C:\laragon\www\erp\app\Controllers\SalesController.php(114): CodeIgniter\BaseModel->save(Array)
#9 C:\laragon\www\erp\vendor\codeigniter4\framework\system\CodeIgniter.php(907): App\Controllers\SalesController->create()
#10 C:\laragon\www\erp\vendor\codeigniter4\framework\system\CodeIgniter.php(457): CodeIgniter\CodeIgniter->runController(Object(App\Controllers\SalesController))
#11 C:\laragon\www\erp\vendor\codeigniter4\framework\system\CodeIgniter.php(340): CodeIgniter\CodeIgniter->handleRequest(NULL, Object(Config\Cache), false)
#12 C:\laragon\www\erp\public\index.php(73): CodeIgniter\CodeIgniter->run()
#13 C:\laragon\www\erp\vendor\codeigniter4\framework\system\Commands\Server\rewrite.php(43): require_once('C:\\laragon\\www\\...')
#14 {main}
CRITICAL - 2022-09-16 11:27:51 --> Cannot add or update a child row: a foreign key constraint fails (`erp`.`sales`, CONSTRAINT `sales_ibfk_1` FOREIGN KEY (`division`) REFERENCES `division` (`id`) ON UPDATE CASCADE)
in SYSTEMPATH\Database\MySQLi\Connection.php on line 292.
 1 SYSTEMPATH\Database\MySQLi\Connection.php(292): mysqli->query('INSERT INTO `sales` (`salesmanid`, `division`, `customerid`, `billto`, `shipment`, `id`, `created_at`, `updated_at`) VALUES (\'SLM-00000000001\', \'D-00000000002\', \'CST-00000000001\', \'CST-00000000001\', \'SHP-00000000001\', \'S-00000000001\', \'2022-09-16 11:27:51\', \'2022-09-16 11:27:51\')', 0)
 2 SYSTEMPATH\Database\BaseConnection.php(693): CodeIgniter\Database\MySQLi\Connection->execute('INSERT INTO `sales` (`salesmanid`, `division`, `customerid`, `billto`, `shipment`, `id`, `created_at`, `updated_at`) VALUES (\'SLM-00000000001\', \'D-00000000002\', \'CST-00000000001\', \'CST-00000000001\', \'SHP-00000000001\', \'S-00000000001\', \'2022-09-16 11:27:51\', \'2022-09-16 11:27:51\')')
 3 SYSTEMPATH\Database\BaseConnection.php(620): CodeIgniter\Database\BaseConnection->simpleQuery('INSERT INTO `sales` (`salesmanid`, `division`, `customerid`, `billto`, `shipment`, `id`, `created_at`, `updated_at`) VALUES (\'SLM-00000000001\', \'D-00000000002\', \'CST-00000000001\', \'CST-00000000001\', \'SHP-00000000001\', \'S-00000000001\', \'2022-09-16 11:27:51\', \'2022-09-16 11:27:51\')')
 4 SYSTEMPATH\Database\BaseBuilder.php(1916): CodeIgniter\Database\BaseConnection->query('INSERT INTO `sales` (`salesmanid`, `division`, `customerid`, `billto`, `shipment`, `id`, `created_at`, `updated_at`) VALUES (:salesmanid:, :division:, :customerid:, :billto:, :shipment:, :id.1:, :created_at:, :updated_at:)', [...], false)
 5 SYSTEMPATH\Model.php(279): CodeIgniter\Database\BaseBuilder->insert()
 6 SYSTEMPATH\BaseModel.php(738): CodeIgniter\Model->doInsert([...])
 7 SYSTEMPATH\Model.php(667): CodeIgniter\BaseModel->insert([...], false)
 8 SYSTEMPATH\BaseModel.php(658): CodeIgniter\Model->insert([...], false)
 9 APPPATH\Controllers\SalesController.php(114): CodeIgniter\BaseModel->save([...])
10 SYSTEMPATH\CodeIgniter.php(907): App\Controllers\SalesController->create()
11 SYSTEMPATH\CodeIgniter.php(457): CodeIgniter\CodeIgniter->runController(Object(App\Controllers\SalesController))
12 SYSTEMPATH\CodeIgniter.php(340): CodeIgniter\CodeIgniter->handleRequest(null, Object(Config\Cache), false)
13 FCPATH\index.php(73): CodeIgniter\CodeIgniter->run()
14 SYSTEMPATH\Commands\Server\rewrite.php(43): require_once('FCPATH\\index.php')
ERROR - 2022-09-16 11:27:56 --> mysqli_sql_exception: Cannot add or update a child row: a foreign key constraint fails (`erp`.`sales`, CONSTRAINT `sales_ibfk_1` FOREIGN KEY (`division`) REFERENCES `division` (`id`) ON UPDATE CASCADE) in C:\laragon\www\erp\vendor\codeigniter4\framework\system\Database\MySQLi\Connection.php:292
Stack trace:
#0 C:\laragon\www\erp\vendor\codeigniter4\framework\system\Database\MySQLi\Connection.php(292): mysqli->query('INSERT INTO `sa...', 0)
#1 C:\laragon\www\erp\vendor\codeigniter4\framework\system\Database\BaseConnection.php(693): CodeIgniter\Database\MySQLi\Connection->execute('INSERT INTO `sa...')
#2 C:\laragon\www\erp\vendor\codeigniter4\framework\system\Database\BaseConnection.php(620): CodeIgniter\Database\BaseConnection->simpleQuery('INSERT INTO `sa...')
#3 C:\laragon\www\erp\vendor\codeigniter4\framework\system\Database\BaseBuilder.php(1916): CodeIgniter\Database\BaseConnection->query('INSERT INTO `sa...', Array, false)
#4 C:\laragon\www\erp\vendor\codeigniter4\framework\system\Model.php(279): CodeIgniter\Database\BaseBuilder->insert()
#5 C:\laragon\www\erp\vendor\codeigniter4\framework\system\BaseModel.php(738): CodeIgniter\Model->doInsert(Array)
#6 C:\laragon\www\erp\vendor\codeigniter4\framework\system\Model.php(667): CodeIgniter\BaseModel->insert(Array, false)
#7 C:\laragon\www\erp\vendor\codeigniter4\framework\system\BaseModel.php(658): CodeIgniter\Model->insert(Array, false)
#8 C:\laragon\www\erp\app\Controllers\SalesController.php(114): CodeIgniter\BaseModel->save(Array)
#9 C:\laragon\www\erp\vendor\codeigniter4\framework\system\CodeIgniter.php(907): App\Controllers\SalesController->create()
#10 C:\laragon\www\erp\vendor\codeigniter4\framework\system\CodeIgniter.php(457): CodeIgniter\CodeIgniter->runController(Object(App\Controllers\SalesController))
#11 C:\laragon\www\erp\vendor\codeigniter4\framework\system\CodeIgniter.php(340): CodeIgniter\CodeIgniter->handleRequest(NULL, Object(Config\Cache), false)
#12 C:\laragon\www\erp\public\index.php(73): CodeIgniter\CodeIgniter->run()
#13 C:\laragon\www\erp\vendor\codeigniter4\framework\system\Commands\Server\rewrite.php(43): require_once('C:\\laragon\\www\\...')
#14 {main}
CRITICAL - 2022-09-16 11:27:56 --> Cannot add or update a child row: a foreign key constraint fails (`erp`.`sales`, CONSTRAINT `sales_ibfk_1` FOREIGN KEY (`division`) REFERENCES `division` (`id`) ON UPDATE CASCADE)
in SYSTEMPATH\Database\MySQLi\Connection.php on line 292.
 1 SYSTEMPATH\Database\MySQLi\Connection.php(292): mysqli->query('INSERT INTO `sales` (`salesmanid`, `division`, `customerid`, `billto`, `shipment`, `id`, `created_at`, `updated_at`) VALUES (\'SLM-00000000001\', \'D-00000000002\', \'CST-00000000001\', \'CST-00000000001\', \'SHP-00000000001\', \'S-00000000001\', \'2022-09-16 11:27:56\', \'2022-09-16 11:27:56\')', 0)
 2 SYSTEMPATH\Database\BaseConnection.php(693): CodeIgniter\Database\MySQLi\Connection->execute('INSERT INTO `sales` (`salesmanid`, `division`, `customerid`, `billto`, `shipment`, `id`, `created_at`, `updated_at`) VALUES (\'SLM-00000000001\', \'D-00000000002\', \'CST-00000000001\', \'CST-00000000001\', \'SHP-00000000001\', \'S-00000000001\', \'2022-09-16 11:27:56\', \'2022-09-16 11:27:56\')')
 3 SYSTEMPATH\Database\BaseConnection.php(620): CodeIgniter\Database\BaseConnection->simpleQuery('INSERT INTO `sales` (`salesmanid`, `division`, `customerid`, `billto`, `shipment`, `id`, `created_at`, `updated_at`) VALUES (\'SLM-00000000001\', \'D-00000000002\', \'CST-00000000001\', \'CST-00000000001\', \'SHP-00000000001\', \'S-00000000001\', \'2022-09-16 11:27:56\', \'2022-09-16 11:27:56\')')
 4 SYSTEMPATH\Database\BaseBuilder.php(1916): CodeIgniter\Database\BaseConnection->query('INSERT INTO `sales` (`salesmanid`, `division`, `customerid`, `billto`, `shipment`, `id`, `created_at`, `updated_at`) VALUES (:salesmanid:, :division:, :customerid:, :billto:, :shipment:, :id.1:, :created_at:, :updated_at:)', [...], false)
 5 SYSTEMPATH\Model.php(279): CodeIgniter\Database\BaseBuilder->insert()
 6 SYSTEMPATH\BaseModel.php(738): CodeIgniter\Model->doInsert([...])
 7 SYSTEMPATH\Model.php(667): CodeIgniter\BaseModel->insert([...], false)
 8 SYSTEMPATH\BaseModel.php(658): CodeIgniter\Model->insert([...], false)
 9 APPPATH\Controllers\SalesController.php(114): CodeIgniter\BaseModel->save([...])
10 SYSTEMPATH\CodeIgniter.php(907): App\Controllers\SalesController->create()
11 SYSTEMPATH\CodeIgniter.php(457): CodeIgniter\CodeIgniter->runController(Object(App\Controllers\SalesController))
12 SYSTEMPATH\CodeIgniter.php(340): CodeIgniter\CodeIgniter->handleRequest(null, Object(Config\Cache), false)
13 FCPATH\index.php(73): CodeIgniter\CodeIgniter->run()
14 SYSTEMPATH\Commands\Server\rewrite.php(43): require_once('FCPATH\\index.php')
ERROR - 2022-09-16 15:41:15 --> mysqli_sql_exception: Unknown column 'employeegroup.deleted_at' in 'where clause' in C:\laragon\www\erp\vendor\codeigniter4\framework\system\Database\MySQLi\Connection.php:292
Stack trace:
#0 C:\laragon\www\erp\vendor\codeigniter4\framework\system\Database\MySQLi\Connection.php(292): mysqli->query('SELECT *\nFROM `...', 0)
#1 C:\laragon\www\erp\vendor\codeigniter4\framework\system\Database\BaseConnection.php(693): CodeIgniter\Database\MySQLi\Connection->execute('SELECT *\nFROM `...')
#2 C:\laragon\www\erp\vendor\codeigniter4\framework\system\Database\BaseConnection.php(620): CodeIgniter\Database\BaseConnection->simpleQuery('SELECT *\nFROM `...')
#3 C:\laragon\www\erp\vendor\codeigniter4\framework\system\Database\BaseBuilder.php(1585): CodeIgniter\Database\BaseConnection->query('SELECT *\nFROM `...', Array, false)
#4 C:\laragon\www\erp\vendor\codeigniter4\framework\system\Model.php(223): CodeIgniter\Database\BaseBuilder->get()
#5 C:\laragon\www\erp\vendor\codeigniter4\framework\system\BaseModel.php(584): CodeIgniter\Model->doFindAll(0, 0)
#6 C:\laragon\www\erp\app\Controllers\EmployeeGroupController.php(27): CodeIgniter\BaseModel->findAll()
#7 C:\laragon\www\erp\vendor\codeigniter4\framework\system\CodeIgniter.php(907): App\Controllers\EmployeeGroupController->index()
#8 C:\laragon\www\erp\vendor\codeigniter4\framework\system\CodeIgniter.php(457): CodeIgniter\CodeIgniter->runController(Object(App\Controllers\EmployeeGroupController))
#9 C:\laragon\www\erp\vendor\codeigniter4\framework\system\CodeIgniter.php(340): CodeIgniter\CodeIgniter->handleRequest(NULL, Object(Config\Cache), false)
#10 C:\laragon\www\erp\public\index.php(73): CodeIgniter\CodeIgniter->run()
#11 C:\laragon\www\erp\vendor\codeigniter4\framework\system\Commands\Server\rewrite.php(43): require_once('C:\\laragon\\www\\...')
#12 {main}
CRITICAL - 2022-09-16 15:41:15 --> Unknown column 'employeegroup.deleted_at' in 'where clause'
in SYSTEMPATH\Database\MySQLi\Connection.php on line 292.
 1 SYSTEMPATH\Database\MySQLi\Connection.php(292): mysqli->query('SELECT *
FROM `employeegroup`
WHERE `employeegroup`.`deleted_at` IS NULL', 0)
 2 SYSTEMPATH\Database\BaseConnection.php(693): CodeIgniter\Database\MySQLi\Connection->execute('SELECT *
FROM `employeegroup`
WHERE `employeegroup`.`deleted_at` IS NULL')
 3 SYSTEMPATH\Database\BaseConnection.php(620): CodeIgniter\Database\BaseConnection->simpleQuery('SELECT *
FROM `employeegroup`
WHERE `employeegroup`.`deleted_at` IS NULL')
 4 SYSTEMPATH\Database\BaseBuilder.php(1585): CodeIgniter\Database\BaseConnection->query('SELECT *
FROM `employeegroup`
WHERE `employeegroup`.`deleted_at` IS NULL', [], false)
 5 SYSTEMPATH\Model.php(223): CodeIgniter\Database\BaseBuilder->get()
 6 SYSTEMPATH\BaseModel.php(584): CodeIgniter\Model->doFindAll(0, 0)
 7 APPPATH\Controllers\EmployeeGroupController.php(27): CodeIgniter\BaseModel->findAll()
 8 SYSTEMPATH\CodeIgniter.php(907): App\Controllers\EmployeeGroupController->index()
 9 SYSTEMPATH\CodeIgniter.php(457): CodeIgniter\CodeIgniter->runController(Object(App\Controllers\EmployeeGroupController))
10 SYSTEMPATH\CodeIgniter.php(340): CodeIgniter\CodeIgniter->handleRequest(null, Object(Config\Cache), false)
11 FCPATH\index.php(73): CodeIgniter\CodeIgniter->run()
12 SYSTEMPATH\Commands\Server\rewrite.php(43): require_once('FCPATH\\index.php')
ERROR - 2022-09-16 15:58:09 --> mysqli_sql_exception: Unknown column 'employeelevel.deleted_at' in 'where clause' in C:\laragon\www\erp\vendor\codeigniter4\framework\system\Database\MySQLi\Connection.php:292
Stack trace:
#0 C:\laragon\www\erp\vendor\codeigniter4\framework\system\Database\MySQLi\Connection.php(292): mysqli->query('SELECT *\nFROM `...', 0)
#1 C:\laragon\www\erp\vendor\codeigniter4\framework\system\Database\BaseConnection.php(693): CodeIgniter\Database\MySQLi\Connection->execute('SELECT *\nFROM `...')
#2 C:\laragon\www\erp\vendor\codeigniter4\framework\system\Database\BaseConnection.php(620): CodeIgniter\Database\BaseConnection->simpleQuery('SELECT *\nFROM `...')
#3 C:\laragon\www\erp\vendor\codeigniter4\framework\system\Database\BaseBuilder.php(1585): CodeIgniter\Database\BaseConnection->query('SELECT *\nFROM `...', Array, false)
#4 C:\laragon\www\erp\vendor\codeigniter4\framework\system\Model.php(223): CodeIgniter\Database\BaseBuilder->get()
#5 C:\laragon\www\erp\vendor\codeigniter4\framework\system\BaseModel.php(584): CodeIgniter\Model->doFindAll(0, 0)
#6 C:\laragon\www\erp\app\Controllers\EmployeeLevelController.php(27): CodeIgniter\BaseModel->findAll()
#7 C:\laragon\www\erp\vendor\codeigniter4\framework\system\CodeIgniter.php(907): App\Controllers\EmployeeLevelController->index()
#8 C:\laragon\www\erp\vendor\codeigniter4\framework\system\CodeIgniter.php(457): CodeIgniter\CodeIgniter->runController(Object(App\Controllers\EmployeeLevelController))
#9 C:\laragon\www\erp\vendor\codeigniter4\framework\system\CodeIgniter.php(340): CodeIgniter\CodeIgniter->handleRequest(NULL, Object(Config\Cache), false)
#10 C:\laragon\www\erp\public\index.php(73): CodeIgniter\CodeIgniter->run()
#11 C:\laragon\www\erp\vendor\codeigniter4\framework\system\Commands\Server\rewrite.php(43): require_once('C:\\laragon\\www\\...')
#12 {main}
CRITICAL - 2022-09-16 15:58:09 --> Unknown column 'employeelevel.deleted_at' in 'where clause'
in SYSTEMPATH\Database\MySQLi\Connection.php on line 292.
 1 SYSTEMPATH\Database\MySQLi\Connection.php(292): mysqli->query('SELECT *
FROM `employeelevel`
WHERE `employeelevel`.`deleted_at` IS NULL', 0)
 2 SYSTEMPATH\Database\BaseConnection.php(693): CodeIgniter\Database\MySQLi\Connection->execute('SELECT *
FROM `employeelevel`
WHERE `employeelevel`.`deleted_at` IS NULL')
 3 SYSTEMPATH\Database\BaseConnection.php(620): CodeIgniter\Database\BaseConnection->simpleQuery('SELECT *
FROM `employeelevel`
WHERE `employeelevel`.`deleted_at` IS NULL')
 4 SYSTEMPATH\Database\BaseBuilder.php(1585): CodeIgniter\Database\BaseConnection->query('SELECT *
FROM `employeelevel`
WHERE `employeelevel`.`deleted_at` IS NULL', [], false)
 5 SYSTEMPATH\Model.php(223): CodeIgniter\Database\BaseBuilder->get()
 6 SYSTEMPATH\BaseModel.php(584): CodeIgniter\Model->doFindAll(0, 0)
 7 APPPATH\Controllers\EmployeeLevelController.php(27): CodeIgniter\BaseModel->findAll()
 8 SYSTEMPATH\CodeIgniter.php(907): App\Controllers\EmployeeLevelController->index()
 9 SYSTEMPATH\CodeIgniter.php(457): CodeIgniter\CodeIgniter->runController(Object(App\Controllers\EmployeeLevelController))
10 SYSTEMPATH\CodeIgniter.php(340): CodeIgniter\CodeIgniter->handleRequest(null, Object(Config\Cache), false)
11 FCPATH\index.php(73): CodeIgniter\CodeIgniter->run()
12 SYSTEMPATH\Commands\Server\rewrite.php(43): require_once('FCPATH\\index.php')
ERROR - 2022-09-16 16:00:23 --> mysqli_sql_exception: Table 'erp.employelevel' doesn't exist in C:\laragon\www\erp\vendor\codeigniter4\framework\system\Database\MySQLi\Connection.php:292
Stack trace:
#0 C:\laragon\www\erp\vendor\codeigniter4\framework\system\Database\MySQLi\Connection.php(292): mysqli->query('SELECT MAX(id) ...', 0)
#1 C:\laragon\www\erp\vendor\codeigniter4\framework\system\Database\BaseConnection.php(693): CodeIgniter\Database\MySQLi\Connection->execute('SELECT MAX(id) ...')
#2 C:\laragon\www\erp\vendor\codeigniter4\framework\system\Database\BaseConnection.php(620): CodeIgniter\Database\BaseConnection->simpleQuery('SELECT MAX(id) ...')
#3 C:\laragon\www\erp\app\Helpers\general_helper.php(114): CodeIgniter\Database\BaseConnection->query('SELECT MAX(id) ...')
#4 C:\laragon\www\erp\app\Controllers\EmployeeLevelController.php(89): get_kode('employelevel', 'id', 'EL')
#5 C:\laragon\www\erp\vendor\codeigniter4\framework\system\CodeIgniter.php(907): App\Controllers\EmployeeLevelController->create()
#6 C:\laragon\www\erp\vendor\codeigniter4\framework\system\CodeIgniter.php(457): CodeIgniter\CodeIgniter->runController(Object(App\Controllers\EmployeeLevelController))
#7 C:\laragon\www\erp\vendor\codeigniter4\framework\system\CodeIgniter.php(340): CodeIgniter\CodeIgniter->handleRequest(NULL, Object(Config\Cache), false)
#8 C:\laragon\www\erp\public\index.php(73): CodeIgniter\CodeIgniter->run()
#9 C:\laragon\www\erp\vendor\codeigniter4\framework\system\Commands\Server\rewrite.php(43): require_once('C:\\laragon\\www\\...')
#10 {main}
CRITICAL - 2022-09-16 16:00:23 --> Table 'erp.employelevel' doesn't exist
in SYSTEMPATH\Database\MySQLi\Connection.php on line 292.
 1 SYSTEMPATH\Database\MySQLi\Connection.php(292): mysqli->query('SELECT MAX(id) as max_kode FROM employelevel', 0)
 2 SYSTEMPATH\Database\BaseConnection.php(693): CodeIgniter\Database\MySQLi\Connection->execute('SELECT MAX(id) as max_kode FROM employelevel')
 3 SYSTEMPATH\Database\BaseConnection.php(620): CodeIgniter\Database\BaseConnection->simpleQuery('SELECT MAX(id) as max_kode FROM employelevel')
 4 APPPATH\Helpers\general_helper.php(114): CodeIgniter\Database\BaseConnection->query('SELECT MAX(id) as max_kode FROM employelevel')
 5 APPPATH\Controllers\EmployeeLevelController.php(89): get_kode('employelevel', 'id', 'EL')
 6 SYSTEMPATH\CodeIgniter.php(907): App\Controllers\EmployeeLevelController->create()
 7 SYSTEMPATH\CodeIgniter.php(457): CodeIgniter\CodeIgniter->runController(Object(App\Controllers\EmployeeLevelController))
 8 SYSTEMPATH\CodeIgniter.php(340): CodeIgniter\CodeIgniter->handleRequest(null, Object(Config\Cache), false)
 9 FCPATH\index.php(73): CodeIgniter\CodeIgniter->run()
10 SYSTEMPATH\Commands\Server\rewrite.php(43): require_once('FCPATH\\index.php')
ERROR - 2022-09-16 16:09:06 --> mysqli_sql_exception: Unknown column 'updated_at' in 'field list' in C:\laragon\www\erp\vendor\codeigniter4\framework\system\Database\MySQLi\Connection.php:292
Stack trace:
#0 C:\laragon\www\erp\vendor\codeigniter4\framework\system\Database\MySQLi\Connection.php(292): mysqli->query('INSERT INTO `em...', 0)
#1 C:\laragon\www\erp\vendor\codeigniter4\framework\system\Database\BaseConnection.php(693): CodeIgniter\Database\MySQLi\Connection->execute('INSERT INTO `em...')
#2 C:\laragon\www\erp\vendor\codeigniter4\framework\system\Database\BaseConnection.php(620): CodeIgniter\Database\BaseConnection->simpleQuery('INSERT INTO `em...')
#3 C:\laragon\www\erp\vendor\codeigniter4\framework\system\Database\BaseBuilder.php(1916): CodeIgniter\Database\BaseConnection->query('INSERT INTO `em...', Array, false)
#4 C:\laragon\www\erp\vendor\codeigniter4\framework\system\Model.php(279): CodeIgniter\Database\BaseBuilder->insert()
#5 C:\laragon\www\erp\vendor\codeigniter4\framework\system\BaseModel.php(738): CodeIgniter\Model->doInsert(Array)
#6 C:\laragon\www\erp\vendor\codeigniter4\framework\system\Model.php(667): CodeIgniter\BaseModel->insert(Array, false)
#7 C:\laragon\www\erp\vendor\codeigniter4\framework\system\BaseModel.php(658): CodeIgniter\Model->insert(Array, false)
#8 C:\laragon\www\erp\app\Controllers\EmployeeLevelController.php(90): CodeIgniter\BaseModel->save(Array)
#9 C:\laragon\www\erp\vendor\codeigniter4\framework\system\CodeIgniter.php(907): App\Controllers\EmployeeLevelController->create()
#10 C:\laragon\www\erp\vendor\codeigniter4\framework\system\CodeIgniter.php(457): CodeIgniter\CodeIgniter->runController(Object(App\Controllers\EmployeeLevelController))
#11 C:\laragon\www\erp\vendor\codeigniter4\framework\system\CodeIgniter.php(340): CodeIgniter\CodeIgniter->handleRequest(NULL, Object(Config\Cache), false)
#12 C:\laragon\www\erp\public\index.php(73): CodeIgniter\CodeIgniter->run()
#13 C:\laragon\www\erp\vendor\codeigniter4\framework\system\Commands\Server\rewrite.php(43): require_once('C:\\laragon\\www\\...')
#14 {main}
CRITICAL - 2022-09-16 16:09:06 --> Unknown column 'updated_at' in 'field list'
in SYSTEMPATH\Database\MySQLi\Connection.php on line 292.
 1 SYSTEMPATH\Database\MySQLi\Connection.php(292): mysqli->query('INSERT INTO `employeelevel` (`description`, `id`, `created_at`, `updated_at`) VALUES (\'Level 1\', \'EL-00000000003\', \'2022-09-16 16:09:06\', \'2022-09-16 16:09:06\')', 0)
 2 SYSTEMPATH\Database\BaseConnection.php(693): CodeIgniter\Database\MySQLi\Connection->execute('INSERT INTO `employeelevel` (`description`, `id`, `created_at`, `updated_at`) VALUES (\'Level 1\', \'EL-00000000003\', \'2022-09-16 16:09:06\', \'2022-09-16 16:09:06\')')
 3 SYSTEMPATH\Database\BaseConnection.php(620): CodeIgniter\Database\BaseConnection->simpleQuery('INSERT INTO `employeelevel` (`description`, `id`, `created_at`, `updated_at`) VALUES (\'Level 1\', \'EL-00000000003\', \'2022-09-16 16:09:06\', \'2022-09-16 16:09:06\')')
 4 SYSTEMPATH\Database\BaseBuilder.php(1916): CodeIgniter\Database\BaseConnection->query('INSERT INTO `employeelevel` (`description`, `id`, `created_at`, `updated_at`) VALUES (:description:, :id.1:, :created_at:, :updated_at:)', [...], false)
 5 SYSTEMPATH\Model.php(279): CodeIgniter\Database\BaseBuilder->insert()
 6 SYSTEMPATH\BaseModel.php(738): CodeIgniter\Model->doInsert([...])
 7 SYSTEMPATH\Model.php(667): CodeIgniter\BaseModel->insert([...], false)
 8 SYSTEMPATH\BaseModel.php(658): CodeIgniter\Model->insert([...], false)
 9 APPPATH\Controllers\EmployeeLevelController.php(90): CodeIgniter\BaseModel->save([...])
10 SYSTEMPATH\CodeIgniter.php(907): App\Controllers\EmployeeLevelController->create()
11 SYSTEMPATH\CodeIgniter.php(457): CodeIgniter\CodeIgniter->runController(Object(App\Controllers\EmployeeLevelController))
12 SYSTEMPATH\CodeIgniter.php(340): CodeIgniter\CodeIgniter->handleRequest(null, Object(Config\Cache), false)
13 FCPATH\index.php(73): CodeIgniter\CodeIgniter->run()
14 SYSTEMPATH\Commands\Server\rewrite.php(43): require_once('FCPATH\\index.php')
CRITICAL - 2022-09-16 16:37:38 --> Call to a member function findAll() on null
in APPPATH\Controllers\EmployeeController.php on line 16.
 1 SYSTEMPATH\CodeIgniter.php(907): App\Controllers\EmployeeController->index()
 2 SYSTEMPATH\CodeIgniter.php(457): CodeIgniter\CodeIgniter->runController(Object(App\Controllers\EmployeeController))
 3 SYSTEMPATH\CodeIgniter.php(340): CodeIgniter\CodeIgniter->handleRequest(null, Object(Config\Cache), false)
 4 FCPATH\index.php(73): CodeIgniter\CodeIgniter->run()
 5 SYSTEMPATH\Commands\Server\rewrite.php(43): require_once('FCPATH\\index.php')
ERROR - 2022-09-16 16:41:28 --> mysqli_sql_exception: Duplicate entry '0' for key 'PRIMARY' in C:\laragon\www\erp\vendor\codeigniter4\framework\system\Database\MySQLi\Connection.php:292
Stack trace:
#0 C:\laragon\www\erp\vendor\codeigniter4\framework\system\Database\MySQLi\Connection.php(292): mysqli->query('INSERT INTO `em...', 0)
#1 C:\laragon\www\erp\vendor\codeigniter4\framework\system\Database\BaseConnection.php(693): CodeIgniter\Database\MySQLi\Connection->execute('INSERT INTO `em...')
#2 C:\laragon\www\erp\vendor\codeigniter4\framework\system\Database\BaseConnection.php(620): CodeIgniter\Database\BaseConnection->simpleQuery('INSERT INTO `em...')
#3 C:\laragon\www\erp\vendor\codeigniter4\framework\system\Database\BaseBuilder.php(1916): CodeIgniter\Database\BaseConnection->query('INSERT INTO `em...', Array, false)
#4 C:\laragon\www\erp\vendor\codeigniter4\framework\system\Model.php(279): CodeIgniter\Database\BaseBuilder->insert()
#5 C:\laragon\www\erp\vendor\codeigniter4\framework\system\BaseModel.php(738): CodeIgniter\Model->doInsert(Array)
#6 C:\laragon\www\erp\vendor\codeigniter4\framework\system\Model.php(667): CodeIgniter\BaseModel->insert(Array, false)
#7 C:\laragon\www\erp\vendor\codeigniter4\framework\system\BaseModel.php(658): CodeIgniter\Model->insert(Array, false)
#8 C:\laragon\www\erp\app\Controllers\EmployeeLevelController.php(90): CodeIgniter\BaseModel->save(Array)
#9 C:\laragon\www\erp\vendor\codeigniter4\framework\system\CodeIgniter.php(907): App\Controllers\EmployeeLevelController->create()
#10 C:\laragon\www\erp\vendor\codeigniter4\framework\system\CodeIgniter.php(457): CodeIgniter\CodeIgniter->runController(Object(App\Controllers\EmployeeLevelController))
#11 C:\laragon\www\erp\vendor\codeigniter4\framework\system\CodeIgniter.php(340): CodeIgniter\CodeIgniter->handleRequest(NULL, Object(Config\Cache), false)
#12 C:\laragon\www\erp\public\index.php(73): CodeIgniter\CodeIgniter->run()
#13 C:\laragon\www\erp\vendor\codeigniter4\framework\system\Commands\Server\rewrite.php(43): require_once('C:\\laragon\\www\\...')
#14 {main}
CRITICAL - 2022-09-16 16:41:28 --> Duplicate entry '0' for key 'PRIMARY'
in SYSTEMPATH\Database\MySQLi\Connection.php on line 292.
 1 SYSTEMPATH\Database\MySQLi\Connection.php(292): mysqli->query('INSERT INTO `employeelevel` (`description`, `id`, `created_at`, `updated_at`) VALUES (\'Level 1\', \'EL-00000000003\', \'2022-09-16 16:41:28\', \'2022-09-16 16:41:28\')', 0)
 2 SYSTEMPATH\Database\BaseConnection.php(693): CodeIgniter\Database\MySQLi\Connection->execute('INSERT INTO `employeelevel` (`description`, `id`, `created_at`, `updated_at`) VALUES (\'Level 1\', \'EL-00000000003\', \'2022-09-16 16:41:28\', \'2022-09-16 16:41:28\')')
 3 SYSTEMPATH\Database\BaseConnection.php(620): CodeIgniter\Database\BaseConnection->simpleQuery('INSERT INTO `employeelevel` (`description`, `id`, `created_at`, `updated_at`) VALUES (\'Level 1\', \'EL-00000000003\', \'2022-09-16 16:41:28\', \'2022-09-16 16:41:28\')')
 4 SYSTEMPATH\Database\BaseBuilder.php(1916): CodeIgniter\Database\BaseConnection->query('INSERT INTO `employeelevel` (`description`, `id`, `created_at`, `updated_at`) VALUES (:description:, :id.1:, :created_at:, :updated_at:)', [...], false)
 5 SYSTEMPATH\Model.php(279): CodeIgniter\Database\BaseBuilder->insert()
 6 SYSTEMPATH\BaseModel.php(738): CodeIgniter\Model->doInsert([...])
 7 SYSTEMPATH\Model.php(667): CodeIgniter\BaseModel->insert([...], false)
 8 SYSTEMPATH\BaseModel.php(658): CodeIgniter\Model->insert([...], false)
 9 APPPATH\Controllers\EmployeeLevelController.php(90): CodeIgniter\BaseModel->save([...])
10 SYSTEMPATH\CodeIgniter.php(907): App\Controllers\EmployeeLevelController->create()
11 SYSTEMPATH\CodeIgniter.php(457): CodeIgniter\CodeIgniter->runController(Object(App\Controllers\EmployeeLevelController))
12 SYSTEMPATH\CodeIgniter.php(340): CodeIgniter\CodeIgniter->handleRequest(null, Object(Config\Cache), false)
13 FCPATH\index.php(73): CodeIgniter\CodeIgniter->run()
14 SYSTEMPATH\Commands\Server\rewrite.php(43): require_once('FCPATH\\index.php')
ERROR - 2022-09-16 16:41:35 --> mysqli_sql_exception: Duplicate entry '0' for key 'PRIMARY' in C:\laragon\www\erp\vendor\codeigniter4\framework\system\Database\MySQLi\Connection.php:292
Stack trace:
#0 C:\laragon\www\erp\vendor\codeigniter4\framework\system\Database\MySQLi\Connection.php(292): mysqli->query('INSERT INTO `em...', 0)
#1 C:\laragon\www\erp\vendor\codeigniter4\framework\system\Database\BaseConnection.php(693): CodeIgniter\Database\MySQLi\Connection->execute('INSERT INTO `em...')
#2 C:\laragon\www\erp\vendor\codeigniter4\framework\system\Database\BaseConnection.php(620): CodeIgniter\Database\BaseConnection->simpleQuery('INSERT INTO `em...')
#3 C:\laragon\www\erp\vendor\codeigniter4\framework\system\Database\BaseBuilder.php(1916): CodeIgniter\Database\BaseConnection->query('INSERT INTO `em...', Array, false)
#4 C:\laragon\www\erp\vendor\codeigniter4\framework\system\Model.php(279): CodeIgniter\Database\BaseBuilder->insert()
#5 C:\laragon\www\erp\vendor\codeigniter4\framework\system\BaseModel.php(738): CodeIgniter\Model->doInsert(Array)
#6 C:\laragon\www\erp\vendor\codeigniter4\framework\system\Model.php(667): CodeIgniter\BaseModel->insert(Array, false)
#7 C:\laragon\www\erp\vendor\codeigniter4\framework\system\BaseModel.php(658): CodeIgniter\Model->insert(Array, false)
#8 C:\laragon\www\erp\app\Controllers\EmployeeLevelController.php(90): CodeIgniter\BaseModel->save(Array)
#9 C:\laragon\www\erp\vendor\codeigniter4\framework\system\CodeIgniter.php(907): App\Controllers\EmployeeLevelController->create()
#10 C:\laragon\www\erp\vendor\codeigniter4\framework\system\CodeIgniter.php(457): CodeIgniter\CodeIgniter->runController(Object(App\Controllers\EmployeeLevelController))
#11 C:\laragon\www\erp\vendor\codeigniter4\framework\system\CodeIgniter.php(340): CodeIgniter\CodeIgniter->handleRequest(NULL, Object(Config\Cache), false)
#12 C:\laragon\www\erp\public\index.php(73): CodeIgniter\CodeIgniter->run()
#13 C:\laragon\www\erp\vendor\codeigniter4\framework\system\Commands\Server\rewrite.php(43): require_once('C:\\laragon\\www\\...')
#14 {main}
CRITICAL - 2022-09-16 16:41:35 --> Duplicate entry '0' for key 'PRIMARY'
in SYSTEMPATH\Database\MySQLi\Connection.php on line 292.
 1 SYSTEMPATH\Database\MySQLi\Connection.php(292): mysqli->query('INSERT INTO `employeelevel` (`description`, `id`, `created_at`, `updated_at`) VALUES (\'Level 1\', \'EL-00000000003\', \'2022-09-16 16:41:35\', \'2022-09-16 16:41:35\')', 0)
 2 SYSTEMPATH\Database\BaseConnection.php(693): CodeIgniter\Database\MySQLi\Connection->execute('INSERT INTO `employeelevel` (`description`, `id`, `created_at`, `updated_at`) VALUES (\'Level 1\', \'EL-00000000003\', \'2022-09-16 16:41:35\', \'2022-09-16 16:41:35\')')
 3 SYSTEMPATH\Database\BaseConnection.php(620): CodeIgniter\Database\BaseConnection->simpleQuery('INSERT INTO `employeelevel` (`description`, `id`, `created_at`, `updated_at`) VALUES (\'Level 1\', \'EL-00000000003\', \'2022-09-16 16:41:35\', \'2022-09-16 16:41:35\')')
 4 SYSTEMPATH\Database\BaseBuilder.php(1916): CodeIgniter\Database\BaseConnection->query('INSERT INTO `employeelevel` (`description`, `id`, `created_at`, `updated_at`) VALUES (:description:, :id.1:, :created_at:, :updated_at:)', [...], false)
 5 SYSTEMPATH\Model.php(279): CodeIgniter\Database\BaseBuilder->insert()
 6 SYSTEMPATH\BaseModel.php(738): CodeIgniter\Model->doInsert([...])
 7 SYSTEMPATH\Model.php(667): CodeIgniter\BaseModel->insert([...], false)
 8 SYSTEMPATH\BaseModel.php(658): CodeIgniter\Model->insert([...], false)
 9 APPPATH\Controllers\EmployeeLevelController.php(90): CodeIgniter\BaseModel->save([...])
10 SYSTEMPATH\CodeIgniter.php(907): App\Controllers\EmployeeLevelController->create()
11 SYSTEMPATH\CodeIgniter.php(457): CodeIgniter\CodeIgniter->runController(Object(App\Controllers\EmployeeLevelController))
12 SYSTEMPATH\CodeIgniter.php(340): CodeIgniter\CodeIgniter->handleRequest(null, Object(Config\Cache), false)
13 FCPATH\index.php(73): CodeIgniter\CodeIgniter->run()
14 SYSTEMPATH\Commands\Server\rewrite.php(43): require_once('FCPATH\\index.php')
